#-----------------------------------------------------------
# Vivado v2019.2 (64-bit)
# SW Build 2708876 on Wed Nov  6 21:39:14 MST 2019
# IP Build 2700528 on Thu Nov  7 00:09:20 MST 2019
# Start of session at: Tue Apr  7 17:18:03 2020
# Process ID: 83574
# Current directory: /run/media/fnavarro/Datos/fnavarro/6to/Tecnicas Digitales IV/Practicos/Entrenamiento
# Command line: vivado
# Log file: /run/media/fnavarro/Datos/fnavarro/6to/Tecnicas Digitales IV/Practicos/Entrenamiento/vivado.log
# Journal file: /run/media/fnavarro/Datos/fnavarro/6to/Tecnicas Digitales IV/Practicos/Entrenamiento/vivado.jou
#-----------------------------------------------------------
start_gui
WARNING: [Board 49-26] cannot add Board Part digilentinc.com:genesys2:part0:1.1 available at /home/fnavarro/.Xilinx/Vivado/2019.2/xhub/board_store/XilinxBoardStore/Vivado/2019.2/boards/Digilent/genesys2/H/1.1/board.xml as part xc7k325tffg900-2 specified in board_part file is either invalid or not available
WARNING: [Board 49-26] cannot add Board Part digilentinc.com:sword:part0:1.0 available at /home/fnavarro/.Xilinx/Vivado/2019.2/xhub/board_store/XilinxBoardStore/Vivado/2019.2/boards/Digilent/sword/C.0/1.0/board.xml as part xc7k325tffg900-2 specified in board_part file is either invalid or not available
WARNING: [Board 49-26] cannot add Board Part trenz.biz:te0808_15eg_1e:part0:3.0 available at /home/fnavarro/.Xilinx/Vivado/2019.2/xhub/board_store/XilinxBoardStore/Vivado/2019.2/boards/Trenz_Electronic/TE0808_15EG_1E/3.0/3.0/board.xml as part xczu15eg-ffvc900-1-e specified in board_part file is either invalid or not available
WARNING: [Board 49-26] cannot add Board Part trenz.biz:te0808_15eg_1e_tebf0808:part0:4.0 available at /home/fnavarro/.Xilinx/Vivado/2019.2/xhub/board_store/XilinxBoardStore/Vivado/2019.2/boards/Trenz_Electronic/TE0808_15EG_1E/4.0/4.0/board.xml as part xczu15eg-ffvc900-1-e specified in board_part file is either invalid or not available
WARNING: [Board 49-26] cannot add Board Part trenz.biz:te0808_6eg_1e:part0:3.0 available at /home/fnavarro/.Xilinx/Vivado/2019.2/xhub/board_store/XilinxBoardStore/Vivado/2019.2/boards/Trenz_Electronic/TE0808_6EG_1E/3.0/3.0/board.xml as part xczu6eg-ffvc900-1-e specified in board_part file is either invalid or not available
WARNING: [Board 49-26] cannot add Board Part trenz.biz:te0808_6eg_1e_tebf0808:part0:4.0 available at /home/fnavarro/.Xilinx/Vivado/2019.2/xhub/board_store/XilinxBoardStore/Vivado/2019.2/boards/Trenz_Electronic/TE0808_6EG_1E/4.0/4.0/board.xml as part xczu6eg-ffvc900-1-e specified in board_part file is either invalid or not available
WARNING: [Board 49-26] cannot add Board Part trenz.biz:te0808_9eg_1e:part0:1.0 available at /home/fnavarro/.Xilinx/Vivado/2019.2/xhub/board_store/XilinxBoardStore/Vivado/2019.2/boards/Trenz_Electronic/TE0808_9EG_1E/1.0/1.0/board.xml as part xczu9eg-ffvc900-1-e specified in board_part file is either invalid or not available
WARNING: [Board 49-26] cannot add Board Part trenz.biz:te0808_9eg_1e:part0:3.0 available at /home/fnavarro/.Xilinx/Vivado/2019.2/xhub/board_store/XilinxBoardStore/Vivado/2019.2/boards/Trenz_Electronic/TE0808_9EG_1E/3.0/3.0/board.xml as part xczu9eg-ffvc900-1-e specified in board_part file is either invalid or not available
WARNING: [Board 49-26] cannot add Board Part trenz.biz:te0808_9eg_1e_tebf0808:part0:2.0 available at /home/fnavarro/.Xilinx/Vivado/2019.2/xhub/board_store/XilinxBoardStore/Vivado/2019.2/boards/Trenz_Electronic/TE0808_9EG_1E/2.0/2.0/board.xml as part xczu9eg-ffvc900-1-e specified in board_part file is either invalid or not available
WARNING: [Board 49-26] cannot add Board Part trenz.biz:te0808_9eg_1e_tebf0808:part0:4.0 available at /home/fnavarro/.Xilinx/Vivado/2019.2/xhub/board_store/XilinxBoardStore/Vivado/2019.2/boards/Trenz_Electronic/TE0808_9EG_1E/4.0/4.0/board.xml as part xczu9eg-ffvc900-1-e specified in board_part file is either invalid or not available
WARNING: [Board 49-26] cannot add Board Part trenz.biz:te0808_9eg_2i:part0:3.0 available at /home/fnavarro/.Xilinx/Vivado/2019.2/xhub/board_store/XilinxBoardStore/Vivado/2019.2/boards/Trenz_Electronic/TE0808_9EG_2I/3.0/3.0/board.xml as part xczu9eg-ffvc900-2-i specified in board_part file is either invalid or not available
WARNING: [Board 49-26] cannot add Board Part trenz.biz:te0808_9eg_2i_tebf0808:part0:4.0 available at /home/fnavarro/.Xilinx/Vivado/2019.2/xhub/board_store/XilinxBoardStore/Vivado/2019.2/boards/Trenz_Electronic/TE0808_9EG_2I/4.0/4.0/board.xml as part xczu9eg-ffvc900-2-i specified in board_part file is either invalid or not available
WARNING: [Board 49-26] cannot add Board Part trenz.biz:teb0911_9eg_1e:part0:1.0 available at /home/fnavarro/.Xilinx/Vivado/2019.2/xhub/board_store/XilinxBoardStore/Vivado/2019.2/boards/Trenz_Electronic/TEB0911_9EG_1E/1.0/1.0/board.xml as part xczu9eg-ffvb1156-1-e specified in board_part file is either invalid or not available
WARNING: [Board 49-26] cannot add Board Part trenz.biz:tec0850_15eg_1e:part0:1.0 available at /home/fnavarro/.Xilinx/Vivado/2019.2/xhub/board_store/XilinxBoardStore/Vivado/2019.2/boards/Trenz_Electronic/TEC0850_15EG_1E/1.0/1.0/board.xml as part xczu15eg-ffvb1156-1-e specified in board_part file is either invalid or not available
WARNING: [Board 49-26] cannot add Board Part xilinx.com:au280_es1:part0:1.0 available at /home/fnavarro/.Xilinx/Vivado/2019.2/xhub/board_store/XilinxBoardStore/Vivado/2019.2/boards/Xilinx/au280/es1/1.0/1.0/board.xml as part xcu280-fsvh2892-2l-e-es1 specified in board_part file is either invalid or not available
WARNING: [Board 49-26] cannot add Board Part xilinx.com:au280_es1:part0:1.1 available at /home/fnavarro/.Xilinx/Vivado/2019.2/xhub/board_store/XilinxBoardStore/Vivado/2019.2/boards/Xilinx/au280/es1/1.1/1.1/board.xml as part xcu280-fsvh2892-2l-e-es1 specified in board_part file is either invalid or not available
WARNING: [Board 49-26] cannot add Board Part xilinx.com:kc705:part0:1.6 available at /home/fnavarro/.Xilinx/Vivado/2019.2/xhub/board_store/XilinxBoardStore/Vivado/2019.2/boards/Xilinx/kc705/1.6/1.6/board.xml as part xc7k325tffg900-2 specified in board_part file is either invalid or not available
WARNING: [Board 49-26] cannot add Board Part xilinx.com:kcu105:part0:1.6 available at /home/fnavarro/.Xilinx/Vivado/2019.2/xhub/board_store/XilinxBoardStore/Vivado/2019.2/boards/Xilinx/kcu105/1.6/1.6/board.xml as part xcku040-ffva1156-2-e specified in board_part file is either invalid or not available
WARNING: [Board 49-26] cannot add Board Part xilinx.com:kcu1500:part0:1.2 available at /home/fnavarro/.Xilinx/Vivado/2019.2/xhub/board_store/XilinxBoardStore/Vivado/2019.2/boards/Xilinx/kcu1500/1.2/1.2/board.xml as part xcku115-flvb2104-2-e specified in board_part file is either invalid or not available
WARNING: [Board 49-26] cannot add Board Part xilinx.com:vc707:part0:1.4 available at /home/fnavarro/.Xilinx/Vivado/2019.2/xhub/board_store/XilinxBoardStore/Vivado/2019.2/boards/Xilinx/vc707/1.4/1.4/board.xml as part xc7vx485tffg1761-2 specified in board_part file is either invalid or not available
WARNING: [Board 49-26] cannot add Board Part xilinx.com:vc709:part0:1.8 available at /home/fnavarro/.Xilinx/Vivado/2019.2/xhub/board_store/XilinxBoardStore/Vivado/2019.2/boards/Xilinx/vc709/1.8/1.8/board.xml as part xc7vx690tffg1761-2 specified in board_part file is either invalid or not available
WARNING: [Board 49-26] cannot add Board Part xilinx.com:vcu108:part0:1.6 available at /home/fnavarro/.Xilinx/Vivado/2019.2/xhub/board_store/XilinxBoardStore/Vivado/2019.2/boards/Xilinx/vcu108/1.6/1.6/board.xml as part xcvu095-ffva2104-2-e specified in board_part file is either invalid or not available
WARNING: [Board 49-26] cannot add Board Part xilinx.com:vcu110:part0:1.4 available at /home/fnavarro/.Xilinx/Vivado/2019.2/xhub/board_store/XilinxBoardStore/Vivado/2019.2/boards/Xilinx/vcu110/1.4/1.4/board.xml as part xcvu190-flgc2104-2-e specified in board_part file is either invalid or not available
WARNING: [Board 49-26] cannot add Board Part xilinx.com:vcu118:part0:2.0 available at /home/fnavarro/.Xilinx/Vivado/2019.2/xhub/board_store/XilinxBoardStore/Vivado/2019.2/boards/Xilinx/vcu118/2.0/2.0/board.xml as part xcvu9p-flga2104-2l-e specified in board_part file is either invalid or not available
WARNING: [Board 49-26] cannot add Board Part xilinx.com:vcu118:part0:2.3 available at /home/fnavarro/.Xilinx/Vivado/2019.2/xhub/board_store/XilinxBoardStore/Vivado/2019.2/boards/Xilinx/vcu118/2.3/2.3/board.xml as part xcvu9p-flga2104-2l-e specified in board_part file is either invalid or not available
WARNING: [Board 49-26] cannot add Board Part xilinx.com:vcu128:part0:1.0 available at /home/fnavarro/.Xilinx/Vivado/2019.2/xhub/board_store/XilinxBoardStore/Vivado/2019.2/boards/Xilinx/vcu128/production/1.0/1.0/board.xml as part xcvu37p-fsvh2892-2l-e specified in board_part file is either invalid or not available
WARNING: [Board 49-26] cannot add Board Part xilinx.com:vcu128_es:part0:1.0 available at /home/fnavarro/.Xilinx/Vivado/2019.2/xhub/board_store/XilinxBoardStore/Vivado/2019.2/boards/Xilinx/vcu128/es/1.0/1.0/board.xml as part xcvu37p-fsvh2892-2l-e-es1 specified in board_part file is either invalid or not available
WARNING: [Board 49-26] cannot add Board Part xilinx.com:vcu128_es:part0:1.1 available at /home/fnavarro/.Xilinx/Vivado/2019.2/xhub/board_store/XilinxBoardStore/Vivado/2019.2/boards/Xilinx/vcu128/es/1.1/1.1/board.xml as part xcvu37p-fsvh2892-2l-e-es1 specified in board_part file is either invalid or not available
WARNING: [Board 49-26] cannot add Board Part xilinx.com:vcu129:part0:1.0 available at /home/fnavarro/.Xilinx/Vivado/2019.2/xhub/board_store/XilinxBoardStore/Vivado/2019.2/boards/Xilinx/vcu129/production/1.0/1.0/board.xml as part xcvu29p-fsga2577-2l-e specified in board_part file is either invalid or not available
WARNING: [Board 49-26] cannot add Board Part xilinx.com:vcu129_es:part0:1.0 available at /home/fnavarro/.Xilinx/Vivado/2019.2/xhub/board_store/XilinxBoardStore/Vivado/2019.2/boards/Xilinx/vcu129/es/1.0/1.0/board.xml as part xcvu29p-fsga2577-2l-e-es1 specified in board_part file is either invalid or not available
WARNING: [Board 49-26] cannot add Board Part xilinx.com:vcu1525:part0:1.3 available at /home/fnavarro/.Xilinx/Vivado/2019.2/xhub/board_store/XilinxBoardStore/Vivado/2019.2/boards/Xilinx/vcu1525/1.3/1.3/board.xml as part xcvu9p-fsgd2104-2l-e specified in board_part file is either invalid or not available
WARNING: [Board 49-26] cannot add Board Part xilinx.com:zc706:part0:1.4 available at /home/fnavarro/.Xilinx/Vivado/2019.2/xhub/board_store/XilinxBoardStore/Vivado/2019.2/boards/Xilinx/zc706/1.4/1.4/board.xml as part xc7z045ffg900-2 specified in board_part file is either invalid or not available
WARNING: [Board 49-26] cannot add Board Part xilinx.com:zcu102:part0:3.3 available at /home/fnavarro/.Xilinx/Vivado/2019.2/xhub/board_store/XilinxBoardStore/Vivado/2019.2/boards/Xilinx/zcu102/3.3/3.3/board.xml as part xczu9eg-ffvb1156-2-e specified in board_part file is either invalid or not available
WARNING: [Board 49-26] cannot add Board Part xilinx.com:zcu111:part0:1.2 available at /home/fnavarro/.Xilinx/Vivado/2019.2/xhub/board_store/XilinxBoardStore/Vivado/2019.2/boards/Xilinx/zcu111/1.2/1.2/board.xml as part xczu28dr-ffvg1517-2-e specified in board_part file is either invalid or not available
WARNING: [Board 49-26] cannot add Board Part xilinx.com:zcu1275:part0:1.0 available at /home/fnavarro/.Xilinx/Vivado/2019.2/xhub/board_store/XilinxBoardStore/Vivado/2019.2/boards/Xilinx/zcu1275/1.0/1.0/board.xml as part xczu29dr-ffvf1760-2-e specified in board_part file is either invalid or not available
WARNING: [Board 49-26] cannot add Board Part xilinx.com:zcu1285:part0:1.0 available at /home/fnavarro/.Xilinx/Vivado/2019.2/xhub/board_store/XilinxBoardStore/Vivado/2019.2/boards/Xilinx/zcu1285/1.0/1.0/board.xml as part xczu39dr-ffvf1760-2-i specified in board_part file is either invalid or not available
WARNING: [Board 49-26] cannot add Board Part xilinx.com:zcu216_es:part0:1.0 available at /home/fnavarro/.Xilinx/Vivado/2019.2/xhub/board_store/XilinxBoardStore/Vivado/2019.2/boards/Xilinx/zcu216/1.0/1.0/board.xml as part xczu49dr-ffvf1760-2-e-es1 specified in board_part file is either invalid or not available
WARNING: [Board 49-26] cannot add Board Part digilentinc.com:genesys2:part0:1.1 available at /home/fnavarro/.Xilinx/Vivado/2019.2/xhub/board_store/XilinxBoardStore/Vivado/2019.2/boards/Digilent/genesys2/H/1.1/board.xml as part xc7k325tffg900-2 specified in board_part file is either invalid or not available
WARNING: [Board 49-26] cannot add Board Part digilentinc.com:sword:part0:1.0 available at /home/fnavarro/.Xilinx/Vivado/2019.2/xhub/board_store/XilinxBoardStore/Vivado/2019.2/boards/Digilent/sword/C.0/1.0/board.xml as part xc7k325tffg900-2 specified in board_part file is either invalid or not available
WARNING: [Board 49-26] cannot add Board Part trenz.biz:te0808_15eg_1e:part0:3.0 available at /home/fnavarro/.Xilinx/Vivado/2019.2/xhub/board_store/XilinxBoardStore/Vivado/2019.2/boards/Trenz_Electronic/TE0808_15EG_1E/3.0/3.0/board.xml as part xczu15eg-ffvc900-1-e specified in board_part file is either invalid or not available
WARNING: [Board 49-26] cannot add Board Part trenz.biz:te0808_15eg_1e_tebf0808:part0:4.0 available at /home/fnavarro/.Xilinx/Vivado/2019.2/xhub/board_store/XilinxBoardStore/Vivado/2019.2/boards/Trenz_Electronic/TE0808_15EG_1E/4.0/4.0/board.xml as part xczu15eg-ffvc900-1-e specified in board_part file is either invalid or not available
WARNING: [Board 49-26] cannot add Board Part trenz.biz:te0808_6eg_1e:part0:3.0 available at /home/fnavarro/.Xilinx/Vivado/2019.2/xhub/board_store/XilinxBoardStore/Vivado/2019.2/boards/Trenz_Electronic/TE0808_6EG_1E/3.0/3.0/board.xml as part xczu6eg-ffvc900-1-e specified in board_part file is either invalid or not available
WARNING: [Board 49-26] cannot add Board Part trenz.biz:te0808_6eg_1e_tebf0808:part0:4.0 available at /home/fnavarro/.Xilinx/Vivado/2019.2/xhub/board_store/XilinxBoardStore/Vivado/2019.2/boards/Trenz_Electronic/TE0808_6EG_1E/4.0/4.0/board.xml as part xczu6eg-ffvc900-1-e specified in board_part file is either invalid or not available
WARNING: [Board 49-26] cannot add Board Part trenz.biz:te0808_9eg_1e:part0:1.0 available at /home/fnavarro/.Xilinx/Vivado/2019.2/xhub/board_store/XilinxBoardStore/Vivado/2019.2/boards/Trenz_Electronic/TE0808_9EG_1E/1.0/1.0/board.xml as part xczu9eg-ffvc900-1-e specified in board_part file is either invalid or not available
WARNING: [Board 49-26] cannot add Board Part trenz.biz:te0808_9eg_1e:part0:3.0 available at /home/fnavarro/.Xilinx/Vivado/2019.2/xhub/board_store/XilinxBoardStore/Vivado/2019.2/boards/Trenz_Electronic/TE0808_9EG_1E/3.0/3.0/board.xml as part xczu9eg-ffvc900-1-e specified in board_part file is either invalid or not available
WARNING: [Board 49-26] cannot add Board Part trenz.biz:te0808_9eg_1e_tebf0808:part0:2.0 available at /home/fnavarro/.Xilinx/Vivado/2019.2/xhub/board_store/XilinxBoardStore/Vivado/2019.2/boards/Trenz_Electronic/TE0808_9EG_1E/2.0/2.0/board.xml as part xczu9eg-ffvc900-1-e specified in board_part file is either invalid or not available
WARNING: [Board 49-26] cannot add Board Part trenz.biz:te0808_9eg_1e_tebf0808:part0:4.0 available at /home/fnavarro/.Xilinx/Vivado/2019.2/xhub/board_store/XilinxBoardStore/Vivado/2019.2/boards/Trenz_Electronic/TE0808_9EG_1E/4.0/4.0/board.xml as part xczu9eg-ffvc900-1-e specified in board_part file is either invalid or not available
WARNING: [Board 49-26] cannot add Board Part trenz.biz:te0808_9eg_2i:part0:3.0 available at /home/fnavarro/.Xilinx/Vivado/2019.2/xhub/board_store/XilinxBoardStore/Vivado/2019.2/boards/Trenz_Electronic/TE0808_9EG_2I/3.0/3.0/board.xml as part xczu9eg-ffvc900-2-i specified in board_part file is either invalid or not available
WARNING: [Board 49-26] cannot add Board Part trenz.biz:te0808_9eg_2i_tebf0808:part0:4.0 available at /home/fnavarro/.Xilinx/Vivado/2019.2/xhub/board_store/XilinxBoardStore/Vivado/2019.2/boards/Trenz_Electronic/TE0808_9EG_2I/4.0/4.0/board.xml as part xczu9eg-ffvc900-2-i specified in board_part file is either invalid or not available
WARNING: [Board 49-26] cannot add Board Part trenz.biz:teb0911_9eg_1e:part0:1.0 available at /home/fnavarro/.Xilinx/Vivado/2019.2/xhub/board_store/XilinxBoardStore/Vivado/2019.2/boards/Trenz_Electronic/TEB0911_9EG_1E/1.0/1.0/board.xml as part xczu9eg-ffvb1156-1-e specified in board_part file is either invalid or not available
WARNING: [Board 49-26] cannot add Board Part trenz.biz:tec0850_15eg_1e:part0:1.0 available at /home/fnavarro/.Xilinx/Vivado/2019.2/xhub/board_store/XilinxBoardStore/Vivado/2019.2/boards/Trenz_Electronic/TEC0850_15EG_1E/1.0/1.0/board.xml as part xczu15eg-ffvb1156-1-e specified in board_part file is either invalid or not available
WARNING: [Board 49-26] cannot add Board Part xilinx.com:au280_es1:part0:1.0 available at /home/fnavarro/.Xilinx/Vivado/2019.2/xhub/board_store/XilinxBoardStore/Vivado/2019.2/boards/Xilinx/au280/es1/1.0/1.0/board.xml as part xcu280-fsvh2892-2l-e-es1 specified in board_part file is either invalid or not available
WARNING: [Board 49-26] cannot add Board Part xilinx.com:au280_es1:part0:1.1 available at /home/fnavarro/.Xilinx/Vivado/2019.2/xhub/board_store/XilinxBoardStore/Vivado/2019.2/boards/Xilinx/au280/es1/1.1/1.1/board.xml as part xcu280-fsvh2892-2l-e-es1 specified in board_part file is either invalid or not available
WARNING: [Board 49-26] cannot add Board Part xilinx.com:kc705:part0:1.6 available at /home/fnavarro/.Xilinx/Vivado/2019.2/xhub/board_store/XilinxBoardStore/Vivado/2019.2/boards/Xilinx/kc705/1.6/1.6/board.xml as part xc7k325tffg900-2 specified in board_part file is either invalid or not available
WARNING: [Board 49-26] cannot add Board Part xilinx.com:kcu105:part0:1.6 available at /home/fnavarro/.Xilinx/Vivado/2019.2/xhub/board_store/XilinxBoardStore/Vivado/2019.2/boards/Xilinx/kcu105/1.6/1.6/board.xml as part xcku040-ffva1156-2-e specified in board_part file is either invalid or not available
WARNING: [Board 49-26] cannot add Board Part xilinx.com:kcu1500:part0:1.2 available at /home/fnavarro/.Xilinx/Vivado/2019.2/xhub/board_store/XilinxBoardStore/Vivado/2019.2/boards/Xilinx/kcu1500/1.2/1.2/board.xml as part xcku115-flvb2104-2-e specified in board_part file is either invalid or not available
WARNING: [Board 49-26] cannot add Board Part xilinx.com:vc707:part0:1.4 available at /home/fnavarro/.Xilinx/Vivado/2019.2/xhub/board_store/XilinxBoardStore/Vivado/2019.2/boards/Xilinx/vc707/1.4/1.4/board.xml as part xc7vx485tffg1761-2 specified in board_part file is either invalid or not available
WARNING: [Board 49-26] cannot add Board Part xilinx.com:vc709:part0:1.8 available at /home/fnavarro/.Xilinx/Vivado/2019.2/xhub/board_store/XilinxBoardStore/Vivado/2019.2/boards/Xilinx/vc709/1.8/1.8/board.xml as part xc7vx690tffg1761-2 specified in board_part file is either invalid or not available
WARNING: [Board 49-26] cannot add Board Part xilinx.com:vcu108:part0:1.6 available at /home/fnavarro/.Xilinx/Vivado/2019.2/xhub/board_store/XilinxBoardStore/Vivado/2019.2/boards/Xilinx/vcu108/1.6/1.6/board.xml as part xcvu095-ffva2104-2-e specified in board_part file is either invalid or not available
WARNING: [Board 49-26] cannot add Board Part xilinx.com:vcu110:part0:1.4 available at /home/fnavarro/.Xilinx/Vivado/2019.2/xhub/board_store/XilinxBoardStore/Vivado/2019.2/boards/Xilinx/vcu110/1.4/1.4/board.xml as part xcvu190-flgc2104-2-e specified in board_part file is either invalid or not available
WARNING: [Board 49-26] cannot add Board Part xilinx.com:vcu118:part0:2.0 available at /home/fnavarro/.Xilinx/Vivado/2019.2/xhub/board_store/XilinxBoardStore/Vivado/2019.2/boards/Xilinx/vcu118/2.0/2.0/board.xml as part xcvu9p-flga2104-2l-e specified in board_part file is either invalid or not available
WARNING: [Board 49-26] cannot add Board Part xilinx.com:vcu118:part0:2.3 available at /home/fnavarro/.Xilinx/Vivado/2019.2/xhub/board_store/XilinxBoardStore/Vivado/2019.2/boards/Xilinx/vcu118/2.3/2.3/board.xml as part xcvu9p-flga2104-2l-e specified in board_part file is either invalid or not available
WARNING: [Board 49-26] cannot add Board Part xilinx.com:vcu128:part0:1.0 available at /home/fnavarro/.Xilinx/Vivado/2019.2/xhub/board_store/XilinxBoardStore/Vivado/2019.2/boards/Xilinx/vcu128/production/1.0/1.0/board.xml as part xcvu37p-fsvh2892-2l-e specified in board_part file is either invalid or not available
WARNING: [Board 49-26] cannot add Board Part xilinx.com:vcu128_es:part0:1.0 available at /home/fnavarro/.Xilinx/Vivado/2019.2/xhub/board_store/XilinxBoardStore/Vivado/2019.2/boards/Xilinx/vcu128/es/1.0/1.0/board.xml as part xcvu37p-fsvh2892-2l-e-es1 specified in board_part file is either invalid or not available
WARNING: [Board 49-26] cannot add Board Part xilinx.com:vcu128_es:part0:1.1 available at /home/fnavarro/.Xilinx/Vivado/2019.2/xhub/board_store/XilinxBoardStore/Vivado/2019.2/boards/Xilinx/vcu128/es/1.1/1.1/board.xml as part xcvu37p-fsvh2892-2l-e-es1 specified in board_part file is either invalid or not available
WARNING: [Board 49-26] cannot add Board Part xilinx.com:vcu129:part0:1.0 available at /home/fnavarro/.Xilinx/Vivado/2019.2/xhub/board_store/XilinxBoardStore/Vivado/2019.2/boards/Xilinx/vcu129/production/1.0/1.0/board.xml as part xcvu29p-fsga2577-2l-e specified in board_part file is either invalid or not available
WARNING: [Board 49-26] cannot add Board Part xilinx.com:vcu129_es:part0:1.0 available at /home/fnavarro/.Xilinx/Vivado/2019.2/xhub/board_store/XilinxBoardStore/Vivado/2019.2/boards/Xilinx/vcu129/es/1.0/1.0/board.xml as part xcvu29p-fsga2577-2l-e-es1 specified in board_part file is either invalid or not available
WARNING: [Board 49-26] cannot add Board Part xilinx.com:vcu1525:part0:1.3 available at /home/fnavarro/.Xilinx/Vivado/2019.2/xhub/board_store/XilinxBoardStore/Vivado/2019.2/boards/Xilinx/vcu1525/1.3/1.3/board.xml as part xcvu9p-fsgd2104-2l-e specified in board_part file is either invalid or not available
WARNING: [Board 49-26] cannot add Board Part xilinx.com:zc706:part0:1.4 available at /home/fnavarro/.Xilinx/Vivado/2019.2/xhub/board_store/XilinxBoardStore/Vivado/2019.2/boards/Xilinx/zc706/1.4/1.4/board.xml as part xc7z045ffg900-2 specified in board_part file is either invalid or not available
WARNING: [Board 49-26] cannot add Board Part xilinx.com:zcu102:part0:3.3 available at /home/fnavarro/.Xilinx/Vivado/2019.2/xhub/board_store/XilinxBoardStore/Vivado/2019.2/boards/Xilinx/zcu102/3.3/3.3/board.xml as part xczu9eg-ffvb1156-2-e specified in board_part file is either invalid or not available
WARNING: [Board 49-26] cannot add Board Part xilinx.com:zcu111:part0:1.2 available at /home/fnavarro/.Xilinx/Vivado/2019.2/xhub/board_store/XilinxBoardStore/Vivado/2019.2/boards/Xilinx/zcu111/1.2/1.2/board.xml as part xczu28dr-ffvg1517-2-e specified in board_part file is either invalid or not available
WARNING: [Board 49-26] cannot add Board Part xilinx.com:zcu1275:part0:1.0 available at /home/fnavarro/.Xilinx/Vivado/2019.2/xhub/board_store/XilinxBoardStore/Vivado/2019.2/boards/Xilinx/zcu1275/1.0/1.0/board.xml as part xczu29dr-ffvf1760-2-e specified in board_part file is either invalid or not available
WARNING: [Board 49-26] cannot add Board Part xilinx.com:zcu1285:part0:1.0 available at /home/fnavarro/.Xilinx/Vivado/2019.2/xhub/board_store/XilinxBoardStore/Vivado/2019.2/boards/Xilinx/zcu1285/1.0/1.0/board.xml as part xczu39dr-ffvf1760-2-i specified in board_part file is either invalid or not available
WARNING: [Board 49-26] cannot add Board Part xilinx.com:zcu216_es:part0:1.0 available at /home/fnavarro/.Xilinx/Vivado/2019.2/xhub/board_store/XilinxBoardStore/Vivado/2019.2/boards/Xilinx/zcu216/1.0/1.0/board.xml as part xczu49dr-ffvf1760-2-e-es1 specified in board_part file is either invalid or not available
WARNING: [Board 49-26] cannot add Board Part digilentinc.com:genesys2:part0:1.1 available at /home/fnavarro/.Xilinx/Vivado/2019.2/xhub/board_store/XilinxBoardStore/Vivado/2019.2/boards/Digilent/genesys2/H/1.1/board.xml as part xc7k325tffg900-2 specified in board_part file is either invalid or not available
WARNING: [Board 49-26] cannot add Board Part digilentinc.com:sword:part0:1.0 available at /home/fnavarro/.Xilinx/Vivado/2019.2/xhub/board_store/XilinxBoardStore/Vivado/2019.2/boards/Digilent/sword/C.0/1.0/board.xml as part xc7k325tffg900-2 specified in board_part file is either invalid or not available
WARNING: [Board 49-26] cannot add Board Part trenz.biz:te0808_15eg_1e:part0:3.0 available at /home/fnavarro/.Xilinx/Vivado/2019.2/xhub/board_store/XilinxBoardStore/Vivado/2019.2/boards/Trenz_Electronic/TE0808_15EG_1E/3.0/3.0/board.xml as part xczu15eg-ffvc900-1-e specified in board_part file is either invalid or not available
WARNING: [Board 49-26] cannot add Board Part trenz.biz:te0808_15eg_1e_tebf0808:part0:4.0 available at /home/fnavarro/.Xilinx/Vivado/2019.2/xhub/board_store/XilinxBoardStore/Vivado/2019.2/boards/Trenz_Electronic/TE0808_15EG_1E/4.0/4.0/board.xml as part xczu15eg-ffvc900-1-e specified in board_part file is either invalid or not available
WARNING: [Board 49-26] cannot add Board Part trenz.biz:te0808_6eg_1e:part0:3.0 available at /home/fnavarro/.Xilinx/Vivado/2019.2/xhub/board_store/XilinxBoardStore/Vivado/2019.2/boards/Trenz_Electronic/TE0808_6EG_1E/3.0/3.0/board.xml as part xczu6eg-ffvc900-1-e specified in board_part file is either invalid or not available
WARNING: [Board 49-26] cannot add Board Part trenz.biz:te0808_6eg_1e_tebf0808:part0:4.0 available at /home/fnavarro/.Xilinx/Vivado/2019.2/xhub/board_store/XilinxBoardStore/Vivado/2019.2/boards/Trenz_Electronic/TE0808_6EG_1E/4.0/4.0/board.xml as part xczu6eg-ffvc900-1-e specified in board_part file is either invalid or not available
WARNING: [Board 49-26] cannot add Board Part trenz.biz:te0808_9eg_1e:part0:1.0 available at /home/fnavarro/.Xilinx/Vivado/2019.2/xhub/board_store/XilinxBoardStore/Vivado/2019.2/boards/Trenz_Electronic/TE0808_9EG_1E/1.0/1.0/board.xml as part xczu9eg-ffvc900-1-e specified in board_part file is either invalid or not available
WARNING: [Board 49-26] cannot add Board Part trenz.biz:te0808_9eg_1e:part0:3.0 available at /home/fnavarro/.Xilinx/Vivado/2019.2/xhub/board_store/XilinxBoardStore/Vivado/2019.2/boards/Trenz_Electronic/TE0808_9EG_1E/3.0/3.0/board.xml as part xczu9eg-ffvc900-1-e specified in board_part file is either invalid or not available
WARNING: [Board 49-26] cannot add Board Part trenz.biz:te0808_9eg_1e_tebf0808:part0:2.0 available at /home/fnavarro/.Xilinx/Vivado/2019.2/xhub/board_store/XilinxBoardStore/Vivado/2019.2/boards/Trenz_Electronic/TE0808_9EG_1E/2.0/2.0/board.xml as part xczu9eg-ffvc900-1-e specified in board_part file is either invalid or not available
WARNING: [Board 49-26] cannot add Board Part trenz.biz:te0808_9eg_1e_tebf0808:part0:4.0 available at /home/fnavarro/.Xilinx/Vivado/2019.2/xhub/board_store/XilinxBoardStore/Vivado/2019.2/boards/Trenz_Electronic/TE0808_9EG_1E/4.0/4.0/board.xml as part xczu9eg-ffvc900-1-e specified in board_part file is either invalid or not available
WARNING: [Board 49-26] cannot add Board Part trenz.biz:te0808_9eg_2i:part0:3.0 available at /home/fnavarro/.Xilinx/Vivado/2019.2/xhub/board_store/XilinxBoardStore/Vivado/2019.2/boards/Trenz_Electronic/TE0808_9EG_2I/3.0/3.0/board.xml as part xczu9eg-ffvc900-2-i specified in board_part file is either invalid or not available
WARNING: [Board 49-26] cannot add Board Part trenz.biz:te0808_9eg_2i_tebf0808:part0:4.0 available at /home/fnavarro/.Xilinx/Vivado/2019.2/xhub/board_store/XilinxBoardStore/Vivado/2019.2/boards/Trenz_Electronic/TE0808_9EG_2I/4.0/4.0/board.xml as part xczu9eg-ffvc900-2-i specified in board_part file is either invalid or not available
WARNING: [Board 49-26] cannot add Board Part trenz.biz:teb0911_9eg_1e:part0:1.0 available at /home/fnavarro/.Xilinx/Vivado/2019.2/xhub/board_store/XilinxBoardStore/Vivado/2019.2/boards/Trenz_Electronic/TEB0911_9EG_1E/1.0/1.0/board.xml as part xczu9eg-ffvb1156-1-e specified in board_part file is either invalid or not available
WARNING: [Board 49-26] cannot add Board Part trenz.biz:tec0850_15eg_1e:part0:1.0 available at /home/fnavarro/.Xilinx/Vivado/2019.2/xhub/board_store/XilinxBoardStore/Vivado/2019.2/boards/Trenz_Electronic/TEC0850_15EG_1E/1.0/1.0/board.xml as part xczu15eg-ffvb1156-1-e specified in board_part file is either invalid or not available
WARNING: [Board 49-26] cannot add Board Part xilinx.com:au280_es1:part0:1.0 available at /home/fnavarro/.Xilinx/Vivado/2019.2/xhub/board_store/XilinxBoardStore/Vivado/2019.2/boards/Xilinx/au280/es1/1.0/1.0/board.xml as part xcu280-fsvh2892-2l-e-es1 specified in board_part file is either invalid or not available
WARNING: [Board 49-26] cannot add Board Part xilinx.com:au280_es1:part0:1.1 available at /home/fnavarro/.Xilinx/Vivado/2019.2/xhub/board_store/XilinxBoardStore/Vivado/2019.2/boards/Xilinx/au280/es1/1.1/1.1/board.xml as part xcu280-fsvh2892-2l-e-es1 specified in board_part file is either invalid or not available
WARNING: [Board 49-26] cannot add Board Part xilinx.com:kc705:part0:1.6 available at /home/fnavarro/.Xilinx/Vivado/2019.2/xhub/board_store/XilinxBoardStore/Vivado/2019.2/boards/Xilinx/kc705/1.6/1.6/board.xml as part xc7k325tffg900-2 specified in board_part file is either invalid or not available
WARNING: [Board 49-26] cannot add Board Part xilinx.com:kcu105:part0:1.6 available at /home/fnavarro/.Xilinx/Vivado/2019.2/xhub/board_store/XilinxBoardStore/Vivado/2019.2/boards/Xilinx/kcu105/1.6/1.6/board.xml as part xcku040-ffva1156-2-e specified in board_part file is either invalid or not available
WARNING: [Board 49-26] cannot add Board Part xilinx.com:kcu1500:part0:1.2 available at /home/fnavarro/.Xilinx/Vivado/2019.2/xhub/board_store/XilinxBoardStore/Vivado/2019.2/boards/Xilinx/kcu1500/1.2/1.2/board.xml as part xcku115-flvb2104-2-e specified in board_part file is either invalid or not available
WARNING: [Board 49-26] cannot add Board Part xilinx.com:vc707:part0:1.4 available at /home/fnavarro/.Xilinx/Vivado/2019.2/xhub/board_store/XilinxBoardStore/Vivado/2019.2/boards/Xilinx/vc707/1.4/1.4/board.xml as part xc7vx485tffg1761-2 specified in board_part file is either invalid or not available
WARNING: [Board 49-26] cannot add Board Part xilinx.com:vc709:part0:1.8 available at /home/fnavarro/.Xilinx/Vivado/2019.2/xhub/board_store/XilinxBoardStore/Vivado/2019.2/boards/Xilinx/vc709/1.8/1.8/board.xml as part xc7vx690tffg1761-2 specified in board_part file is either invalid or not available
WARNING: [Board 49-26] cannot add Board Part xilinx.com:vcu108:part0:1.6 available at /home/fnavarro/.Xilinx/Vivado/2019.2/xhub/board_store/XilinxBoardStore/Vivado/2019.2/boards/Xilinx/vcu108/1.6/1.6/board.xml as part xcvu095-ffva2104-2-e specified in board_part file is either invalid or not available
WARNING: [Board 49-26] cannot add Board Part xilinx.com:vcu110:part0:1.4 available at /home/fnavarro/.Xilinx/Vivado/2019.2/xhub/board_store/XilinxBoardStore/Vivado/2019.2/boards/Xilinx/vcu110/1.4/1.4/board.xml as part xcvu190-flgc2104-2-e specified in board_part file is either invalid or not available
WARNING: [Board 49-26] cannot add Board Part xilinx.com:vcu118:part0:2.0 available at /home/fnavarro/.Xilinx/Vivado/2019.2/xhub/board_store/XilinxBoardStore/Vivado/2019.2/boards/Xilinx/vcu118/2.0/2.0/board.xml as part xcvu9p-flga2104-2l-e specified in board_part file is either invalid or not available
WARNING: [Board 49-26] cannot add Board Part xilinx.com:vcu118:part0:2.3 available at /home/fnavarro/.Xilinx/Vivado/2019.2/xhub/board_store/XilinxBoardStore/Vivado/2019.2/boards/Xilinx/vcu118/2.3/2.3/board.xml as part xcvu9p-flga2104-2l-e specified in board_part file is either invalid or not available
WARNING: [Board 49-26] cannot add Board Part xilinx.com:vcu128:part0:1.0 available at /home/fnavarro/.Xilinx/Vivado/2019.2/xhub/board_store/XilinxBoardStore/Vivado/2019.2/boards/Xilinx/vcu128/production/1.0/1.0/board.xml as part xcvu37p-fsvh2892-2l-e specified in board_part file is either invalid or not available
INFO: [Common 17-14] Message 'Board 49-26' appears 100 times and further instances of the messages will be disabled. Use the Tcl command set_msg_config to change the current settings.
xhub::refresh_catalog [xhub::get_xstores xilinx_board_store]
xhub::install [xhub::get_xitems -of_objects [xhub::get_xstores xilinx_board_store]]
INFO: [xhubtcl 76-32] Installing object 'em.avnet.com:xilinx_board_store:Ultra96:1.2' ...
INFO: [Common 17-1572] Object em.avnet.com:xilinx_board_store:Ultra96:1.2 has already been installed, skipping installation
INFO: [xhubtcl 76-32] Installing object 'em.avnet.com:xilinx_board_store:picozed_7010_fmc2:1.2' ...
INFO: [Common 17-1572] Object em.avnet.com:xilinx_board_store:picozed_7010_fmc2:1.2 has already been installed, skipping installation
INFO: [xhubtcl 76-32] Installing object 'digilentinc.com:xilinx_board_store:arty:1.1' ...
INFO: [Common 17-1572] Object digilentinc.com:xilinx_board_store:arty:1.1 has already been installed, skipping installation
INFO: [xhubtcl 76-32] Installing object 'digilentinc.com:xilinx_board_store:arty-a7-100:1.0' ...
INFO: [Common 17-1572] Object digilentinc.com:xilinx_board_store:arty-a7-100:1.0 has already been installed, skipping installation
INFO: [xhubtcl 76-32] Installing object 'digilentinc.com:xilinx_board_store:arty-a7-35:1.0' ...
INFO: [Common 17-1572] Object digilentinc.com:xilinx_board_store:arty-a7-35:1.0 has already been installed, skipping installation
INFO: [xhubtcl 76-32] Installing object 'digilentinc.com:xilinx_board_store:arty-s7-25:1.0' ...
INFO: [Common 17-1572] Object digilentinc.com:xilinx_board_store:arty-s7-25:1.0 has already been installed, skipping installation
INFO: [xhubtcl 76-32] Installing object 'digilentinc.com:xilinx_board_store:arty-s7-50:1.0' ...
INFO: [Common 17-1572] Object digilentinc.com:xilinx_board_store:arty-s7-50:1.0 has already been installed, skipping installation
INFO: [xhubtcl 76-32] Installing object 'digilentinc.com:xilinx_board_store:arty-z7-10:1.0' ...
INFO: [Common 17-1572] Object digilentinc.com:xilinx_board_store:arty-z7-10:1.0 has already been installed, skipping installation
INFO: [xhubtcl 76-32] Installing object 'digilentinc.com:xilinx_board_store:arty-z7-20:1.0' ...
INFO: [Common 17-1572] Object digilentinc.com:xilinx_board_store:arty-z7-20:1.0 has already been installed, skipping installation
INFO: [xhubtcl 76-32] Installing object 'digilentinc.com:xilinx_board_store:basys3:1.1' ...
INFO: [Common 17-1572] Object digilentinc.com:xilinx_board_store:basys3:1.1 has already been installed, skipping installation
INFO: [xhubtcl 76-32] Installing object 'digilentinc.com:xilinx_board_store:cmod-s7-25:1.0' ...
INFO: [Common 17-1572] Object digilentinc.com:xilinx_board_store:cmod-s7-25:1.0 has already been installed, skipping installation
INFO: [xhubtcl 76-32] Installing object 'digilentinc.com:xilinx_board_store:cmod_a7-15t:1.1' ...
INFO: [Common 17-1572] Object digilentinc.com:xilinx_board_store:cmod_a7-15t:1.1 has already been installed, skipping installation
INFO: [xhubtcl 76-32] Installing object 'digilentinc.com:xilinx_board_store:cmod_a7-35t:1.1' ...
INFO: [Common 17-1572] Object digilentinc.com:xilinx_board_store:cmod_a7-35t:1.1 has already been installed, skipping installation
INFO: [xhubtcl 76-32] Installing object 'digilentinc.com:xilinx_board_store:cora-z7-07s:1.0' ...
INFO: [Common 17-1572] Object digilentinc.com:xilinx_board_store:cora-z7-07s:1.0 has already been installed, skipping installation
INFO: [xhubtcl 76-32] Installing object 'digilentinc.com:xilinx_board_store:cora-z7-10:1.0' ...
INFO: [Common 17-1572] Object digilentinc.com:xilinx_board_store:cora-z7-10:1.0 has already been installed, skipping installation
INFO: [xhubtcl 76-32] Installing object 'digilentinc.com:xilinx_board_store:genesys2:1.1' ...
INFO: [Common 17-1572] Object digilentinc.com:xilinx_board_store:genesys2:1.1 has already been installed, skipping installation
INFO: [xhubtcl 76-32] Installing object 'digilentinc.com:xilinx_board_store:nexys4:1.1' ...
INFO: [Common 17-1572] Object digilentinc.com:xilinx_board_store:nexys4:1.1 has already been installed, skipping installation
INFO: [xhubtcl 76-32] Installing object 'digilentinc.com:xilinx_board_store:nexys4_ddr:1.1' ...
INFO: [Common 17-1572] Object digilentinc.com:xilinx_board_store:nexys4_ddr:1.1 has already been installed, skipping installation
INFO: [xhubtcl 76-32] Installing object 'digilentinc.com:xilinx_board_store:nexys_video:1.1' ...
INFO: [Common 17-1572] Object digilentinc.com:xilinx_board_store:nexys_video:1.1 has already been installed, skipping installation
INFO: [xhubtcl 76-32] Installing object 'digilentinc.com:xilinx_board_store:sword:1.0' ...
INFO: [Common 17-1572] Object digilentinc.com:xilinx_board_store:sword:1.0 has already been installed, skipping installation
INFO: [xhubtcl 76-32] Installing object 'digilentinc.com:xilinx_board_store:zedboard:1.0' ...
INFO: [Common 17-1572] Object digilentinc.com:xilinx_board_store:zedboard:1.0 has already been installed, skipping installation
INFO: [xhubtcl 76-32] Installing object 'digilentinc.com:xilinx_board_store:zybo:1.0' ...
INFO: [Common 17-1572] Object digilentinc.com:xilinx_board_store:zybo:1.0 has already been installed, skipping installation
INFO: [xhubtcl 76-32] Installing object 'digilentinc.com:xilinx_board_store:zybo-z7-10:1.0' ...
INFO: [Common 17-1572] Object digilentinc.com:xilinx_board_store:zybo-z7-10:1.0 has already been installed, skipping installation
INFO: [xhubtcl 76-32] Installing object 'digilentinc.com:xilinx_board_store:zybo-z7-20:1.0' ...
INFO: [Common 17-1572] Object digilentinc.com:xilinx_board_store:zybo-z7-20:1.0 has already been installed, skipping installation
INFO: [xhubtcl 76-32] Installing object 'em.avnet.com:xilinx_board_store:minized:1.2' ...
INFO: [Common 17-1572] Object em.avnet.com:xilinx_board_store:minized:1.2 has already been installed, skipping installation
INFO: [xhubtcl 76-32] Installing object 'trenz.biz:xilinx_board_store:te0712_100_1i:1.0' ...
INFO: [Common 17-1572] Object trenz.biz:xilinx_board_store:te0712_100_1i:1.0 has already been installed, skipping installation
INFO: [xhubtcl 76-32] Installing object 'trenz.biz:xilinx_board_store:te0712_100_2c:1.0' ...
INFO: [Common 17-1572] Object trenz.biz:xilinx_board_store:te0712_100_2c:1.0 has already been installed, skipping installation
INFO: [xhubtcl 76-32] Installing object 'trenz.biz:xilinx_board_store:te0712_100_2c:2.0' ...
INFO: [Common 17-1572] Object trenz.biz:xilinx_board_store:te0712_100_2c:2.0 has already been installed, skipping installation
INFO: [xhubtcl 76-32] Installing object 'trenz.biz:xilinx_board_store:te0712_200_1i:1.0' ...
INFO: [Common 17-1572] Object trenz.biz:xilinx_board_store:te0712_200_1i:1.0 has already been installed, skipping installation
INFO: [xhubtcl 76-32] Installing object 'trenz.biz:xilinx_board_store:te0712_200_2c:1.0' ...
INFO: [Common 17-1572] Object trenz.biz:xilinx_board_store:te0712_200_2c:1.0 has already been installed, skipping installation
INFO: [xhubtcl 76-32] Installing object 'trenz.biz:xilinx_board_store:te0712_200_2i:1.0' ...
INFO: [Common 17-1572] Object trenz.biz:xilinx_board_store:te0712_200_2i:1.0 has already been installed, skipping installation
INFO: [xhubtcl 76-32] Installing object 'trenz.biz:xilinx_board_store:te0712_35_2i:1.0' ...
INFO: [Common 17-1572] Object trenz.biz:xilinx_board_store:te0712_35_2i:1.0 has already been installed, skipping installation
INFO: [xhubtcl 76-32] Installing object 'trenz.biz:xilinx_board_store:te0720_14s:1.0' ...
INFO: [Common 17-1572] Object trenz.biz:xilinx_board_store:te0720_14s:1.0 has already been installed, skipping installation
INFO: [xhubtcl 76-32] Installing object 'trenz.biz:xilinx_board_store:te0720_1c:1.0' ...
INFO: [Common 17-1572] Object trenz.biz:xilinx_board_store:te0720_1c:1.0 has already been installed, skipping installation
INFO: [xhubtcl 76-32] Installing object 'trenz.biz:xilinx_board_store:te0720_1c:2.0' ...
INFO: [Common 17-1572] Object trenz.biz:xilinx_board_store:te0720_1c:2.0 has already been installed, skipping installation
INFO: [xhubtcl 76-32] Installing object 'trenz.biz:xilinx_board_store:te0720_1il:1.0' ...
INFO: [Common 17-1572] Object trenz.biz:xilinx_board_store:te0720_1il:1.0 has already been installed, skipping installation
INFO: [xhubtcl 76-32] Installing object 'trenz.biz:xilinx_board_store:te0720_1q:1.0' ...
INFO: [Common 17-1572] Object trenz.biz:xilinx_board_store:te0720_1q:1.0 has already been installed, skipping installation
INFO: [xhubtcl 76-32] Installing object 'trenz.biz:xilinx_board_store:te0720_2e:1.0' ...
INFO: [Common 17-1572] Object trenz.biz:xilinx_board_store:te0720_2e:1.0 has already been installed, skipping installation
INFO: [xhubtcl 76-32] Installing object 'trenz.biz:xilinx_board_store:te0720_2i:1.0' ...
INFO: [Common 17-1572] Object trenz.biz:xilinx_board_store:te0720_2i:1.0 has already been installed, skipping installation
INFO: [xhubtcl 76-32] Installing object 'trenz.biz:xilinx_board_store:te0722:1.0' ...
INFO: [Common 17-1572] Object trenz.biz:xilinx_board_store:te0722:1.0 has already been installed, skipping installation
INFO: [xhubtcl 76-32] Installing object 'trenz.biz:xilinx_board_store:te0722_7s:1.0' ...
INFO: [Common 17-1572] Object trenz.biz:xilinx_board_store:te0722_7s:1.0 has already been installed, skipping installation
INFO: [xhubtcl 76-32] Installing object 'trenz.biz:xilinx_board_store:te0722_i:1.0' ...
INFO: [Common 17-1572] Object trenz.biz:xilinx_board_store:te0722_i:1.0 has already been installed, skipping installation
INFO: [xhubtcl 76-32] Installing object 'trenz.biz:xilinx_board_store:te0724_10_1i:1.0' ...
INFO: [Common 17-1572] Object trenz.biz:xilinx_board_store:te0724_10_1i:1.0 has already been installed, skipping installation
INFO: [xhubtcl 76-32] Installing object 'trenz.biz:xilinx_board_store:te0724_20_1i:1.0' ...
INFO: [Common 17-1572] Object trenz.biz:xilinx_board_store:te0724_20_1i:1.0 has already been installed, skipping installation
INFO: [xhubtcl 76-32] Installing object 'trenz.biz:xilinx_board_store:te0725lp_100:1.0' ...
INFO: [Common 17-1572] Object trenz.biz:xilinx_board_store:te0725lp_100:1.0 has already been installed, skipping installation
INFO: [xhubtcl 76-32] Installing object 'trenz.biz:xilinx_board_store:te0725_100_2c:1.0' ...
INFO: [Common 17-1572] Object trenz.biz:xilinx_board_store:te0725_100_2c:1.0 has already been installed, skipping installation
INFO: [xhubtcl 76-32] Installing object 'trenz.biz:xilinx_board_store:te0725_100_2i:1.0' ...
INFO: [Common 17-1572] Object trenz.biz:xilinx_board_store:te0725_100_2i:1.0 has already been installed, skipping installation
INFO: [xhubtcl 76-32] Installing object 'trenz.biz:xilinx_board_store:te0725_15_1c:1.0' ...
INFO: [Common 17-1572] Object trenz.biz:xilinx_board_store:te0725_15_1c:1.0 has already been installed, skipping installation
INFO: [xhubtcl 76-32] Installing object 'trenz.biz:xilinx_board_store:te0725_35_2c:1.0' ...
INFO: [Common 17-1572] Object trenz.biz:xilinx_board_store:te0725_35_2c:1.0 has already been installed, skipping installation
INFO: [xhubtcl 76-32] Installing object 'trenz.biz:xilinx_board_store:te0726_01:1.0' ...
INFO: [Common 17-1572] Object trenz.biz:xilinx_board_store:te0726_01:1.0 has already been installed, skipping installation
INFO: [xhubtcl 76-32] Installing object 'trenz.biz:xilinx_board_store:te0726_r:2.1' ...
INFO: [Common 17-1572] Object trenz.biz:xilinx_board_store:te0726_r:2.1 has already been installed, skipping installation
INFO: [xhubtcl 76-32] Installing object 'trenz.biz:xilinx_board_store:te0726_m:3.1' ...
INFO: [Common 17-1572] Object trenz.biz:xilinx_board_store:te0726_m:3.1 has already been installed, skipping installation
INFO: [xhubtcl 76-32] Installing object 'trenz.biz:xilinx_board_store:te0726_7s:3.1' ...
INFO: [Common 17-1572] Object trenz.biz:xilinx_board_store:te0726_7s:3.1 has already been installed, skipping installation
INFO: [xhubtcl 76-32] Installing object 'trenz.biz:xilinx_board_store:te0729_20_2i:1.0' ...
INFO: [Common 17-1572] Object trenz.biz:xilinx_board_store:te0729_20_2i:1.0 has already been installed, skipping installation
INFO: [xhubtcl 76-32] Installing object 'trenz.biz:xilinx_board_store:te0729_20_2i:2.0' ...
INFO: [Common 17-1572] Object trenz.biz:xilinx_board_store:te0729_20_2i:2.0 has already been installed, skipping installation
INFO: [xhubtcl 76-32] Installing object 'trenz.biz:xilinx_board_store:te0803_2cg_1e:1.0' ...
INFO: [Common 17-1572] Object trenz.biz:xilinx_board_store:te0803_2cg_1e:1.0 has already been installed, skipping installation
INFO: [xhubtcl 76-32] Installing object 'trenz.biz:xilinx_board_store:te0803_2cg_1e_tebf0808:2.0' ...
INFO: [Common 17-1572] Object trenz.biz:xilinx_board_store:te0803_2cg_1e_tebf0808:2.0 has already been installed, skipping installation
INFO: [xhubtcl 76-32] Installing object 'trenz.biz:xilinx_board_store:te0803_2eg_1e:1.0' ...
INFO: [Common 17-1572] Object trenz.biz:xilinx_board_store:te0803_2eg_1e:1.0 has already been installed, skipping installation
INFO: [xhubtcl 76-32] Installing object 'trenz.biz:xilinx_board_store:te0803_2eg_1e_tebf0808:2.0' ...
INFO: [Common 17-1572] Object trenz.biz:xilinx_board_store:te0803_2eg_1e_tebf0808:2.0 has already been installed, skipping installation
INFO: [xhubtcl 76-32] Installing object 'trenz.biz:xilinx_board_store:te0803_3cg_1e:1.0' ...
INFO: [Common 17-1572] Object trenz.biz:xilinx_board_store:te0803_3cg_1e:1.0 has already been installed, skipping installation
INFO: [xhubtcl 76-32] Installing object 'trenz.biz:xilinx_board_store:te0803_3cg_1e_tebf0808:2.0' ...
INFO: [Common 17-1572] Object trenz.biz:xilinx_board_store:te0803_3cg_1e_tebf0808:2.0 has already been installed, skipping installation
INFO: [xhubtcl 76-32] Installing object 'trenz.biz:xilinx_board_store:te0803_3eg_1e:1.0' ...
INFO: [Common 17-1572] Object trenz.biz:xilinx_board_store:te0803_3eg_1e:1.0 has already been installed, skipping installation
INFO: [xhubtcl 76-32] Installing object 'trenz.biz:xilinx_board_store:te0803_3eg_1e_tebf0808:2.0' ...
INFO: [Common 17-1572] Object trenz.biz:xilinx_board_store:te0803_3eg_1e_tebf0808:2.0 has already been installed, skipping installation
INFO: [xhubtcl 76-32] Installing object 'trenz.biz:xilinx_board_store:te0803_3eg_1e:3.0' ...
INFO: [Common 17-1572] Object trenz.biz:xilinx_board_store:te0803_3eg_1e:3.0 has already been installed, skipping installation
INFO: [xhubtcl 76-32] Installing object 'trenz.biz:xilinx_board_store:te0803_3eg_1e_tebf0808:4.0' ...
INFO: [Common 17-1572] Object trenz.biz:xilinx_board_store:te0803_3eg_1e_tebf0808:4.0 has already been installed, skipping installation
INFO: [xhubtcl 76-32] Installing object 'trenz.biz:xilinx_board_store:te0803_4cg_1e:1.0' ...
INFO: [Common 17-1572] Object trenz.biz:xilinx_board_store:te0803_4cg_1e:1.0 has already been installed, skipping installation
INFO: [xhubtcl 76-32] Installing object 'trenz.biz:xilinx_board_store:te0803_4cg_1e_tebf0808:2.0' ...
INFO: [Common 17-1572] Object trenz.biz:xilinx_board_store:te0803_4cg_1e_tebf0808:2.0 has already been installed, skipping installation
INFO: [xhubtcl 76-32] Installing object 'trenz.biz:xilinx_board_store:te0803_4eg_1e:1.0' ...
INFO: [Common 17-1572] Object trenz.biz:xilinx_board_store:te0803_4eg_1e:1.0 has already been installed, skipping installation
INFO: [xhubtcl 76-32] Installing object 'trenz.biz:xilinx_board_store:te0803_4eg_1e_tebf0808:2.0' ...
INFO: [Common 17-1572] Object trenz.biz:xilinx_board_store:te0803_4eg_1e_tebf0808:2.0 has already been installed, skipping installation
INFO: [xhubtcl 76-32] Installing object 'trenz.biz:xilinx_board_store:te0803_4eg_1i:5.0' ...
INFO: [Common 17-1572] Object trenz.biz:xilinx_board_store:te0803_4eg_1i:5.0 has already been installed, skipping installation
INFO: [xhubtcl 76-32] Installing object 'trenz.biz:xilinx_board_store:te0803_4eg_1i_tebf0808:6.0' ...
INFO: [Common 17-1572] Object trenz.biz:xilinx_board_store:te0803_4eg_1i_tebf0808:6.0 has already been installed, skipping installation
INFO: [xhubtcl 76-32] Installing object 'trenz.biz:xilinx_board_store:te0803_4ev_1e:1.0' ...
INFO: [Common 17-1572] Object trenz.biz:xilinx_board_store:te0803_4ev_1e:1.0 has already been installed, skipping installation
INFO: [xhubtcl 76-32] Installing object 'trenz.biz:xilinx_board_store:te0803_4ev_1e_tebf0808:2.0' ...
INFO: [Common 17-1572] Object trenz.biz:xilinx_board_store:te0803_4ev_1e_tebf0808:2.0 has already been installed, skipping installation
INFO: [xhubtcl 76-32] Installing object 'trenz.biz:xilinx_board_store:te0803_5ev_1e:1.0' ...
INFO: [Common 17-1572] Object trenz.biz:xilinx_board_store:te0803_5ev_1e:1.0 has already been installed, skipping installation
INFO: [xhubtcl 76-32] Installing object 'trenz.biz:xilinx_board_store:te0803_5ev_1e_tebf0808:2.0' ...
INFO: [Common 17-1572] Object trenz.biz:xilinx_board_store:te0803_5ev_1e_tebf0808:2.0 has already been installed, skipping installation
INFO: [xhubtcl 76-32] Installing object 'trenz.biz:xilinx_board_store:te0803_5ev_1i:1.0' ...
INFO: [Common 17-1572] Object trenz.biz:xilinx_board_store:te0803_5ev_1i:1.0 has already been installed, skipping installation
INFO: [xhubtcl 76-32] Installing object 'trenz.biz:xilinx_board_store:te0803_5ev_1i_tebf0808:2.0' ...
INFO: [Common 17-1572] Object trenz.biz:xilinx_board_store:te0803_5ev_1i_tebf0808:2.0 has already been installed, skipping installation
INFO: [xhubtcl 76-32] Installing object 'trenz.biz:xilinx_board_store:te0808_15eg_1e:3.0' ...
INFO: [Common 17-1572] Object trenz.biz:xilinx_board_store:te0808_15eg_1e:3.0 has already been installed, skipping installation
INFO: [xhubtcl 76-32] Installing object 'trenz.biz:xilinx_board_store:te0808_15eg_1e_tebf0808:4.0' ...
INFO: [Common 17-1572] Object trenz.biz:xilinx_board_store:te0808_15eg_1e_tebf0808:4.0 has already been installed, skipping installation
INFO: [xhubtcl 76-32] Installing object 'trenz.biz:xilinx_board_store:te0808_6eg_1e:3.0' ...
INFO: [Common 17-1572] Object trenz.biz:xilinx_board_store:te0808_6eg_1e:3.0 has already been installed, skipping installation
INFO: [xhubtcl 76-32] Installing object 'trenz.biz:xilinx_board_store:te0808_6eg_1e_tebf0808:4.0' ...
INFO: [Common 17-1572] Object trenz.biz:xilinx_board_store:te0808_6eg_1e_tebf0808:4.0 has already been installed, skipping installation
INFO: [xhubtcl 76-32] Installing object 'trenz.biz:xilinx_board_store:te0808_9eg_1e:1.0' ...
INFO: [Common 17-1572] Object trenz.biz:xilinx_board_store:te0808_9eg_1e:1.0 has already been installed, skipping installation
INFO: [xhubtcl 76-32] Installing object 'trenz.biz:xilinx_board_store:te0808_9eg_1e_tebf0808:2.0' ...
INFO: [Common 17-1572] Object trenz.biz:xilinx_board_store:te0808_9eg_1e_tebf0808:2.0 has already been installed, skipping installation
INFO: [xhubtcl 76-32] Installing object 'trenz.biz:xilinx_board_store:te0808_9eg_1e:3.0' ...
INFO: [Common 17-1572] Object trenz.biz:xilinx_board_store:te0808_9eg_1e:3.0 has already been installed, skipping installation
INFO: [xhubtcl 76-32] Installing object 'trenz.biz:xilinx_board_store:te0808_9eg_1e_tebf0808:4.0' ...
INFO: [Common 17-1572] Object trenz.biz:xilinx_board_store:te0808_9eg_1e_tebf0808:4.0 has already been installed, skipping installation
INFO: [xhubtcl 76-32] Installing object 'trenz.biz:xilinx_board_store:te0808_9eg_2i:3.0' ...
INFO: [Common 17-1572] Object trenz.biz:xilinx_board_store:te0808_9eg_2i:3.0 has already been installed, skipping installation
INFO: [xhubtcl 76-32] Installing object 'trenz.biz:xilinx_board_store:te0808_9eg_2i_tebf0808:4.0' ...
INFO: [Common 17-1572] Object trenz.biz:xilinx_board_store:te0808_9eg_2i_tebf0808:4.0 has already been installed, skipping installation
INFO: [xhubtcl 76-32] Installing object 'trenz.biz:xilinx_board_store:te0820_2cg_1e:1.0' ...
INFO: [Common 17-1572] Object trenz.biz:xilinx_board_store:te0820_2cg_1e:1.0 has already been installed, skipping installation
INFO: [xhubtcl 76-32] Installing object 'trenz.biz:xilinx_board_store:te0820_2eg_1e:1.0' ...
INFO: [Common 17-1572] Object trenz.biz:xilinx_board_store:te0820_2eg_1e:1.0 has already been installed, skipping installation
INFO: [xhubtcl 76-32] Installing object 'trenz.biz:xilinx_board_store:te0820_2eg_1e:2.0' ...
INFO: [Common 17-1572] Object trenz.biz:xilinx_board_store:te0820_2eg_1e:2.0 has already been installed, skipping installation
INFO: [xhubtcl 76-32] Installing object 'trenz.biz:xilinx_board_store:te0820_3cg_1e:1.0' ...
INFO: [Common 17-1572] Object trenz.biz:xilinx_board_store:te0820_3cg_1e:1.0 has already been installed, skipping installation
INFO: [xhubtcl 76-32] Installing object 'trenz.biz:xilinx_board_store:te0820_3eg_1e:1.0' ...
INFO: [Common 17-1572] Object trenz.biz:xilinx_board_store:te0820_3eg_1e:1.0 has already been installed, skipping installation
INFO: [xhubtcl 76-32] Installing object 'trenz.biz:xilinx_board_store:te0820_4cg_1e:1.0' ...
INFO: [Common 17-1572] Object trenz.biz:xilinx_board_store:te0820_4cg_1e:1.0 has already been installed, skipping installation
INFO: [xhubtcl 76-32] Installing object 'trenz.biz:xilinx_board_store:te0820_4ev_1e:1.0' ...
INFO: [Common 17-1572] Object trenz.biz:xilinx_board_store:te0820_4ev_1e:1.0 has already been installed, skipping installation
INFO: [xhubtcl 76-32] Installing object 'trenz.biz:xilinx_board_store:teb0911_9eg_1e:1.0' ...
INFO: [Common 17-1572] Object trenz.biz:xilinx_board_store:teb0911_9eg_1e:1.0 has already been installed, skipping installation
INFO: [xhubtcl 76-32] Installing object 'trenz.biz:xilinx_board_store:tec0850_15eg_1e:1.0' ...
INFO: [Common 17-1572] Object trenz.biz:xilinx_board_store:tec0850_15eg_1e:1.0 has already been installed, skipping installation
INFO: [xhubtcl 76-32] Installing object 'xilinx.com:xilinx_board_store:vcu128_es:1.0' ...
INFO: [Common 17-1572] Object xilinx.com:xilinx_board_store:vcu128_es:1.0 has already been installed, skipping installation
INFO: [xhubtcl 76-32] Installing object 'xilinx.com:xilinx_board_store:vcu128_es:1.1' ...
INFO: [Common 17-1572] Object xilinx.com:xilinx_board_store:vcu128_es:1.1 has already been installed, skipping installation
INFO: [xhubtcl 76-32] Installing object 'xilinx.com:xilinx_board_store:vcu128:1.0' ...
INFO: [Common 17-1572] Object xilinx.com:xilinx_board_store:vcu128:1.0 has already been installed, skipping installation
INFO: [xhubtcl 76-32] Installing object 'xilinx.com:xilinx_board_store:vcu129:1.0' ...
INFO: [Common 17-14] Message 'xhubtcl 76-32' appears 100 times and further instances of the messages will be disabled. Use the Tcl command set_msg_config to change the current settings.
INFO: [Common 17-1572] Object xilinx.com:xilinx_board_store:vcu129:1.0 has already been installed, skipping installation
INFO: [Common 17-14] Message 'Common 17-1572' appears 100 times and further instances of the messages will be disabled. Use the Tcl command set_msg_config to change the current settings.
INFO: [Common 17-1570] Installing object xilinx.com:xilinx_board_store:zcu106:2.4 from remote host https://github.com/Xilinx/XilinxBoardStore.git
INFO: [Common 17-1573] Object xilinx.com:xilinx_board_store:zcu106:2.4 has been installed successfully.
xhub::update [xhub::get_xitems -of_objects [xhub::get_xstores xilinx_board_store]]
INFO: [Common 17-1570] Installing object xilinx.com:xilinx_board_store:zcu106:2.5 from remote host https://github.com/Xilinx/XilinxBoardStore.git
INFO: [xhubtcl 76-12] the object xilinx.com:xilinx_board_store:zcu106:2.5 has been updated successfully .
create_project PE_2 {/run/media/fnavarro/Datos/fnavarro/6to/Tecnicas Digitales IV/Practicos/Entrenamiento/PE_2} -part xc7a35tcpg236-1
INFO: [IP_Flow 19-234] Refreshing IP repositories
INFO: [IP_Flow 19-1704] No user IP repositories specified
INFO: [IP_Flow 19-2313] Loaded Vivado IP repository '/opt/Vivado/2019.2/data/ip'.
create_project: Time (s): cpu = 00:00:32 ; elapsed = 00:00:07 . Memory (MB): peak = 6791.633 ; gain = 198.215 ; free physical = 4443 ; free virtual = 43371
set_property board_part digilentinc.com:basys3:part0:1.1 [current_project]
set_property target_language VHDL [current_project]
file mkdir /run/media/fnavarro/Datos/fnavarro/6to/Tecnicas Digitales IV/Practicos/Entrenamiento/PE_2/PE_2.srcs/sources_1/new
file mkdir /run/media/fnavarro/Datos/fnavarro/6to/Tecnicas Digitales IV/Practicos/Entrenamiento/PE_2/PE_2.srcs/sources_1/new
file mkdir /run/media/fnavarro/Datos/fnavarro/6to/Tecnicas Digitales IV/Practicos/Entrenamiento/PE_2/PE_2.srcs/sources_1/new
file mkdir /run/media/fnavarro/Datos/fnavarro/6to/Tecnicas Digitales IV/Practicos/Entrenamiento/PE_2/PE_2.srcs/sources_1/new
file mkdir /run/media/fnavarro/Datos/fnavarro/6to/Tecnicas Digitales IV/Practicos/Entrenamiento/PE_2/PE_2.srcs/sources_1/new
file mkdir /run/media/fnavarro/Datos/fnavarro/6to/Tecnicas Digitales IV/Practicos/Entrenamiento/PE_2/PE_2.srcs/sources_1/new
file mkdir {/run/media/fnavarro/Datos/fnavarro/6to/Tecnicas Digitales IV/Practicos/Entrenamiento/PE_2/PE_2.srcs/sources_1/new}
close [ open {/run/media/fnavarro/Datos/fnavarro/6to/Tecnicas Digitales IV/Practicos/Entrenamiento/PE_2/PE_2.srcs/sources_1/new/ha1.vhd} w ]
add_files {{/run/media/fnavarro/Datos/fnavarro/6to/Tecnicas Digitales IV/Practicos/Entrenamiento/PE_2/PE_2.srcs/sources_1/new/ha1.vhd}}
update_compile_order -fileset sources_1
exit
INFO: [Common 17-206] Exiting Vivado at Wed Apr  8 00:43:17 2020...
