Vivado Simulator 2019.2
Copyright 1986-1999, 2001-2019 Xilinx, Inc. All Rights Reserved.
Running: /opt/Xilinx/Vivado/2019.2/bin/unwrapped/lnx64.o/xelab -wto 09f2711c3e374f4c92fce91812592578 --incr --debug typical --relax --mt 8 --maxdelay -L xil_defaultlib -L simprims_ver -L secureip --snapshot tb_oe_counter_time_impl -transport_int_delays -pulse_r 0 -pulse_int_r 0 -pulse_e 0 -pulse_int_e 0 xil_defaultlib.tb_oe_counter xil_defaultlib.glbl -log elaborate.log 
Using 8 slave threads.
Starting static elaboration
Pass Through NonSizing Optimizer
Completed static elaboration
ERROR: [XSIM 43-3224] (SdfError)While parsing sdf file tb_oe_counter_time_impl.sdf Line 14: Unexpected token ,.
ERROR: [XSIM 43-3224] (SdfError)While parsing sdf file tb_oe_counter_time_impl.sdf Line 24: Unexpected token ,.
ERROR: [XSIM 43-3224] (SdfError)While parsing sdf file tb_oe_counter_time_impl.sdf Line 34: Unexpected token ,.
ERROR: [XSIM 43-3224] (SdfError)While parsing sdf file tb_oe_counter_time_impl.sdf Line 44: Unexpected token ,.
ERROR: [XSIM 43-3224] (SdfError)While parsing sdf file tb_oe_counter_time_impl.sdf Line 54: Unexpected token ,.
ERROR: [XSIM 43-3224] (SdfError)While parsing sdf file tb_oe_counter_time_impl.sdf Line 64: Unexpected token ,.
ERROR: [XSIM 43-3224] (SdfError)While parsing sdf file tb_oe_counter_time_impl.sdf Line 78: Unexpected token ,.
ERROR: [XSIM 43-3224] (SdfError)While parsing sdf file tb_oe_counter_time_impl.sdf Line 88: Unexpected token ,.
ERROR: [XSIM 43-3224] (SdfError)While parsing sdf file tb_oe_counter_time_impl.sdf Line 118: Unexpected token ,.
ERROR: [XSIM 43-3224] (SdfError)While parsing sdf file tb_oe_counter_time_impl.sdf Line 130: Unexpected token ,.
ERROR: [XSIM 43-3224] (SdfError)While parsing sdf file tb_oe_counter_time_impl.sdf Line 142: Unexpected token ,.
ERROR: [XSIM 43-3224] (SdfError)While parsing sdf file tb_oe_counter_time_impl.sdf Line 154: Unexpected token ,.
ERROR: [XSIM 43-3224] (SdfError)While parsing sdf file tb_oe_counter_time_impl.sdf Line 166: Unexpected token ,.
ERROR: [XSIM 43-3224] (SdfError)While parsing sdf file tb_oe_counter_time_impl.sdf Line 178: Unexpected token ,.
ERROR: [XSIM 43-3224] (SdfError)While parsing sdf file tb_oe_counter_time_impl.sdf Line 209: Unexpected token ,.
ERROR: [XSIM 43-3224] (SdfError)While parsing sdf file tb_oe_counter_time_impl.sdf Line 221: Unexpected token ,.
ERROR: [XSIM 43-3224] (SdfError)While parsing sdf file tb_oe_counter_time_impl.sdf Line 253: Unexpected token ,.
ERROR: [XSIM 43-3224] (SdfError)While parsing sdf file tb_oe_counter_time_impl.sdf Line 265: Unexpected token ,.
ERROR: [XSIM 43-3224] (SdfError)While parsing sdf file tb_oe_counter_time_impl.sdf Line 275: Unexpected token ,.
ERROR: [XSIM 43-3224] (SdfError)While parsing sdf file tb_oe_counter_time_impl.sdf Line 285: Unexpected token ,.
ERROR: [XSIM 43-3224] (SdfError)While parsing sdf file tb_oe_counter_time_impl.sdf Line 323: Unexpected token ,.
ERROR: [XSIM 43-3224] (SdfError)While parsing sdf file tb_oe_counter_time_impl.sdf Line 361: Unexpected token ,.
ERROR: [XSIM 43-3224] (SdfError)While parsing sdf file tb_oe_counter_time_impl.sdf Line 399: Unexpected token ,.
ERROR: [XSIM 43-3224] (SdfError)While parsing sdf file tb_oe_counter_time_impl.sdf Line 437: Unexpected token ,.
ERROR: [XSIM 43-3224] (SdfError)While parsing sdf file tb_oe_counter_time_impl.sdf Line 475: Unexpected token ,.
ERROR: [XSIM 43-3224] (SdfError)While parsing sdf file tb_oe_counter_time_impl.sdf Line 513: Unexpected token ,.
ERROR: [XSIM 43-3224] (SdfError)While parsing sdf file tb_oe_counter_time_impl.sdf Line 524: Unexpected token ,.
ERROR: [XSIM 43-3224] (SdfError)While parsing sdf file tb_oe_counter_time_impl.sdf Line 534: Unexpected token ,.
ERROR: [XSIM 43-3224] (SdfError)While parsing sdf file tb_oe_counter_time_impl.sdf Line 545: Unexpected token ,.
ERROR: [XSIM 43-3224] (SdfError)While parsing sdf file tb_oe_counter_time_impl.sdf Line 556: Unexpected token ,.
ERROR: [XSIM 43-3224] (SdfError)While parsing sdf file tb_oe_counter_time_impl.sdf Line 567: Unexpected token ,.
ERROR: [XSIM 43-3224] (SdfError)While parsing sdf file tb_oe_counter_time_impl.sdf Line 578: Unexpected token ,.
ERROR: [XSIM 43-3224] (SdfError)While parsing sdf file tb_oe_counter_time_impl.sdf Line 589: Unexpected token ,.
ERROR: [XSIM 43-3224] (SdfError)While parsing sdf file tb_oe_counter_time_impl.sdf Line 600: Unexpected token ,.
ERROR: [XSIM 43-3224] (SdfError)While parsing sdf file tb_oe_counter_time_impl.sdf Line 611: Unexpected token ,.
ERROR: [XSIM 43-3224] (SdfError)While parsing sdf file tb_oe_counter_time_impl.sdf Line 622: Unexpected token ,.
ERROR: [XSIM 43-3224] (SdfError)While parsing sdf file tb_oe_counter_time_impl.sdf Line 633: Unexpected token ,.
ERROR: [XSIM 43-3224] (SdfError)While parsing sdf file tb_oe_counter_time_impl.sdf Line 644: Unexpected token ,.
ERROR: [XSIM 43-3224] (SdfError)While parsing sdf file tb_oe_counter_time_impl.sdf Line 655: Unexpected token ,.
ERROR: [XSIM 43-3224] (SdfError)While parsing sdf file tb_oe_counter_time_impl.sdf Line 666: Unexpected token ,.
ERROR: [XSIM 43-3224] (SdfError)While parsing sdf file tb_oe_counter_time_impl.sdf Line 677: Unexpected token ,.
ERROR: [XSIM 43-3224] (SdfError)While parsing sdf file tb_oe_counter_time_impl.sdf Line 688: Unexpected token ,.
ERROR: [XSIM 43-3224] (SdfError)While parsing sdf file tb_oe_counter_time_impl.sdf Line 699: Unexpected token ,.
ERROR: [XSIM 43-3224] (SdfError)While parsing sdf file tb_oe_counter_time_impl.sdf Line 710: Unexpected token ,.
ERROR: [XSIM 43-3224] (SdfError)While parsing sdf file tb_oe_counter_time_impl.sdf Line 721: Unexpected token ,.
ERROR: [XSIM 43-3224] (SdfError)While parsing sdf file tb_oe_counter_time_impl.sdf Line 736: Unexpected token ,.
ERROR: [XSIM 43-3224] (SdfError)While parsing sdf file tb_oe_counter_time_impl.sdf Line 749: Unexpected token ,.
ERROR: [XSIM 43-3224] (SdfError)While parsing sdf file tb_oe_counter_time_impl.sdf Line 762: Unexpected token ,.
ERROR: [XSIM 43-3224] (SdfError)While parsing sdf file tb_oe_counter_time_impl.sdf Line 775: Unexpected token ,.
ERROR: [XSIM 43-3224] (SdfError)While parsing sdf file tb_oe_counter_time_impl.sdf Line 788: Unexpected token ,.
ERROR: [XSIM 43-3224] (SdfError)While parsing sdf file tb_oe_counter_time_impl.sdf Line 801: Unexpected token ,.
ERROR: [XSIM 43-3224] (SdfError)While parsing sdf file tb_oe_counter_time_impl.sdf Line 816: Unexpected token ,.
ERROR: [XSIM 43-3224] (SdfError)While parsing sdf file tb_oe_counter_time_impl.sdf Line 827: Unexpected token ,.
ERROR: [XSIM 43-3224] (SdfError)While parsing sdf file tb_oe_counter_time_impl.sdf Line 838: Unexpected token ,.
ERROR: [XSIM 43-3224] (SdfError)While parsing sdf file tb_oe_counter_time_impl.sdf Line 849: Unexpected token ,.
ERROR: [XSIM 43-3224] (SdfError)While parsing sdf file tb_oe_counter_time_impl.sdf Line 860: Unexpected token ,.
ERROR: [XSIM 43-3224] (SdfError)While parsing sdf file tb_oe_counter_time_impl.sdf Line 871: Unexpected token ,.
ERROR: [XSIM 43-3224] (SdfError)While parsing sdf file tb_oe_counter_time_impl.sdf Line 882: Unexpected token ,.
ERROR: [XSIM 43-3224] (SdfError)While parsing sdf file tb_oe_counter_time_impl.sdf Line 893: Unexpected token ,.
ERROR: [XSIM 43-3224] (SdfError)While parsing sdf file tb_oe_counter_time_impl.sdf Line 1382: Unexpected token ,.
ERROR: [XSIM 43-3224] (SdfError)While parsing sdf file tb_oe_counter_time_impl.sdf Line 1392: Unexpected token ,.
ERROR: [XSIM 43-3224] (SdfError)While parsing sdf file tb_oe_counter_time_impl.sdf Line 1402: Unexpected token ,.
ERROR: [XSIM 43-3224] (SdfError)While parsing sdf file tb_oe_counter_time_impl.sdf Line 1412: Unexpected token ,.
ERROR: [XSIM 43-3224] (SdfError)While parsing sdf file tb_oe_counter_time_impl.sdf Line 1422: Unexpected token ,.
ERROR: [XSIM 43-3224] (SdfError)While parsing sdf file tb_oe_counter_time_impl.sdf Line 1432: Unexpected token ,.
ERROR: [XSIM 43-3224] (SdfError)While parsing sdf file tb_oe_counter_time_impl.sdf Line 1442: Unexpected token ,.
ERROR: [XSIM 43-3224] (SdfError)While parsing sdf file tb_oe_counter_time_impl.sdf Line 1452: Unexpected token ,.
Starting simulation data flow analysis
Completed simulation data flow analysis
INFO: [XSIM 43-3451] SDF backannotation process started with SDF file "tb_oe_counter_time_impl.sdf", for root module "tb_oe_counter/uut".
INFO: [XSIM 43-3452] SDF backannotation was successful for SDF file "tb_oe_counter_time_impl.sdf", for root module "tb_oe_counter/uut".
Time Resolution for simulation is 1ps
Compiling package std.standard
Compiling package std.textio
Compiling package ieee.std_logic_1164
Compiling package vl.vl_types
Compiling module xil_defaultlib.glbl
Compiling module simprims_ver.OBUF
Compiling module simprims_ver.x_lut1_mux2
Compiling module simprims_ver.LUT1
Compiling module simprims_ver.BUFG
Compiling module simprims_ver.IBUF
Compiling module simprims_ver.LUT4
Compiling module simprims_ver.FDRE_default
Compiling module simprims_ver.x_lut3_mux8
Compiling module simprims_ver.LUT3
Compiling module xil_defaultlib.jk_ff
Compiling module simprims_ver.LUT5
Compiling module xil_defaultlib.jk_ff_0
Compiling module simprims_ver.LUT6
Compiling module xil_defaultlib.jk_ff_1
Compiling module simprims_ver.CARRY4
Compiling module simprims_ver.x_lut2_mux4
Compiling module simprims_ver.LUT2
Compiling module simprims_ver.FDCE_default
Compiling module xil_defaultlib.mod_m_counter
WARNING: [XSIM 43-3368] "/run/media/fnavarro/Datos/fnavarro/6to/Tecnicas_Digitales_IV/Practicos/Entrenamiento/PE_7/PE_7.sim/sim_1/impl/timing/xsim/tb_oe_counter_time_impl.v" Line 303. Negative delay (-2147483648.000000) treated as 0.
WARNING: [XSIM 43-3368] "/run/media/fnavarro/Datos/fnavarro/6to/Tecnicas_Digitales_IV/Practicos/Entrenamiento/PE_7/PE_7.sim/sim_1/impl/timing/xsim/tb_oe_counter_time_impl.v" Line 303. Negative delay (-2147483648.000000) treated as 0.
WARNING: [XSIM 43-3368] "/run/media/fnavarro/Datos/fnavarro/6to/Tecnicas_Digitales_IV/Practicos/Entrenamiento/PE_7/PE_7.sim/sim_1/impl/timing/xsim/tb_oe_counter_time_impl.v" Line 303. Negative delay (-2147483648.000000) treated as 0.
WARNING: [XSIM 43-3368] "/run/media/fnavarro/Datos/fnavarro/6to/Tecnicas_Digitales_IV/Practicos/Entrenamiento/PE_7/PE_7.sim/sim_1/impl/timing/xsim/tb_oe_counter_time_impl.v" Line 303. Negative delay (-2147483648.000000) treated as 0.
WARNING: [XSIM 43-3368] "/run/media/fnavarro/Datos/fnavarro/6to/Tecnicas_Digitales_IV/Practicos/Entrenamiento/PE_7/PE_7.sim/sim_1/impl/timing/xsim/tb_oe_counter_time_impl.v" Line 303. Negative delay (-2147483648.000000) treated as 0.
WARNING: [XSIM 43-3368] "/run/media/fnavarro/Datos/fnavarro/6to/Tecnicas_Digitales_IV/Practicos/Entrenamiento/PE_7/PE_7.sim/sim_1/impl/timing/xsim/tb_oe_counter_time_impl.v" Line 310. Negative delay (-1073741824.000000) treated as 0.
WARNING: [XSIM 43-3368] "/run/media/fnavarro/Datos/fnavarro/6to/Tecnicas_Digitales_IV/Practicos/Entrenamiento/PE_7/PE_7.sim/sim_1/impl/timing/xsim/tb_oe_counter_time_impl.v" Line 310. Negative delay (-1073741824.000000) treated as 0.
WARNING: [XSIM 43-3368] "/run/media/fnavarro/Datos/fnavarro/6to/Tecnicas_Digitales_IV/Practicos/Entrenamiento/PE_7/PE_7.sim/sim_1/impl/timing/xsim/tb_oe_counter_time_impl.v" Line 310. Negative delay (-1073741824.000000) treated as 0.
WARNING: [XSIM 43-3368] "/run/media/fnavarro/Datos/fnavarro/6to/Tecnicas_Digitales_IV/Practicos/Entrenamiento/PE_7/PE_7.sim/sim_1/impl/timing/xsim/tb_oe_counter_time_impl.v" Line 310. Negative delay (-1073741824.000000) treated as 0.
WARNING: [XSIM 43-3368] "/run/media/fnavarro/Datos/fnavarro/6to/Tecnicas_Digitales_IV/Practicos/Entrenamiento/PE_7/PE_7.sim/sim_1/impl/timing/xsim/tb_oe_counter_time_impl.v" Line 310. Negative delay (-1073741824.000000) treated as 0.
WARNING: [XSIM 43-3368] "/run/media/fnavarro/Datos/fnavarro/6to/Tecnicas_Digitales_IV/Practicos/Entrenamiento/PE_7/PE_7.sim/sim_1/impl/timing/xsim/tb_oe_counter_time_impl.v" Line 317. Negative delay (-2147483648.000000) treated as 0.
WARNING: [XSIM 43-3368] "/run/media/fnavarro/Datos/fnavarro/6to/Tecnicas_Digitales_IV/Practicos/Entrenamiento/PE_7/PE_7.sim/sim_1/impl/timing/xsim/tb_oe_counter_time_impl.v" Line 317. Negative delay (-2147483648.000000) treated as 0.
WARNING: [XSIM 43-3368] "/run/media/fnavarro/Datos/fnavarro/6to/Tecnicas_Digitales_IV/Practicos/Entrenamiento/PE_7/PE_7.sim/sim_1/impl/timing/xsim/tb_oe_counter_time_impl.v" Line 317. Negative delay (-2147483648.000000) treated as 0.
WARNING: [XSIM 43-3368] "/run/media/fnavarro/Datos/fnavarro/6to/Tecnicas_Digitales_IV/Practicos/Entrenamiento/PE_7/PE_7.sim/sim_1/impl/timing/xsim/tb_oe_counter_time_impl.v" Line 317. Negative delay (-2147483648.000000) treated as 0.
WARNING: [XSIM 43-3368] "/run/media/fnavarro/Datos/fnavarro/6to/Tecnicas_Digitales_IV/Practicos/Entrenamiento/PE_7/PE_7.sim/sim_1/impl/timing/xsim/tb_oe_counter_time_impl.v" Line 317. Negative delay (-2147483648.000000) treated as 0.
WARNING: [XSIM 43-3368] "/run/media/fnavarro/Datos/fnavarro/6to/Tecnicas_Digitales_IV/Practicos/Entrenamiento/PE_7/PE_7.sim/sim_1/impl/timing/xsim/tb_oe_counter_time_impl.v" Line 331. Negative delay (-2147483648.000000) treated as 0.
WARNING: [XSIM 43-3368] "/run/media/fnavarro/Datos/fnavarro/6to/Tecnicas_Digitales_IV/Practicos/Entrenamiento/PE_7/PE_7.sim/sim_1/impl/timing/xsim/tb_oe_counter_time_impl.v" Line 331. Negative delay (-2147483648.000000) treated as 0.
WARNING: [XSIM 43-3368] "/run/media/fnavarro/Datos/fnavarro/6to/Tecnicas_Digitales_IV/Practicos/Entrenamiento/PE_7/PE_7.sim/sim_1/impl/timing/xsim/tb_oe_counter_time_impl.v" Line 331. Negative delay (-2147483648.000000) treated as 0.
WARNING: [XSIM 43-3368] "/run/media/fnavarro/Datos/fnavarro/6to/Tecnicas_Digitales_IV/Practicos/Entrenamiento/PE_7/PE_7.sim/sim_1/impl/timing/xsim/tb_oe_counter_time_impl.v" Line 331. Negative delay (-2147483648.000000) treated as 0.
WARNING: [XSIM 43-3368] "/run/media/fnavarro/Datos/fnavarro/6to/Tecnicas_Digitales_IV/Practicos/Entrenamiento/PE_7/PE_7.sim/sim_1/impl/timing/xsim/tb_oe_counter_time_impl.v" Line 331. Negative delay (-2147483648.000000) treated as 0.
WARNING: [XSIM 43-3368] "/run/media/fnavarro/Datos/fnavarro/6to/Tecnicas_Digitales_IV/Practicos/Entrenamiento/PE_7/PE_7.sim/sim_1/impl/timing/xsim/tb_oe_counter_time_impl.v" Line 338. Negative delay (-2147483648.000000) treated as 0.
WARNING: [XSIM 43-3368] "/run/media/fnavarro/Datos/fnavarro/6to/Tecnicas_Digitales_IV/Practicos/Entrenamiento/PE_7/PE_7.sim/sim_1/impl/timing/xsim/tb_oe_counter_time_impl.v" Line 338. Negative delay (-2147483648.000000) treated as 0.
WARNING: [XSIM 43-3368] "/run/media/fnavarro/Datos/fnavarro/6to/Tecnicas_Digitales_IV/Practicos/Entrenamiento/PE_7/PE_7.sim/sim_1/impl/timing/xsim/tb_oe_counter_time_impl.v" Line 338. Negative delay (-2147483648.000000) treated as 0.
WARNING: [XSIM 43-3368] "/run/media/fnavarro/Datos/fnavarro/6to/Tecnicas_Digitales_IV/Practicos/Entrenamiento/PE_7/PE_7.sim/sim_1/impl/timing/xsim/tb_oe_counter_time_impl.v" Line 338. Negative delay (-2147483648.000000) treated as 0.
WARNING: [XSIM 43-3368] "/run/media/fnavarro/Datos/fnavarro/6to/Tecnicas_Digitales_IV/Practicos/Entrenamiento/PE_7/PE_7.sim/sim_1/impl/timing/xsim/tb_oe_counter_time_impl.v" Line 338. Negative delay (-2147483648.000000) treated as 0.
WARNING: [XSIM 43-3368] "/run/media/fnavarro/Datos/fnavarro/6to/Tecnicas_Digitales_IV/Practicos/Entrenamiento/PE_7/PE_7.sim/sim_1/impl/timing/xsim/tb_oe_counter_time_impl.v" Line 345. Negative delay (-2147483648.000000) treated as 0.
WARNING: [XSIM 43-3368] "/run/media/fnavarro/Datos/fnavarro/6to/Tecnicas_Digitales_IV/Practicos/Entrenamiento/PE_7/PE_7.sim/sim_1/impl/timing/xsim/tb_oe_counter_time_impl.v" Line 345. Negative delay (-2147483648.000000) treated as 0.
WARNING: [XSIM 43-3368] "/run/media/fnavarro/Datos/fnavarro/6to/Tecnicas_Digitales_IV/Practicos/Entrenamiento/PE_7/PE_7.sim/sim_1/impl/timing/xsim/tb_oe_counter_time_impl.v" Line 345. Negative delay (-2147483648.000000) treated as 0.
WARNING: [XSIM 43-3368] "/run/media/fnavarro/Datos/fnavarro/6to/Tecnicas_Digitales_IV/Practicos/Entrenamiento/PE_7/PE_7.sim/sim_1/impl/timing/xsim/tb_oe_counter_time_impl.v" Line 345. Negative delay (-2147483648.000000) treated as 0.
WARNING: [XSIM 43-3368] "/run/media/fnavarro/Datos/fnavarro/6to/Tecnicas_Digitales_IV/Practicos/Entrenamiento/PE_7/PE_7.sim/sim_1/impl/timing/xsim/tb_oe_counter_time_impl.v" Line 345. Negative delay (-2147483648.000000) treated as 0.
WARNING: [XSIM 43-3368] "/run/media/fnavarro/Datos/fnavarro/6to/Tecnicas_Digitales_IV/Practicos/Entrenamiento/PE_7/PE_7.sim/sim_1/impl/timing/xsim/tb_oe_counter_time_impl.v" Line 359. Negative delay (-2147483648.000000) treated as 0.
WARNING: [XSIM 43-3368] "/run/media/fnavarro/Datos/fnavarro/6to/Tecnicas_Digitales_IV/Practicos/Entrenamiento/PE_7/PE_7.sim/sim_1/impl/timing/xsim/tb_oe_counter_time_impl.v" Line 359. Negative delay (-2147483648.000000) treated as 0.
WARNING: [XSIM 43-3368] "/run/media/fnavarro/Datos/fnavarro/6to/Tecnicas_Digitales_IV/Practicos/Entrenamiento/PE_7/PE_7.sim/sim_1/impl/timing/xsim/tb_oe_counter_time_impl.v" Line 359. Negative delay (-2147483648.000000) treated as 0.
WARNING: [XSIM 43-3368] "/run/media/fnavarro/Datos/fnavarro/6to/Tecnicas_Digitales_IV/Practicos/Entrenamiento/PE_7/PE_7.sim/sim_1/impl/timing/xsim/tb_oe_counter_time_impl.v" Line 359. Negative delay (-2147483648.000000) treated as 0.
WARNING: [XSIM 43-3368] "/run/media/fnavarro/Datos/fnavarro/6to/Tecnicas_Digitales_IV/Practicos/Entrenamiento/PE_7/PE_7.sim/sim_1/impl/timing/xsim/tb_oe_counter_time_impl.v" Line 359. Negative delay (-2147483648.000000) treated as 0.
WARNING: [XSIM 43-3368] "/run/media/fnavarro/Datos/fnavarro/6to/Tecnicas_Digitales_IV/Practicos/Entrenamiento/PE_7/PE_7.sim/sim_1/impl/timing/xsim/tb_oe_counter_time_impl.v" Line 366. Negative delay (-1073741824.000000) treated as 0.
WARNING: [XSIM 43-3368] "/run/media/fnavarro/Datos/fnavarro/6to/Tecnicas_Digitales_IV/Practicos/Entrenamiento/PE_7/PE_7.sim/sim_1/impl/timing/xsim/tb_oe_counter_time_impl.v" Line 366. Negative delay (-1073741824.000000) treated as 0.
WARNING: [XSIM 43-3368] "/run/media/fnavarro/Datos/fnavarro/6to/Tecnicas_Digitales_IV/Practicos/Entrenamiento/PE_7/PE_7.sim/sim_1/impl/timing/xsim/tb_oe_counter_time_impl.v" Line 366. Negative delay (-1073741824.000000) treated as 0.
WARNING: [XSIM 43-3368] "/run/media/fnavarro/Datos/fnavarro/6to/Tecnicas_Digitales_IV/Practicos/Entrenamiento/PE_7/PE_7.sim/sim_1/impl/timing/xsim/tb_oe_counter_time_impl.v" Line 366. Negative delay (-1073741824.000000) treated as 0.
WARNING: [XSIM 43-3368] "/run/media/fnavarro/Datos/fnavarro/6to/Tecnicas_Digitales_IV/Practicos/Entrenamiento/PE_7/PE_7.sim/sim_1/impl/timing/xsim/tb_oe_counter_time_impl.v" Line 366. Negative delay (-1073741824.000000) treated as 0.
WARNING: [XSIM 43-3368] "/run/media/fnavarro/Datos/fnavarro/6to/Tecnicas_Digitales_IV/Practicos/Entrenamiento/PE_7/PE_7.sim/sim_1/impl/timing/xsim/tb_oe_counter_time_impl.v" Line 373. Negative delay (-1073741824.000000) treated as 0.
WARNING: [XSIM 43-3368] "/run/media/fnavarro/Datos/fnavarro/6to/Tecnicas_Digitales_IV/Practicos/Entrenamiento/PE_7/PE_7.sim/sim_1/impl/timing/xsim/tb_oe_counter_time_impl.v" Line 373. Negative delay (-1073741824.000000) treated as 0.
WARNING: [XSIM 43-3368] "/run/media/fnavarro/Datos/fnavarro/6to/Tecnicas_Digitales_IV/Practicos/Entrenamiento/PE_7/PE_7.sim/sim_1/impl/timing/xsim/tb_oe_counter_time_impl.v" Line 373. Negative delay (-1073741824.000000) treated as 0.
WARNING: [XSIM 43-3368] "/run/media/fnavarro/Datos/fnavarro/6to/Tecnicas_Digitales_IV/Practicos/Entrenamiento/PE_7/PE_7.sim/sim_1/impl/timing/xsim/tb_oe_counter_time_impl.v" Line 373. Negative delay (-1073741824.000000) treated as 0.
WARNING: [XSIM 43-3368] "/run/media/fnavarro/Datos/fnavarro/6to/Tecnicas_Digitales_IV/Practicos/Entrenamiento/PE_7/PE_7.sim/sim_1/impl/timing/xsim/tb_oe_counter_time_impl.v" Line 373. Negative delay (-1073741824.000000) treated as 0.
WARNING: [XSIM 43-3368] "/run/media/fnavarro/Datos/fnavarro/6to/Tecnicas_Digitales_IV/Practicos/Entrenamiento/PE_7/PE_7.sim/sim_1/impl/timing/xsim/tb_oe_counter_time_impl.v" Line 379. Negative delay (-2147483648.000000) treated as 0.
WARNING: [XSIM 43-3368] "/run/media/fnavarro/Datos/fnavarro/6to/Tecnicas_Digitales_IV/Practicos/Entrenamiento/PE_7/PE_7.sim/sim_1/impl/timing/xsim/tb_oe_counter_time_impl.v" Line 379. Negative delay (-2147483648.000000) treated as 0.
WARNING: [XSIM 43-3368] "/run/media/fnavarro/Datos/fnavarro/6to/Tecnicas_Digitales_IV/Practicos/Entrenamiento/PE_7/PE_7.sim/sim_1/impl/timing/xsim/tb_oe_counter_time_impl.v" Line 379. Negative delay (-2147483648.000000) treated as 0.
WARNING: [XSIM 43-3368] "/run/media/fnavarro/Datos/fnavarro/6to/Tecnicas_Digitales_IV/Practicos/Entrenamiento/PE_7/PE_7.sim/sim_1/impl/timing/xsim/tb_oe_counter_time_impl.v" Line 379. Negative delay (-2147483648.000000) treated as 0.
WARNING: [XSIM 43-3368] "/run/media/fnavarro/Datos/fnavarro/6to/Tecnicas_Digitales_IV/Practicos/Entrenamiento/PE_7/PE_7.sim/sim_1/impl/timing/xsim/tb_oe_counter_time_impl.v" Line 379. Negative delay (-2147483648.000000) treated as 0.
WARNING: [XSIM 43-3368] "/run/media/fnavarro/Datos/fnavarro/6to/Tecnicas_Digitales_IV/Practicos/Entrenamiento/PE_7/PE_7.sim/sim_1/impl/timing/xsim/tb_oe_counter_time_impl.v" Line 393. Negative delay (-2147483648.000000) treated as 0.
WARNING: [XSIM 43-3368] "/run/media/fnavarro/Datos/fnavarro/6to/Tecnicas_Digitales_IV/Practicos/Entrenamiento/PE_7/PE_7.sim/sim_1/impl/timing/xsim/tb_oe_counter_time_impl.v" Line 393. Negative delay (-2147483648.000000) treated as 0.
WARNING: [XSIM 43-3368] "/run/media/fnavarro/Datos/fnavarro/6to/Tecnicas_Digitales_IV/Practicos/Entrenamiento/PE_7/PE_7.sim/sim_1/impl/timing/xsim/tb_oe_counter_time_impl.v" Line 393. Negative delay (-2147483648.000000) treated as 0.
WARNING: [XSIM 43-3368] "/run/media/fnavarro/Datos/fnavarro/6to/Tecnicas_Digitales_IV/Practicos/Entrenamiento/PE_7/PE_7.sim/sim_1/impl/timing/xsim/tb_oe_counter_time_impl.v" Line 393. Negative delay (-2147483648.000000) treated as 0.
WARNING: [XSIM 43-3368] "/run/media/fnavarro/Datos/fnavarro/6to/Tecnicas_Digitales_IV/Practicos/Entrenamiento/PE_7/PE_7.sim/sim_1/impl/timing/xsim/tb_oe_counter_time_impl.v" Line 393. Negative delay (-2147483648.000000) treated as 0.
WARNING: [XSIM 43-3368] "/run/media/fnavarro/Datos/fnavarro/6to/Tecnicas_Digitales_IV/Practicos/Entrenamiento/PE_7/PE_7.sim/sim_1/impl/timing/xsim/tb_oe_counter_time_impl.v" Line 400. Negative delay (-2147483648.000000) treated as 0.
WARNING: [XSIM 43-3368] "/run/media/fnavarro/Datos/fnavarro/6to/Tecnicas_Digitales_IV/Practicos/Entrenamiento/PE_7/PE_7.sim/sim_1/impl/timing/xsim/tb_oe_counter_time_impl.v" Line 400. Negative delay (-2147483648.000000) treated as 0.
WARNING: [XSIM 43-3368] "/run/media/fnavarro/Datos/fnavarro/6to/Tecnicas_Digitales_IV/Practicos/Entrenamiento/PE_7/PE_7.sim/sim_1/impl/timing/xsim/tb_oe_counter_time_impl.v" Line 400. Negative delay (-2147483648.000000) treated as 0.
WARNING: [XSIM 43-3368] "/run/media/fnavarro/Datos/fnavarro/6to/Tecnicas_Digitales_IV/Practicos/Entrenamiento/PE_7/PE_7.sim/sim_1/impl/timing/xsim/tb_oe_counter_time_impl.v" Line 400. Negative delay (-2147483648.000000) treated as 0.
WARNING: [XSIM 43-3368] "/run/media/fnavarro/Datos/fnavarro/6to/Tecnicas_Digitales_IV/Practicos/Entrenamiento/PE_7/PE_7.sim/sim_1/impl/timing/xsim/tb_oe_counter_time_impl.v" Line 400. Negative delay (-2147483648.000000) treated as 0.
WARNING: [XSIM 43-3368] "/run/media/fnavarro/Datos/fnavarro/6to/Tecnicas_Digitales_IV/Practicos/Entrenamiento/PE_7/PE_7.sim/sim_1/impl/timing/xsim/tb_oe_counter_time_impl.v" Line 407. Negative delay (-2147483648.000000) treated as 0.
WARNING: [XSIM 43-3368] "/run/media/fnavarro/Datos/fnavarro/6to/Tecnicas_Digitales_IV/Practicos/Entrenamiento/PE_7/PE_7.sim/sim_1/impl/timing/xsim/tb_oe_counter_time_impl.v" Line 407. Negative delay (-2147483648.000000) treated as 0.
WARNING: [XSIM 43-3368] "/run/media/fnavarro/Datos/fnavarro/6to/Tecnicas_Digitales_IV/Practicos/Entrenamiento/PE_7/PE_7.sim/sim_1/impl/timing/xsim/tb_oe_counter_time_impl.v" Line 407. Negative delay (-2147483648.000000) treated as 0.
WARNING: [XSIM 43-3368] "/run/media/fnavarro/Datos/fnavarro/6to/Tecnicas_Digitales_IV/Practicos/Entrenamiento/PE_7/PE_7.sim/sim_1/impl/timing/xsim/tb_oe_counter_time_impl.v" Line 407. Negative delay (-2147483648.000000) treated as 0.
WARNING: [XSIM 43-3368] "/run/media/fnavarro/Datos/fnavarro/6to/Tecnicas_Digitales_IV/Practicos/Entrenamiento/PE_7/PE_7.sim/sim_1/impl/timing/xsim/tb_oe_counter_time_impl.v" Line 407. Negative delay (-2147483648.000000) treated as 0.
WARNING: [XSIM 43-3368] "/run/media/fnavarro/Datos/fnavarro/6to/Tecnicas_Digitales_IV/Practicos/Entrenamiento/PE_7/PE_7.sim/sim_1/impl/timing/xsim/tb_oe_counter_time_impl.v" Line 414. Negative delay (-2147483648.000000) treated as 0.
WARNING: [XSIM 43-3368] "/run/media/fnavarro/Datos/fnavarro/6to/Tecnicas_Digitales_IV/Practicos/Entrenamiento/PE_7/PE_7.sim/sim_1/impl/timing/xsim/tb_oe_counter_time_impl.v" Line 414. Negative delay (-2147483648.000000) treated as 0.
WARNING: [XSIM 43-3368] "/run/media/fnavarro/Datos/fnavarro/6to/Tecnicas_Digitales_IV/Practicos/Entrenamiento/PE_7/PE_7.sim/sim_1/impl/timing/xsim/tb_oe_counter_time_impl.v" Line 414. Negative delay (-2147483648.000000) treated as 0.
WARNING: [XSIM 43-3368] "/run/media/fnavarro/Datos/fnavarro/6to/Tecnicas_Digitales_IV/Practicos/Entrenamiento/PE_7/PE_7.sim/sim_1/impl/timing/xsim/tb_oe_counter_time_impl.v" Line 414. Negative delay (-2147483648.000000) treated as 0.
WARNING: [XSIM 43-3368] "/run/media/fnavarro/Datos/fnavarro/6to/Tecnicas_Digitales_IV/Practicos/Entrenamiento/PE_7/PE_7.sim/sim_1/impl/timing/xsim/tb_oe_counter_time_impl.v" Line 414. Negative delay (-2147483648.000000) treated as 0.
WARNING: [XSIM 43-3368] "/run/media/fnavarro/Datos/fnavarro/6to/Tecnicas_Digitales_IV/Practicos/Entrenamiento/PE_7/PE_7.sim/sim_1/impl/timing/xsim/tb_oe_counter_time_impl.v" Line 421. Negative delay (-2147483648.000000) treated as 0.
WARNING: [XSIM 43-3368] "/run/media/fnavarro/Datos/fnavarro/6to/Tecnicas_Digitales_IV/Practicos/Entrenamiento/PE_7/PE_7.sim/sim_1/impl/timing/xsim/tb_oe_counter_time_impl.v" Line 421. Negative delay (-2147483648.000000) treated as 0.
WARNING: [XSIM 43-3368] "/run/media/fnavarro/Datos/fnavarro/6to/Tecnicas_Digitales_IV/Practicos/Entrenamiento/PE_7/PE_7.sim/sim_1/impl/timing/xsim/tb_oe_counter_time_impl.v" Line 421. Negative delay (-2147483648.000000) treated as 0.
WARNING: [XSIM 43-3368] "/run/media/fnavarro/Datos/fnavarro/6to/Tecnicas_Digitales_IV/Practicos/Entrenamiento/PE_7/PE_7.sim/sim_1/impl/timing/xsim/tb_oe_counter_time_impl.v" Line 421. Negative delay (-2147483648.000000) treated as 0.
WARNING: [XSIM 43-3368] "/run/media/fnavarro/Datos/fnavarro/6to/Tecnicas_Digitales_IV/Practicos/Entrenamiento/PE_7/PE_7.sim/sim_1/impl/timing/xsim/tb_oe_counter_time_impl.v" Line 421. Negative delay (-2147483648.000000) treated as 0.
WARNING: [XSIM 43-3368] "/run/media/fnavarro/Datos/fnavarro/6to/Tecnicas_Digitales_IV/Practicos/Entrenamiento/PE_7/PE_7.sim/sim_1/impl/timing/xsim/tb_oe_counter_time_impl.v" Line 421. Negative delay (-2147483648.000000) treated as 0.
WARNING: [XSIM 43-3368] "/run/media/fnavarro/Datos/fnavarro/6to/Tecnicas_Digitales_IV/Practicos/Entrenamiento/PE_7/PE_7.sim/sim_1/impl/timing/xsim/tb_oe_counter_time_impl.v" Line 421. Negative delay (-2147483648.000000) treated as 0.
WARNING: [XSIM 43-3368] "/run/media/fnavarro/Datos/fnavarro/6to/Tecnicas_Digitales_IV/Practicos/Entrenamiento/PE_7/PE_7.sim/sim_1/impl/timing/xsim/tb_oe_counter_time_impl.v" Line 421. Negative delay (-2147483648.000000) treated as 0.
WARNING: [XSIM 43-3368] "/run/media/fnavarro/Datos/fnavarro/6to/Tecnicas_Digitales_IV/Practicos/Entrenamiento/PE_7/PE_7.sim/sim_1/impl/timing/xsim/tb_oe_counter_time_impl.v" Line 421. Negative delay (-2147483648.000000) treated as 0.
WARNING: [XSIM 43-3368] "/run/media/fnavarro/Datos/fnavarro/6to/Tecnicas_Digitales_IV/Practicos/Entrenamiento/PE_7/PE_7.sim/sim_1/impl/timing/xsim/tb_oe_counter_time_impl.v" Line 421. Negative delay (-2147483648.000000) treated as 0.
WARNING: [XSIM 43-3368] "/run/media/fnavarro/Datos/fnavarro/6to/Tecnicas_Digitales_IV/Practicos/Entrenamiento/PE_7/PE_7.sim/sim_1/impl/timing/xsim/tb_oe_counter_time_impl.v" Line 421. Negative delay (-2147483648.000000) treated as 0.
WARNING: [XSIM 43-3368] "/run/media/fnavarro/Datos/fnavarro/6to/Tecnicas_Digitales_IV/Practicos/Entrenamiento/PE_7/PE_7.sim/sim_1/impl/timing/xsim/tb_oe_counter_time_impl.v" Line 421. Negative delay (-2147483648.000000) treated as 0.
WARNING: [XSIM 43-3368] "/run/media/fnavarro/Datos/fnavarro/6to/Tecnicas_Digitales_IV/Practicos/Entrenamiento/PE_7/PE_7.sim/sim_1/impl/timing/xsim/tb_oe_counter_time_impl.v" Line 421. Negative delay (-2147483648.000000) treated as 0.
WARNING: [XSIM 43-3368] "/run/media/fnavarro/Datos/fnavarro/6to/Tecnicas_Digitales_IV/Practicos/Entrenamiento/PE_7/PE_7.sim/sim_1/impl/timing/xsim/tb_oe_counter_time_impl.v" Line 421. Negative delay (-2147483648.000000) treated as 0.
WARNING: [XSIM 43-3368] "/run/media/fnavarro/Datos/fnavarro/6to/Tecnicas_Digitales_IV/Practicos/Entrenamiento/PE_7/PE_7.sim/sim_1/impl/timing/xsim/tb_oe_counter_time_impl.v" Line 421. Negative delay (-2147483648.000000) treated as 0.
WARNING: [XSIM 43-3368] "/run/media/fnavarro/Datos/fnavarro/6to/Tecnicas_Digitales_IV/Practicos/Entrenamiento/PE_7/PE_7.sim/sim_1/impl/timing/xsim/tb_oe_counter_time_impl.v" Line 431. Negative delay (-2147483648.000000) treated as 0.
WARNING: [XSIM 43-3368] "/run/media/fnavarro/Datos/fnavarro/6to/Tecnicas_Digitales_IV/Practicos/Entrenamiento/PE_7/PE_7.sim/sim_1/impl/timing/xsim/tb_oe_counter_time_impl.v" Line 431. Negative delay (-2147483648.000000) treated as 0.
WARNING: [XSIM 43-3368] "/run/media/fnavarro/Datos/fnavarro/6to/Tecnicas_Digitales_IV/Practicos/Entrenamiento/PE_7/PE_7.sim/sim_1/impl/timing/xsim/tb_oe_counter_time_impl.v" Line 431. Negative delay (-2147483648.000000) treated as 0.
WARNING: [XSIM 43-3368] "/run/media/fnavarro/Datos/fnavarro/6to/Tecnicas_Digitales_IV/Practicos/Entrenamiento/PE_7/PE_7.sim/sim_1/impl/timing/xsim/tb_oe_counter_time_impl.v" Line 431. Negative delay (-2147483648.000000) treated as 0.
WARNING: [XSIM 43-3368] "/run/media/fnavarro/Datos/fnavarro/6to/Tecnicas_Digitales_IV/Practicos/Entrenamiento/PE_7/PE_7.sim/sim_1/impl/timing/xsim/tb_oe_counter_time_impl.v" Line 431. Negative delay (-2147483648.000000) treated as 0.
WARNING: [XSIM 43-3368] "/run/media/fnavarro/Datos/fnavarro/6to/Tecnicas_Digitales_IV/Practicos/Entrenamiento/PE_7/PE_7.sim/sim_1/impl/timing/xsim/tb_oe_counter_time_impl.v" Line 431. Negative delay (-2147483648.000000) treated as 0.
WARNING: [XSIM 43-3368] "/run/media/fnavarro/Datos/fnavarro/6to/Tecnicas_Digitales_IV/Practicos/Entrenamiento/PE_7/PE_7.sim/sim_1/impl/timing/xsim/tb_oe_counter_time_impl.v" Line 431. Negative delay (-2147483648.000000) treated as 0.
WARNING: [XSIM 43-3368] "/run/media/fnavarro/Datos/fnavarro/6to/Tecnicas_Digitales_IV/Practicos/Entrenamiento/PE_7/PE_7.sim/sim_1/impl/timing/xsim/tb_oe_counter_time_impl.v" Line 431. Negative delay (-2147483648.000000) treated as 0.
WARNING: [XSIM 43-3368] "/run/media/fnavarro/Datos/fnavarro/6to/Tecnicas_Digitales_IV/Practicos/Entrenamiento/PE_7/PE_7.sim/sim_1/impl/timing/xsim/tb_oe_counter_time_impl.v" Line 431. Negative delay (-2147483648.000000) treated as 0.
WARNING: [XSIM 43-3368] "/run/media/fnavarro/Datos/fnavarro/6to/Tecnicas_Digitales_IV/Practicos/Entrenamiento/PE_7/PE_7.sim/sim_1/impl/timing/xsim/tb_oe_counter_time_impl.v" Line 431. Negative delay (-2147483648.000000) treated as 0.
WARNING: [XSIM 43-3368] "/run/media/fnavarro/Datos/fnavarro/6to/Tecnicas_Digitales_IV/Practicos/Entrenamiento/PE_7/PE_7.sim/sim_1/impl/timing/xsim/tb_oe_counter_time_impl.v" Line 439. Negative delay (-2147483648.000000) treated as 0.
WARNING: [XSIM 43-3368] "/run/media/fnavarro/Datos/fnavarro/6to/Tecnicas_Digitales_IV/Practicos/Entrenamiento/PE_7/PE_7.sim/sim_1/impl/timing/xsim/tb_oe_counter_time_impl.v" Line 439. Negative delay (-2147483648.000000) treated as 0.
WARNING: [XSIM 43-3368] "/run/media/fnavarro/Datos/fnavarro/6to/Tecnicas_Digitales_IV/Practicos/Entrenamiento/PE_7/PE_7.sim/sim_1/impl/timing/xsim/tb_oe_counter_time_impl.v" Line 439. Negative delay (-2147483648.000000) treated as 0.
WARNING: [XSIM 43-3368] "/run/media/fnavarro/Datos/fnavarro/6to/Tecnicas_Digitales_IV/Practicos/Entrenamiento/PE_7/PE_7.sim/sim_1/impl/timing/xsim/tb_oe_counter_time_impl.v" Line 439. Negative delay (-2147483648.000000) treated as 0.
WARNING: [XSIM 43-3368] "/run/media/fnavarro/Datos/fnavarro/6to/Tecnicas_Digitales_IV/Practicos/Entrenamiento/PE_7/PE_7.sim/sim_1/impl/timing/xsim/tb_oe_counter_time_impl.v" Line 439. Negative delay (-2147483648.000000) treated as 0.
WARNING: [XSIM 43-3368] "/run/media/fnavarro/Datos/fnavarro/6to/Tecnicas_Digitales_IV/Practicos/Entrenamiento/PE_7/PE_7.sim/sim_1/impl/timing/xsim/tb_oe_counter_time_impl.v" Line 439. Negative delay (-2147483648.000000) treated as 0.
WARNING: [XSIM 43-3368] "/run/media/fnavarro/Datos/fnavarro/6to/Tecnicas_Digitales_IV/Practicos/Entrenamiento/PE_7/PE_7.sim/sim_1/impl/timing/xsim/tb_oe_counter_time_impl.v" Line 439. Negative delay (-2147483648.000000) treated as 0.
WARNING: [XSIM 43-3368] "/run/media/fnavarro/Datos/fnavarro/6to/Tecnicas_Digitales_IV/Practicos/Entrenamiento/PE_7/PE_7.sim/sim_1/impl/timing/xsim/tb_oe_counter_time_impl.v" Line 439. Negative delay (-2147483648.000000) treated as 0.
WARNING: [XSIM 43-3368] "/run/media/fnavarro/Datos/fnavarro/6to/Tecnicas_Digitales_IV/Practicos/Entrenamiento/PE_7/PE_7.sim/sim_1/impl/timing/xsim/tb_oe_counter_time_impl.v" Line 439. Negative delay (-2147483648.000000) treated as 0.
WARNING: [XSIM 43-3368] "/run/media/fnavarro/Datos/fnavarro/6to/Tecnicas_Digitales_IV/Practicos/Entrenamiento/PE_7/PE_7.sim/sim_1/impl/timing/xsim/tb_oe_counter_time_impl.v" Line 439. Negative delay (-2147483648.000000) treated as 0.
WARNING: [XSIM 43-3368] "/run/media/fnavarro/Datos/fnavarro/6to/Tecnicas_Digitales_IV/Practicos/Entrenamiento/PE_7/PE_7.sim/sim_1/impl/timing/xsim/tb_oe_counter_time_impl.v" Line 447. Negative delay (-2147483648.000000) treated as 0.
WARNING: [XSIM 43-3368] "/run/media/fnavarro/Datos/fnavarro/6to/Tecnicas_Digitales_IV/Practicos/Entrenamiento/PE_7/PE_7.sim/sim_1/impl/timing/xsim/tb_oe_counter_time_impl.v" Line 447. Negative delay (-2147483648.000000) treated as 0.
WARNING: [XSIM 43-3368] "/run/media/fnavarro/Datos/fnavarro/6to/Tecnicas_Digitales_IV/Practicos/Entrenamiento/PE_7/PE_7.sim/sim_1/impl/timing/xsim/tb_oe_counter_time_impl.v" Line 447. Negative delay (-2147483648.000000) treated as 0.
WARNING: [XSIM 43-3368] "/run/media/fnavarro/Datos/fnavarro/6to/Tecnicas_Digitales_IV/Practicos/Entrenamiento/PE_7/PE_7.sim/sim_1/impl/timing/xsim/tb_oe_counter_time_impl.v" Line 447. Negative delay (-2147483648.000000) treated as 0.
WARNING: [XSIM 43-3368] "/run/media/fnavarro/Datos/fnavarro/6to/Tecnicas_Digitales_IV/Practicos/Entrenamiento/PE_7/PE_7.sim/sim_1/impl/timing/xsim/tb_oe_counter_time_impl.v" Line 447. Negative delay (-2147483648.000000) treated as 0.
WARNING: [XSIM 43-3368] "/run/media/fnavarro/Datos/fnavarro/6to/Tecnicas_Digitales_IV/Practicos/Entrenamiento/PE_7/PE_7.sim/sim_1/impl/timing/xsim/tb_oe_counter_time_impl.v" Line 447. Negative delay (-2147483648.000000) treated as 0.
WARNING: [XSIM 43-3368] "/run/media/fnavarro/Datos/fnavarro/6to/Tecnicas_Digitales_IV/Practicos/Entrenamiento/PE_7/PE_7.sim/sim_1/impl/timing/xsim/tb_oe_counter_time_impl.v" Line 447. Negative delay (-2147483648.000000) treated as 0.
WARNING: [XSIM 43-3368] "/run/media/fnavarro/Datos/fnavarro/6to/Tecnicas_Digitales_IV/Practicos/Entrenamiento/PE_7/PE_7.sim/sim_1/impl/timing/xsim/tb_oe_counter_time_impl.v" Line 447. Negative delay (-2147483648.000000) treated as 0.
WARNING: [XSIM 43-3368] "/run/media/fnavarro/Datos/fnavarro/6to/Tecnicas_Digitales_IV/Practicos/Entrenamiento/PE_7/PE_7.sim/sim_1/impl/timing/xsim/tb_oe_counter_time_impl.v" Line 447. Negative delay (-2147483648.000000) treated as 0.
WARNING: [XSIM 43-3368] "/run/media/fnavarro/Datos/fnavarro/6to/Tecnicas_Digitales_IV/Practicos/Entrenamiento/PE_7/PE_7.sim/sim_1/impl/timing/xsim/tb_oe_counter_time_impl.v" Line 447. Negative delay (-2147483648.000000) treated as 0.
WARNING: [XSIM 43-3368] "/run/media/fnavarro/Datos/fnavarro/6to/Tecnicas_Digitales_IV/Practicos/Entrenamiento/PE_7/PE_7.sim/sim_1/impl/timing/xsim/tb_oe_counter_time_impl.v" Line 455. Negative delay (-2147483648.000000) treated as 0.
WARNING: [XSIM 43-3368] "/run/media/fnavarro/Datos/fnavarro/6to/Tecnicas_Digitales_IV/Practicos/Entrenamiento/PE_7/PE_7.sim/sim_1/impl/timing/xsim/tb_oe_counter_time_impl.v" Line 455. Negative delay (-2147483648.000000) treated as 0.
WARNING: [XSIM 43-3368] "/run/media/fnavarro/Datos/fnavarro/6to/Tecnicas_Digitales_IV/Practicos/Entrenamiento/PE_7/PE_7.sim/sim_1/impl/timing/xsim/tb_oe_counter_time_impl.v" Line 455. Negative delay (-2147483648.000000) treated as 0.
WARNING: [XSIM 43-3368] "/run/media/fnavarro/Datos/fnavarro/6to/Tecnicas_Digitales_IV/Practicos/Entrenamiento/PE_7/PE_7.sim/sim_1/impl/timing/xsim/tb_oe_counter_time_impl.v" Line 455. Negative delay (-2147483648.000000) treated as 0.
WARNING: [XSIM 43-3368] "/run/media/fnavarro/Datos/fnavarro/6to/Tecnicas_Digitales_IV/Practicos/Entrenamiento/PE_7/PE_7.sim/sim_1/impl/timing/xsim/tb_oe_counter_time_impl.v" Line 455. Negative delay (-2147483648.000000) treated as 0.
WARNING: [XSIM 43-3368] "/run/media/fnavarro/Datos/fnavarro/6to/Tecnicas_Digitales_IV/Practicos/Entrenamiento/PE_7/PE_7.sim/sim_1/impl/timing/xsim/tb_oe_counter_time_impl.v" Line 455. Negative delay (-2147483648.000000) treated as 0.
WARNING: [XSIM 43-3368] "/run/media/fnavarro/Datos/fnavarro/6to/Tecnicas_Digitales_IV/Practicos/Entrenamiento/PE_7/PE_7.sim/sim_1/impl/timing/xsim/tb_oe_counter_time_impl.v" Line 455. Negative delay (-2147483648.000000) treated as 0.
WARNING: [XSIM 43-3368] "/run/media/fnavarro/Datos/fnavarro/6to/Tecnicas_Digitales_IV/Practicos/Entrenamiento/PE_7/PE_7.sim/sim_1/impl/timing/xsim/tb_oe_counter_time_impl.v" Line 455. Negative delay (-2147483648.000000) treated as 0.
WARNING: [XSIM 43-3368] "/run/media/fnavarro/Datos/fnavarro/6to/Tecnicas_Digitales_IV/Practicos/Entrenamiento/PE_7/PE_7.sim/sim_1/impl/timing/xsim/tb_oe_counter_time_impl.v" Line 455. Negative delay (-2147483648.000000) treated as 0.
WARNING: [XSIM 43-3368] "/run/media/fnavarro/Datos/fnavarro/6to/Tecnicas_Digitales_IV/Practicos/Entrenamiento/PE_7/PE_7.sim/sim_1/impl/timing/xsim/tb_oe_counter_time_impl.v" Line 455. Negative delay (-2147483648.000000) treated as 0.
WARNING: [XSIM 43-3368] "/run/media/fnavarro/Datos/fnavarro/6to/Tecnicas_Digitales_IV/Practicos/Entrenamiento/PE_7/PE_7.sim/sim_1/impl/timing/xsim/tb_oe_counter_time_impl.v" Line 463. Negative delay (-2147483648.000000) treated as 0.
WARNING: [XSIM 43-3368] "/run/media/fnavarro/Datos/fnavarro/6to/Tecnicas_Digitales_IV/Practicos/Entrenamiento/PE_7/PE_7.sim/sim_1/impl/timing/xsim/tb_oe_counter_time_impl.v" Line 463. Negative delay (-2147483648.000000) treated as 0.
WARNING: [XSIM 43-3368] "/run/media/fnavarro/Datos/fnavarro/6to/Tecnicas_Digitales_IV/Practicos/Entrenamiento/PE_7/PE_7.sim/sim_1/impl/timing/xsim/tb_oe_counter_time_impl.v" Line 463. Negative delay (-2147483648.000000) treated as 0.
WARNING: [XSIM 43-3368] "/run/media/fnavarro/Datos/fnavarro/6to/Tecnicas_Digitales_IV/Practicos/Entrenamiento/PE_7/PE_7.sim/sim_1/impl/timing/xsim/tb_oe_counter_time_impl.v" Line 463. Negative delay (-2147483648.000000) treated as 0.
WARNING: [XSIM 43-3368] "/run/media/fnavarro/Datos/fnavarro/6to/Tecnicas_Digitales_IV/Practicos/Entrenamiento/PE_7/PE_7.sim/sim_1/impl/timing/xsim/tb_oe_counter_time_impl.v" Line 463. Negative delay (-2147483648.000000) treated as 0.
WARNING: [XSIM 43-3368] "/run/media/fnavarro/Datos/fnavarro/6to/Tecnicas_Digitales_IV/Practicos/Entrenamiento/PE_7/PE_7.sim/sim_1/impl/timing/xsim/tb_oe_counter_time_impl.v" Line 463. Negative delay (-2147483648.000000) treated as 0.
WARNING: [XSIM 43-3368] "/run/media/fnavarro/Datos/fnavarro/6to/Tecnicas_Digitales_IV/Practicos/Entrenamiento/PE_7/PE_7.sim/sim_1/impl/timing/xsim/tb_oe_counter_time_impl.v" Line 463. Negative delay (-2147483648.000000) treated as 0.
WARNING: [XSIM 43-3368] "/run/media/fnavarro/Datos/fnavarro/6to/Tecnicas_Digitales_IV/Practicos/Entrenamiento/PE_7/PE_7.sim/sim_1/impl/timing/xsim/tb_oe_counter_time_impl.v" Line 463. Negative delay (-2147483648.000000) treated as 0.
WARNING: [XSIM 43-3368] "/run/media/fnavarro/Datos/fnavarro/6to/Tecnicas_Digitales_IV/Practicos/Entrenamiento/PE_7/PE_7.sim/sim_1/impl/timing/xsim/tb_oe_counter_time_impl.v" Line 463. Negative delay (-2147483648.000000) treated as 0.
WARNING: [XSIM 43-3368] "/run/media/fnavarro/Datos/fnavarro/6to/Tecnicas_Digitales_IV/Practicos/Entrenamiento/PE_7/PE_7.sim/sim_1/impl/timing/xsim/tb_oe_counter_time_impl.v" Line 463. Negative delay (-2147483648.000000) treated as 0.
WARNING: [XSIM 43-3368] "/run/media/fnavarro/Datos/fnavarro/6to/Tecnicas_Digitales_IV/Practicos/Entrenamiento/PE_7/PE_7.sim/sim_1/impl/timing/xsim/tb_oe_counter_time_impl.v" Line 471. Negative delay (-2147483648.000000) treated as 0.
WARNING: [XSIM 43-3368] "/run/media/fnavarro/Datos/fnavarro/6to/Tecnicas_Digitales_IV/Practicos/Entrenamiento/PE_7/PE_7.sim/sim_1/impl/timing/xsim/tb_oe_counter_time_impl.v" Line 471. Negative delay (-2147483648.000000) treated as 0.
WARNING: [XSIM 43-3368] "/run/media/fnavarro/Datos/fnavarro/6to/Tecnicas_Digitales_IV/Practicos/Entrenamiento/PE_7/PE_7.sim/sim_1/impl/timing/xsim/tb_oe_counter_time_impl.v" Line 471. Negative delay (-2147483648.000000) treated as 0.
WARNING: [XSIM 43-3368] "/run/media/fnavarro/Datos/fnavarro/6to/Tecnicas_Digitales_IV/Practicos/Entrenamiento/PE_7/PE_7.sim/sim_1/impl/timing/xsim/tb_oe_counter_time_impl.v" Line 471. Negative delay (-2147483648.000000) treated as 0.
WARNING: [XSIM 43-3368] "/run/media/fnavarro/Datos/fnavarro/6to/Tecnicas_Digitales_IV/Practicos/Entrenamiento/PE_7/PE_7.sim/sim_1/impl/timing/xsim/tb_oe_counter_time_impl.v" Line 471. Negative delay (-2147483648.000000) treated as 0.
WARNING: [XSIM 43-3368] "/run/media/fnavarro/Datos/fnavarro/6to/Tecnicas_Digitales_IV/Practicos/Entrenamiento/PE_7/PE_7.sim/sim_1/impl/timing/xsim/tb_oe_counter_time_impl.v" Line 488. Negative delay (-1073741824.000000) treated as 0.
WARNING: [XSIM 43-3368] "/run/media/fnavarro/Datos/fnavarro/6to/Tecnicas_Digitales_IV/Practicos/Entrenamiento/PE_7/PE_7.sim/sim_1/impl/timing/xsim/tb_oe_counter_time_impl.v" Line 488. Negative delay (-1073741824.000000) treated as 0.
WARNING: [XSIM 43-3368] "/run/media/fnavarro/Datos/fnavarro/6to/Tecnicas_Digitales_IV/Practicos/Entrenamiento/PE_7/PE_7.sim/sim_1/impl/timing/xsim/tb_oe_counter_time_impl.v" Line 488. Negative delay (-1073741824.000000) treated as 0.
WARNING: [XSIM 43-3368] "/run/media/fnavarro/Datos/fnavarro/6to/Tecnicas_Digitales_IV/Practicos/Entrenamiento/PE_7/PE_7.sim/sim_1/impl/timing/xsim/tb_oe_counter_time_impl.v" Line 488. Negative delay (-1073741824.000000) treated as 0.
WARNING: [XSIM 43-3368] "/run/media/fnavarro/Datos/fnavarro/6to/Tecnicas_Digitales_IV/Practicos/Entrenamiento/PE_7/PE_7.sim/sim_1/impl/timing/xsim/tb_oe_counter_time_impl.v" Line 488. Negative delay (-1073741824.000000) treated as 0.
WARNING: [XSIM 43-3368] "/run/media/fnavarro/Datos/fnavarro/6to/Tecnicas_Digitales_IV/Practicos/Entrenamiento/PE_7/PE_7.sim/sim_1/impl/timing/xsim/tb_oe_counter_time_impl.v" Line 495. Negative delay (-2147483648.000000) treated as 0.
WARNING: [XSIM 43-3368] "/run/media/fnavarro/Datos/fnavarro/6to/Tecnicas_Digitales_IV/Practicos/Entrenamiento/PE_7/PE_7.sim/sim_1/impl/timing/xsim/tb_oe_counter_time_impl.v" Line 495. Negative delay (-2147483648.000000) treated as 0.
WARNING: [XSIM 43-3368] "/run/media/fnavarro/Datos/fnavarro/6to/Tecnicas_Digitales_IV/Practicos/Entrenamiento/PE_7/PE_7.sim/sim_1/impl/timing/xsim/tb_oe_counter_time_impl.v" Line 495. Negative delay (-2147483648.000000) treated as 0.
WARNING: [XSIM 43-3368] "/run/media/fnavarro/Datos/fnavarro/6to/Tecnicas_Digitales_IV/Practicos/Entrenamiento/PE_7/PE_7.sim/sim_1/impl/timing/xsim/tb_oe_counter_time_impl.v" Line 495. Negative delay (-2147483648.000000) treated as 0.
WARNING: [XSIM 43-3368] "/run/media/fnavarro/Datos/fnavarro/6to/Tecnicas_Digitales_IV/Practicos/Entrenamiento/PE_7/PE_7.sim/sim_1/impl/timing/xsim/tb_oe_counter_time_impl.v" Line 495. Negative delay (-2147483648.000000) treated as 0.
WARNING: [XSIM 43-3368] "/run/media/fnavarro/Datos/fnavarro/6to/Tecnicas_Digitales_IV/Practicos/Entrenamiento/PE_7/PE_7.sim/sim_1/impl/timing/xsim/tb_oe_counter_time_impl.v" Line 502. Negative delay (-2147483648.000000) treated as 0.
WARNING: [XSIM 43-3368] "/run/media/fnavarro/Datos/fnavarro/6to/Tecnicas_Digitales_IV/Practicos/Entrenamiento/PE_7/PE_7.sim/sim_1/impl/timing/xsim/tb_oe_counter_time_impl.v" Line 502. Negative delay (-2147483648.000000) treated as 0.
WARNING: [XSIM 43-3368] "/run/media/fnavarro/Datos/fnavarro/6to/Tecnicas_Digitales_IV/Practicos/Entrenamiento/PE_7/PE_7.sim/sim_1/impl/timing/xsim/tb_oe_counter_time_impl.v" Line 502. Negative delay (-2147483648.000000) treated as 0.
WARNING: [XSIM 43-3368] "/run/media/fnavarro/Datos/fnavarro/6to/Tecnicas_Digitales_IV/Practicos/Entrenamiento/PE_7/PE_7.sim/sim_1/impl/timing/xsim/tb_oe_counter_time_impl.v" Line 502. Negative delay (-2147483648.000000) treated as 0.
WARNING: [XSIM 43-3368] "/run/media/fnavarro/Datos/fnavarro/6to/Tecnicas_Digitales_IV/Practicos/Entrenamiento/PE_7/PE_7.sim/sim_1/impl/timing/xsim/tb_oe_counter_time_impl.v" Line 502. Negative delay (-2147483648.000000) treated as 0.
WARNING: [XSIM 43-3368] "/run/media/fnavarro/Datos/fnavarro/6to/Tecnicas_Digitales_IV/Practicos/Entrenamiento/PE_7/PE_7.sim/sim_1/impl/timing/xsim/tb_oe_counter_time_impl.v" Line 509. Negative delay (-2147483648.000000) treated as 0.
WARNING: [XSIM 43-3368] "/run/media/fnavarro/Datos/fnavarro/6to/Tecnicas_Digitales_IV/Practicos/Entrenamiento/PE_7/PE_7.sim/sim_1/impl/timing/xsim/tb_oe_counter_time_impl.v" Line 509. Negative delay (-2147483648.000000) treated as 0.
WARNING: [XSIM 43-3368] "/run/media/fnavarro/Datos/fnavarro/6to/Tecnicas_Digitales_IV/Practicos/Entrenamiento/PE_7/PE_7.sim/sim_1/impl/timing/xsim/tb_oe_counter_time_impl.v" Line 509. Negative delay (-2147483648.000000) treated as 0.
WARNING: [XSIM 43-3368] "/run/media/fnavarro/Datos/fnavarro/6to/Tecnicas_Digitales_IV/Practicos/Entrenamiento/PE_7/PE_7.sim/sim_1/impl/timing/xsim/tb_oe_counter_time_impl.v" Line 509. Negative delay (-2147483648.000000) treated as 0.
WARNING: [XSIM 43-3368] "/run/media/fnavarro/Datos/fnavarro/6to/Tecnicas_Digitales_IV/Practicos/Entrenamiento/PE_7/PE_7.sim/sim_1/impl/timing/xsim/tb_oe_counter_time_impl.v" Line 509. Negative delay (-2147483648.000000) treated as 0.
WARNING: [XSIM 43-3368] "/run/media/fnavarro/Datos/fnavarro/6to/Tecnicas_Digitales_IV/Practicos/Entrenamiento/PE_7/PE_7.sim/sim_1/impl/timing/xsim/tb_oe_counter_time_impl.v" Line 516. Negative delay (-1073741824.000000) treated as 0.
WARNING: [XSIM 43-3368] "/run/media/fnavarro/Datos/fnavarro/6to/Tecnicas_Digitales_IV/Practicos/Entrenamiento/PE_7/PE_7.sim/sim_1/impl/timing/xsim/tb_oe_counter_time_impl.v" Line 516. Negative delay (-1073741824.000000) treated as 0.
WARNING: [XSIM 43-3368] "/run/media/fnavarro/Datos/fnavarro/6to/Tecnicas_Digitales_IV/Practicos/Entrenamiento/PE_7/PE_7.sim/sim_1/impl/timing/xsim/tb_oe_counter_time_impl.v" Line 516. Negative delay (-1073741824.000000) treated as 0.
WARNING: [XSIM 43-3368] "/run/media/fnavarro/Datos/fnavarro/6to/Tecnicas_Digitales_IV/Practicos/Entrenamiento/PE_7/PE_7.sim/sim_1/impl/timing/xsim/tb_oe_counter_time_impl.v" Line 516. Negative delay (-1073741824.000000) treated as 0.
WARNING: [XSIM 43-3368] "/run/media/fnavarro/Datos/fnavarro/6to/Tecnicas_Digitales_IV/Practicos/Entrenamiento/PE_7/PE_7.sim/sim_1/impl/timing/xsim/tb_oe_counter_time_impl.v" Line 516. Negative delay (-1073741824.000000) treated as 0.
WARNING: [XSIM 43-3368] "/run/media/fnavarro/Datos/fnavarro/6to/Tecnicas_Digitales_IV/Practicos/Entrenamiento/PE_7/PE_7.sim/sim_1/impl/timing/xsim/tb_oe_counter_time_impl.v" Line 523. Negative delay (-2147483648.000000) treated as 0.
WARNING: [XSIM 43-3368] "/run/media/fnavarro/Datos/fnavarro/6to/Tecnicas_Digitales_IV/Practicos/Entrenamiento/PE_7/PE_7.sim/sim_1/impl/timing/xsim/tb_oe_counter_time_impl.v" Line 523. Negative delay (-2147483648.000000) treated as 0.
WARNING: [XSIM 43-3368] "/run/media/fnavarro/Datos/fnavarro/6to/Tecnicas_Digitales_IV/Practicos/Entrenamiento/PE_7/PE_7.sim/sim_1/impl/timing/xsim/tb_oe_counter_time_impl.v" Line 523. Negative delay (-2147483648.000000) treated as 0.
WARNING: [XSIM 43-3368] "/run/media/fnavarro/Datos/fnavarro/6to/Tecnicas_Digitales_IV/Practicos/Entrenamiento/PE_7/PE_7.sim/sim_1/impl/timing/xsim/tb_oe_counter_time_impl.v" Line 523. Negative delay (-2147483648.000000) treated as 0.
WARNING: [XSIM 43-3368] "/run/media/fnavarro/Datos/fnavarro/6to/Tecnicas_Digitales_IV/Practicos/Entrenamiento/PE_7/PE_7.sim/sim_1/impl/timing/xsim/tb_oe_counter_time_impl.v" Line 523. Negative delay (-2147483648.000000) treated as 0.
Compiling module xil_defaultlib.oe_counter
Compiling architecture tb_arch of entity xil_defaultlib.tb_oe_counter
Built simulation snapshot tb_oe_counter_time_impl
