#-----------------------------------------------------------
# Vivado v2019.2 (64-bit)
# SW Build 2708876 on Wed Nov  6 21:39:14 MST 2019
# IP Build 2700528 on Thu Nov  7 00:09:20 MST 2019
# Start of session at: Tue Apr  7 16:37:33 2020
# Process ID: 73358
# Current directory: /run/media/fnavarro/Datos/fnavarro/6to/Tecnicas Digitales IV/Practicos
# Command line: vivado
# Log file: /run/media/fnavarro/Datos/fnavarro/6to/Tecnicas Digitales IV/Practicos/vivado.log
# Journal file: /run/media/fnavarro/Datos/fnavarro/6to/Tecnicas Digitales IV/Practicos/vivado.jou
#-----------------------------------------------------------
start_gui
WARNING: [Board 49-26] cannot add Board Part digilentinc.com:genesys2:part0:1.1 available at /home/fnavarro/.Xilinx/Vivado/2019.2/xhub/board_store/XilinxBoardStore/Vivado/2019.2/boards/Digilent/genesys2/H/1.1/board.xml as part xc7k325tffg900-2 specified in board_part file is either invalid or not available
WARNING: [Board 49-26] cannot add Board Part digilentinc.com:sword:part0:1.0 available at /home/fnavarro/.Xilinx/Vivado/2019.2/xhub/board_store/XilinxBoardStore/Vivado/2019.2/boards/Digilent/sword/C.0/1.0/board.xml as part xc7k325tffg900-2 specified in board_part file is either invalid or not available
WARNING: [Board 49-26] cannot add Board Part trenz.biz:te0808_15eg_1e:part0:3.0 available at /home/fnavarro/.Xilinx/Vivado/2019.2/xhub/board_store/XilinxBoardStore/Vivado/2019.2/boards/Trenz_Electronic/TE0808_15EG_1E/3.0/3.0/board.xml as part xczu15eg-ffvc900-1-e specified in board_part file is either invalid or not available
WARNING: [Board 49-26] cannot add Board Part trenz.biz:te0808_15eg_1e_tebf0808:part0:4.0 available at /home/fnavarro/.Xilinx/Vivado/2019.2/xhub/board_store/XilinxBoardStore/Vivado/2019.2/boards/Trenz_Electronic/TE0808_15EG_1E/4.0/4.0/board.xml as part xczu15eg-ffvc900-1-e specified in board_part file is either invalid or not available
WARNING: [Board 49-26] cannot add Board Part trenz.biz:te0808_6eg_1e:part0:3.0 available at /home/fnavarro/.Xilinx/Vivado/2019.2/xhub/board_store/XilinxBoardStore/Vivado/2019.2/boards/Trenz_Electronic/TE0808_6EG_1E/3.0/3.0/board.xml as part xczu6eg-ffvc900-1-e specified in board_part file is either invalid or not available
WARNING: [Board 49-26] cannot add Board Part trenz.biz:te0808_6eg_1e_tebf0808:part0:4.0 available at /home/fnavarro/.Xilinx/Vivado/2019.2/xhub/board_store/XilinxBoardStore/Vivado/2019.2/boards/Trenz_Electronic/TE0808_6EG_1E/4.0/4.0/board.xml as part xczu6eg-ffvc900-1-e specified in board_part file is either invalid or not available
WARNING: [Board 49-26] cannot add Board Part trenz.biz:te0808_9eg_1e:part0:1.0 available at /home/fnavarro/.Xilinx/Vivado/2019.2/xhub/board_store/XilinxBoardStore/Vivado/2019.2/boards/Trenz_Electronic/TE0808_9EG_1E/1.0/1.0/board.xml as part xczu9eg-ffvc900-1-e specified in board_part file is either invalid or not available
WARNING: [Board 49-26] cannot add Board Part trenz.biz:te0808_9eg_1e:part0:3.0 available at /home/fnavarro/.Xilinx/Vivado/2019.2/xhub/board_store/XilinxBoardStore/Vivado/2019.2/boards/Trenz_Electronic/TE0808_9EG_1E/3.0/3.0/board.xml as part xczu9eg-ffvc900-1-e specified in board_part file is either invalid or not available
WARNING: [Board 49-26] cannot add Board Part trenz.biz:te0808_9eg_1e_tebf0808:part0:2.0 available at /home/fnavarro/.Xilinx/Vivado/2019.2/xhub/board_store/XilinxBoardStore/Vivado/2019.2/boards/Trenz_Electronic/TE0808_9EG_1E/2.0/2.0/board.xml as part xczu9eg-ffvc900-1-e specified in board_part file is either invalid or not available
WARNING: [Board 49-26] cannot add Board Part trenz.biz:te0808_9eg_1e_tebf0808:part0:4.0 available at /home/fnavarro/.Xilinx/Vivado/2019.2/xhub/board_store/XilinxBoardStore/Vivado/2019.2/boards/Trenz_Electronic/TE0808_9EG_1E/4.0/4.0/board.xml as part xczu9eg-ffvc900-1-e specified in board_part file is either invalid or not available
WARNING: [Board 49-26] cannot add Board Part trenz.biz:te0808_9eg_2i:part0:3.0 available at /home/fnavarro/.Xilinx/Vivado/2019.2/xhub/board_store/XilinxBoardStore/Vivado/2019.2/boards/Trenz_Electronic/TE0808_9EG_2I/3.0/3.0/board.xml as part xczu9eg-ffvc900-2-i specified in board_part file is either invalid or not available
WARNING: [Board 49-26] cannot add Board Part trenz.biz:te0808_9eg_2i_tebf0808:part0:4.0 available at /home/fnavarro/.Xilinx/Vivado/2019.2/xhub/board_store/XilinxBoardStore/Vivado/2019.2/boards/Trenz_Electronic/TE0808_9EG_2I/4.0/4.0/board.xml as part xczu9eg-ffvc900-2-i specified in board_part file is either invalid or not available
WARNING: [Board 49-26] cannot add Board Part trenz.biz:teb0911_9eg_1e:part0:1.0 available at /home/fnavarro/.Xilinx/Vivado/2019.2/xhub/board_store/XilinxBoardStore/Vivado/2019.2/boards/Trenz_Electronic/TEB0911_9EG_1E/1.0/1.0/board.xml as part xczu9eg-ffvb1156-1-e specified in board_part file is either invalid or not available
WARNING: [Board 49-26] cannot add Board Part trenz.biz:tec0850_15eg_1e:part0:1.0 available at /home/fnavarro/.Xilinx/Vivado/2019.2/xhub/board_store/XilinxBoardStore/Vivado/2019.2/boards/Trenz_Electronic/TEC0850_15EG_1E/1.0/1.0/board.xml as part xczu15eg-ffvb1156-1-e specified in board_part file is either invalid or not available
WARNING: [Board 49-26] cannot add Board Part xilinx.com:au280_es1:part0:1.0 available at /home/fnavarro/.Xilinx/Vivado/2019.2/xhub/board_store/XilinxBoardStore/Vivado/2019.2/boards/Xilinx/au280/es1/1.0/1.0/board.xml as part xcu280-fsvh2892-2l-e-es1 specified in board_part file is either invalid or not available
WARNING: [Board 49-26] cannot add Board Part xilinx.com:au280_es1:part0:1.1 available at /home/fnavarro/.Xilinx/Vivado/2019.2/xhub/board_store/XilinxBoardStore/Vivado/2019.2/boards/Xilinx/au280/es1/1.1/1.1/board.xml as part xcu280-fsvh2892-2l-e-es1 specified in board_part file is either invalid or not available
WARNING: [Board 49-26] cannot add Board Part xilinx.com:kc705:part0:1.6 available at /home/fnavarro/.Xilinx/Vivado/2019.2/xhub/board_store/XilinxBoardStore/Vivado/2019.2/boards/Xilinx/kc705/1.6/1.6/board.xml as part xc7k325tffg900-2 specified in board_part file is either invalid or not available
WARNING: [Board 49-26] cannot add Board Part xilinx.com:kcu105:part0:1.6 available at /home/fnavarro/.Xilinx/Vivado/2019.2/xhub/board_store/XilinxBoardStore/Vivado/2019.2/boards/Xilinx/kcu105/1.6/1.6/board.xml as part xcku040-ffva1156-2-e specified in board_part file is either invalid or not available
WARNING: [Board 49-26] cannot add Board Part xilinx.com:kcu1500:part0:1.2 available at /home/fnavarro/.Xilinx/Vivado/2019.2/xhub/board_store/XilinxBoardStore/Vivado/2019.2/boards/Xilinx/kcu1500/1.2/1.2/board.xml as part xcku115-flvb2104-2-e specified in board_part file is either invalid or not available
WARNING: [Board 49-26] cannot add Board Part xilinx.com:vc707:part0:1.4 available at /home/fnavarro/.Xilinx/Vivado/2019.2/xhub/board_store/XilinxBoardStore/Vivado/2019.2/boards/Xilinx/vc707/1.4/1.4/board.xml as part xc7vx485tffg1761-2 specified in board_part file is either invalid or not available
WARNING: [Board 49-26] cannot add Board Part xilinx.com:vc709:part0:1.8 available at /home/fnavarro/.Xilinx/Vivado/2019.2/xhub/board_store/XilinxBoardStore/Vivado/2019.2/boards/Xilinx/vc709/1.8/1.8/board.xml as part xc7vx690tffg1761-2 specified in board_part file is either invalid or not available
WARNING: [Board 49-26] cannot add Board Part xilinx.com:vcu108:part0:1.6 available at /home/fnavarro/.Xilinx/Vivado/2019.2/xhub/board_store/XilinxBoardStore/Vivado/2019.2/boards/Xilinx/vcu108/1.6/1.6/board.xml as part xcvu095-ffva2104-2-e specified in board_part file is either invalid or not available
WARNING: [Board 49-26] cannot add Board Part xilinx.com:vcu110:part0:1.4 available at /home/fnavarro/.Xilinx/Vivado/2019.2/xhub/board_store/XilinxBoardStore/Vivado/2019.2/boards/Xilinx/vcu110/1.4/1.4/board.xml as part xcvu190-flgc2104-2-e specified in board_part file is either invalid or not available
WARNING: [Board 49-26] cannot add Board Part xilinx.com:vcu118:part0:2.0 available at /home/fnavarro/.Xilinx/Vivado/2019.2/xhub/board_store/XilinxBoardStore/Vivado/2019.2/boards/Xilinx/vcu118/2.0/2.0/board.xml as part xcvu9p-flga2104-2l-e specified in board_part file is either invalid or not available
WARNING: [Board 49-26] cannot add Board Part xilinx.com:vcu118:part0:2.3 available at /home/fnavarro/.Xilinx/Vivado/2019.2/xhub/board_store/XilinxBoardStore/Vivado/2019.2/boards/Xilinx/vcu118/2.3/2.3/board.xml as part xcvu9p-flga2104-2l-e specified in board_part file is either invalid or not available
WARNING: [Board 49-26] cannot add Board Part xilinx.com:vcu128:part0:1.0 available at /home/fnavarro/.Xilinx/Vivado/2019.2/xhub/board_store/XilinxBoardStore/Vivado/2019.2/boards/Xilinx/vcu128/production/1.0/1.0/board.xml as part xcvu37p-fsvh2892-2l-e specified in board_part file is either invalid or not available
WARNING: [Board 49-26] cannot add Board Part xilinx.com:vcu128_es:part0:1.0 available at /home/fnavarro/.Xilinx/Vivado/2019.2/xhub/board_store/XilinxBoardStore/Vivado/2019.2/boards/Xilinx/vcu128/es/1.0/1.0/board.xml as part xcvu37p-fsvh2892-2l-e-es1 specified in board_part file is either invalid or not available
WARNING: [Board 49-26] cannot add Board Part xilinx.com:vcu128_es:part0:1.1 available at /home/fnavarro/.Xilinx/Vivado/2019.2/xhub/board_store/XilinxBoardStore/Vivado/2019.2/boards/Xilinx/vcu128/es/1.1/1.1/board.xml as part xcvu37p-fsvh2892-2l-e-es1 specified in board_part file is either invalid or not available
WARNING: [Board 49-26] cannot add Board Part xilinx.com:vcu129:part0:1.0 available at /home/fnavarro/.Xilinx/Vivado/2019.2/xhub/board_store/XilinxBoardStore/Vivado/2019.2/boards/Xilinx/vcu129/production/1.0/1.0/board.xml as part xcvu29p-fsga2577-2l-e specified in board_part file is either invalid or not available
WARNING: [Board 49-26] cannot add Board Part xilinx.com:vcu129_es:part0:1.0 available at /home/fnavarro/.Xilinx/Vivado/2019.2/xhub/board_store/XilinxBoardStore/Vivado/2019.2/boards/Xilinx/vcu129/es/1.0/1.0/board.xml as part xcvu29p-fsga2577-2l-e-es1 specified in board_part file is either invalid or not available
WARNING: [Board 49-26] cannot add Board Part xilinx.com:vcu1525:part0:1.3 available at /home/fnavarro/.Xilinx/Vivado/2019.2/xhub/board_store/XilinxBoardStore/Vivado/2019.2/boards/Xilinx/vcu1525/1.3/1.3/board.xml as part xcvu9p-fsgd2104-2l-e specified in board_part file is either invalid or not available
WARNING: [Board 49-26] cannot add Board Part xilinx.com:zc706:part0:1.4 available at /home/fnavarro/.Xilinx/Vivado/2019.2/xhub/board_store/XilinxBoardStore/Vivado/2019.2/boards/Xilinx/zc706/1.4/1.4/board.xml as part xc7z045ffg900-2 specified in board_part file is either invalid or not available
WARNING: [Board 49-26] cannot add Board Part xilinx.com:zcu102:part0:3.3 available at /home/fnavarro/.Xilinx/Vivado/2019.2/xhub/board_store/XilinxBoardStore/Vivado/2019.2/boards/Xilinx/zcu102/3.3/3.3/board.xml as part xczu9eg-ffvb1156-2-e specified in board_part file is either invalid or not available
WARNING: [Board 49-26] cannot add Board Part xilinx.com:zcu111:part0:1.2 available at /home/fnavarro/.Xilinx/Vivado/2019.2/xhub/board_store/XilinxBoardStore/Vivado/2019.2/boards/Xilinx/zcu111/1.2/1.2/board.xml as part xczu28dr-ffvg1517-2-e specified in board_part file is either invalid or not available
WARNING: [Board 49-26] cannot add Board Part xilinx.com:zcu1275:part0:1.0 available at /home/fnavarro/.Xilinx/Vivado/2019.2/xhub/board_store/XilinxBoardStore/Vivado/2019.2/boards/Xilinx/zcu1275/1.0/1.0/board.xml as part xczu29dr-ffvf1760-2-e specified in board_part file is either invalid or not available
WARNING: [Board 49-26] cannot add Board Part xilinx.com:zcu1285:part0:1.0 available at /home/fnavarro/.Xilinx/Vivado/2019.2/xhub/board_store/XilinxBoardStore/Vivado/2019.2/boards/Xilinx/zcu1285/1.0/1.0/board.xml as part xczu39dr-ffvf1760-2-i specified in board_part file is either invalid or not available
WARNING: [Board 49-26] cannot add Board Part xilinx.com:zcu216_es:part0:1.0 available at /home/fnavarro/.Xilinx/Vivado/2019.2/xhub/board_store/XilinxBoardStore/Vivado/2019.2/boards/Xilinx/zcu216/1.0/1.0/board.xml as part xczu49dr-ffvf1760-2-e-es1 specified in board_part file is either invalid or not available
WARNING: [Board 49-26] cannot add Board Part digilentinc.com:genesys2:part0:1.1 available at /home/fnavarro/.Xilinx/Vivado/2019.2/xhub/board_store/XilinxBoardStore/Vivado/2019.2/boards/Digilent/genesys2/H/1.1/board.xml as part xc7k325tffg900-2 specified in board_part file is either invalid or not available
WARNING: [Board 49-26] cannot add Board Part digilentinc.com:sword:part0:1.0 available at /home/fnavarro/.Xilinx/Vivado/2019.2/xhub/board_store/XilinxBoardStore/Vivado/2019.2/boards/Digilent/sword/C.0/1.0/board.xml as part xc7k325tffg900-2 specified in board_part file is either invalid or not available
WARNING: [Board 49-26] cannot add Board Part trenz.biz:te0808_15eg_1e:part0:3.0 available at /home/fnavarro/.Xilinx/Vivado/2019.2/xhub/board_store/XilinxBoardStore/Vivado/2019.2/boards/Trenz_Electronic/TE0808_15EG_1E/3.0/3.0/board.xml as part xczu15eg-ffvc900-1-e specified in board_part file is either invalid or not available
WARNING: [Board 49-26] cannot add Board Part trenz.biz:te0808_15eg_1e_tebf0808:part0:4.0 available at /home/fnavarro/.Xilinx/Vivado/2019.2/xhub/board_store/XilinxBoardStore/Vivado/2019.2/boards/Trenz_Electronic/TE0808_15EG_1E/4.0/4.0/board.xml as part xczu15eg-ffvc900-1-e specified in board_part file is either invalid or not available
WARNING: [Board 49-26] cannot add Board Part trenz.biz:te0808_6eg_1e:part0:3.0 available at /home/fnavarro/.Xilinx/Vivado/2019.2/xhub/board_store/XilinxBoardStore/Vivado/2019.2/boards/Trenz_Electronic/TE0808_6EG_1E/3.0/3.0/board.xml as part xczu6eg-ffvc900-1-e specified in board_part file is either invalid or not available
WARNING: [Board 49-26] cannot add Board Part trenz.biz:te0808_6eg_1e_tebf0808:part0:4.0 available at /home/fnavarro/.Xilinx/Vivado/2019.2/xhub/board_store/XilinxBoardStore/Vivado/2019.2/boards/Trenz_Electronic/TE0808_6EG_1E/4.0/4.0/board.xml as part xczu6eg-ffvc900-1-e specified in board_part file is either invalid or not available
WARNING: [Board 49-26] cannot add Board Part trenz.biz:te0808_9eg_1e:part0:1.0 available at /home/fnavarro/.Xilinx/Vivado/2019.2/xhub/board_store/XilinxBoardStore/Vivado/2019.2/boards/Trenz_Electronic/TE0808_9EG_1E/1.0/1.0/board.xml as part xczu9eg-ffvc900-1-e specified in board_part file is either invalid or not available
WARNING: [Board 49-26] cannot add Board Part trenz.biz:te0808_9eg_1e:part0:3.0 available at /home/fnavarro/.Xilinx/Vivado/2019.2/xhub/board_store/XilinxBoardStore/Vivado/2019.2/boards/Trenz_Electronic/TE0808_9EG_1E/3.0/3.0/board.xml as part xczu9eg-ffvc900-1-e specified in board_part file is either invalid or not available
WARNING: [Board 49-26] cannot add Board Part trenz.biz:te0808_9eg_1e_tebf0808:part0:2.0 available at /home/fnavarro/.Xilinx/Vivado/2019.2/xhub/board_store/XilinxBoardStore/Vivado/2019.2/boards/Trenz_Electronic/TE0808_9EG_1E/2.0/2.0/board.xml as part xczu9eg-ffvc900-1-e specified in board_part file is either invalid or not available
WARNING: [Board 49-26] cannot add Board Part trenz.biz:te0808_9eg_1e_tebf0808:part0:4.0 available at /home/fnavarro/.Xilinx/Vivado/2019.2/xhub/board_store/XilinxBoardStore/Vivado/2019.2/boards/Trenz_Electronic/TE0808_9EG_1E/4.0/4.0/board.xml as part xczu9eg-ffvc900-1-e specified in board_part file is either invalid or not available
WARNING: [Board 49-26] cannot add Board Part trenz.biz:te0808_9eg_2i:part0:3.0 available at /home/fnavarro/.Xilinx/Vivado/2019.2/xhub/board_store/XilinxBoardStore/Vivado/2019.2/boards/Trenz_Electronic/TE0808_9EG_2I/3.0/3.0/board.xml as part xczu9eg-ffvc900-2-i specified in board_part file is either invalid or not available
WARNING: [Board 49-26] cannot add Board Part trenz.biz:te0808_9eg_2i_tebf0808:part0:4.0 available at /home/fnavarro/.Xilinx/Vivado/2019.2/xhub/board_store/XilinxBoardStore/Vivado/2019.2/boards/Trenz_Electronic/TE0808_9EG_2I/4.0/4.0/board.xml as part xczu9eg-ffvc900-2-i specified in board_part file is either invalid or not available
WARNING: [Board 49-26] cannot add Board Part trenz.biz:teb0911_9eg_1e:part0:1.0 available at /home/fnavarro/.Xilinx/Vivado/2019.2/xhub/board_store/XilinxBoardStore/Vivado/2019.2/boards/Trenz_Electronic/TEB0911_9EG_1E/1.0/1.0/board.xml as part xczu9eg-ffvb1156-1-e specified in board_part file is either invalid or not available
WARNING: [Board 49-26] cannot add Board Part trenz.biz:tec0850_15eg_1e:part0:1.0 available at /home/fnavarro/.Xilinx/Vivado/2019.2/xhub/board_store/XilinxBoardStore/Vivado/2019.2/boards/Trenz_Electronic/TEC0850_15EG_1E/1.0/1.0/board.xml as part xczu15eg-ffvb1156-1-e specified in board_part file is either invalid or not available
WARNING: [Board 49-26] cannot add Board Part xilinx.com:au280_es1:part0:1.0 available at /home/fnavarro/.Xilinx/Vivado/2019.2/xhub/board_store/XilinxBoardStore/Vivado/2019.2/boards/Xilinx/au280/es1/1.0/1.0/board.xml as part xcu280-fsvh2892-2l-e-es1 specified in board_part file is either invalid or not available
WARNING: [Board 49-26] cannot add Board Part xilinx.com:au280_es1:part0:1.1 available at /home/fnavarro/.Xilinx/Vivado/2019.2/xhub/board_store/XilinxBoardStore/Vivado/2019.2/boards/Xilinx/au280/es1/1.1/1.1/board.xml as part xcu280-fsvh2892-2l-e-es1 specified in board_part file is either invalid or not available
WARNING: [Board 49-26] cannot add Board Part xilinx.com:kc705:part0:1.6 available at /home/fnavarro/.Xilinx/Vivado/2019.2/xhub/board_store/XilinxBoardStore/Vivado/2019.2/boards/Xilinx/kc705/1.6/1.6/board.xml as part xc7k325tffg900-2 specified in board_part file is either invalid or not available
WARNING: [Board 49-26] cannot add Board Part xilinx.com:kcu105:part0:1.6 available at /home/fnavarro/.Xilinx/Vivado/2019.2/xhub/board_store/XilinxBoardStore/Vivado/2019.2/boards/Xilinx/kcu105/1.6/1.6/board.xml as part xcku040-ffva1156-2-e specified in board_part file is either invalid or not available
WARNING: [Board 49-26] cannot add Board Part xilinx.com:kcu1500:part0:1.2 available at /home/fnavarro/.Xilinx/Vivado/2019.2/xhub/board_store/XilinxBoardStore/Vivado/2019.2/boards/Xilinx/kcu1500/1.2/1.2/board.xml as part xcku115-flvb2104-2-e specified in board_part file is either invalid or not available
WARNING: [Board 49-26] cannot add Board Part xilinx.com:vc707:part0:1.4 available at /home/fnavarro/.Xilinx/Vivado/2019.2/xhub/board_store/XilinxBoardStore/Vivado/2019.2/boards/Xilinx/vc707/1.4/1.4/board.xml as part xc7vx485tffg1761-2 specified in board_part file is either invalid or not available
WARNING: [Board 49-26] cannot add Board Part xilinx.com:vc709:part0:1.8 available at /home/fnavarro/.Xilinx/Vivado/2019.2/xhub/board_store/XilinxBoardStore/Vivado/2019.2/boards/Xilinx/vc709/1.8/1.8/board.xml as part xc7vx690tffg1761-2 specified in board_part file is either invalid or not available
WARNING: [Board 49-26] cannot add Board Part xilinx.com:vcu108:part0:1.6 available at /home/fnavarro/.Xilinx/Vivado/2019.2/xhub/board_store/XilinxBoardStore/Vivado/2019.2/boards/Xilinx/vcu108/1.6/1.6/board.xml as part xcvu095-ffva2104-2-e specified in board_part file is either invalid or not available
WARNING: [Board 49-26] cannot add Board Part xilinx.com:vcu110:part0:1.4 available at /home/fnavarro/.Xilinx/Vivado/2019.2/xhub/board_store/XilinxBoardStore/Vivado/2019.2/boards/Xilinx/vcu110/1.4/1.4/board.xml as part xcvu190-flgc2104-2-e specified in board_part file is either invalid or not available
WARNING: [Board 49-26] cannot add Board Part xilinx.com:vcu118:part0:2.0 available at /home/fnavarro/.Xilinx/Vivado/2019.2/xhub/board_store/XilinxBoardStore/Vivado/2019.2/boards/Xilinx/vcu118/2.0/2.0/board.xml as part xcvu9p-flga2104-2l-e specified in board_part file is either invalid or not available
WARNING: [Board 49-26] cannot add Board Part xilinx.com:vcu118:part0:2.3 available at /home/fnavarro/.Xilinx/Vivado/2019.2/xhub/board_store/XilinxBoardStore/Vivado/2019.2/boards/Xilinx/vcu118/2.3/2.3/board.xml as part xcvu9p-flga2104-2l-e specified in board_part file is either invalid or not available
WARNING: [Board 49-26] cannot add Board Part xilinx.com:vcu128:part0:1.0 available at /home/fnavarro/.Xilinx/Vivado/2019.2/xhub/board_store/XilinxBoardStore/Vivado/2019.2/boards/Xilinx/vcu128/production/1.0/1.0/board.xml as part xcvu37p-fsvh2892-2l-e specified in board_part file is either invalid or not available
WARNING: [Board 49-26] cannot add Board Part xilinx.com:vcu128_es:part0:1.0 available at /home/fnavarro/.Xilinx/Vivado/2019.2/xhub/board_store/XilinxBoardStore/Vivado/2019.2/boards/Xilinx/vcu128/es/1.0/1.0/board.xml as part xcvu37p-fsvh2892-2l-e-es1 specified in board_part file is either invalid or not available
WARNING: [Board 49-26] cannot add Board Part xilinx.com:vcu128_es:part0:1.1 available at /home/fnavarro/.Xilinx/Vivado/2019.2/xhub/board_store/XilinxBoardStore/Vivado/2019.2/boards/Xilinx/vcu128/es/1.1/1.1/board.xml as part xcvu37p-fsvh2892-2l-e-es1 specified in board_part file is either invalid or not available
WARNING: [Board 49-26] cannot add Board Part xilinx.com:vcu129:part0:1.0 available at /home/fnavarro/.Xilinx/Vivado/2019.2/xhub/board_store/XilinxBoardStore/Vivado/2019.2/boards/Xilinx/vcu129/production/1.0/1.0/board.xml as part xcvu29p-fsga2577-2l-e specified in board_part file is either invalid or not available
WARNING: [Board 49-26] cannot add Board Part xilinx.com:vcu129_es:part0:1.0 available at /home/fnavarro/.Xilinx/Vivado/2019.2/xhub/board_store/XilinxBoardStore/Vivado/2019.2/boards/Xilinx/vcu129/es/1.0/1.0/board.xml as part xcvu29p-fsga2577-2l-e-es1 specified in board_part file is either invalid or not available
WARNING: [Board 49-26] cannot add Board Part xilinx.com:vcu1525:part0:1.3 available at /home/fnavarro/.Xilinx/Vivado/2019.2/xhub/board_store/XilinxBoardStore/Vivado/2019.2/boards/Xilinx/vcu1525/1.3/1.3/board.xml as part xcvu9p-fsgd2104-2l-e specified in board_part file is either invalid or not available
WARNING: [Board 49-26] cannot add Board Part xilinx.com:zc706:part0:1.4 available at /home/fnavarro/.Xilinx/Vivado/2019.2/xhub/board_store/XilinxBoardStore/Vivado/2019.2/boards/Xilinx/zc706/1.4/1.4/board.xml as part xc7z045ffg900-2 specified in board_part file is either invalid or not available
WARNING: [Board 49-26] cannot add Board Part xilinx.com:zcu102:part0:3.3 available at /home/fnavarro/.Xilinx/Vivado/2019.2/xhub/board_store/XilinxBoardStore/Vivado/2019.2/boards/Xilinx/zcu102/3.3/3.3/board.xml as part xczu9eg-ffvb1156-2-e specified in board_part file is either invalid or not available
WARNING: [Board 49-26] cannot add Board Part xilinx.com:zcu111:part0:1.2 available at /home/fnavarro/.Xilinx/Vivado/2019.2/xhub/board_store/XilinxBoardStore/Vivado/2019.2/boards/Xilinx/zcu111/1.2/1.2/board.xml as part xczu28dr-ffvg1517-2-e specified in board_part file is either invalid or not available
WARNING: [Board 49-26] cannot add Board Part xilinx.com:zcu1275:part0:1.0 available at /home/fnavarro/.Xilinx/Vivado/2019.2/xhub/board_store/XilinxBoardStore/Vivado/2019.2/boards/Xilinx/zcu1275/1.0/1.0/board.xml as part xczu29dr-ffvf1760-2-e specified in board_part file is either invalid or not available
WARNING: [Board 49-26] cannot add Board Part xilinx.com:zcu1285:part0:1.0 available at /home/fnavarro/.Xilinx/Vivado/2019.2/xhub/board_store/XilinxBoardStore/Vivado/2019.2/boards/Xilinx/zcu1285/1.0/1.0/board.xml as part xczu39dr-ffvf1760-2-i specified in board_part file is either invalid or not available
WARNING: [Board 49-26] cannot add Board Part xilinx.com:zcu216_es:part0:1.0 available at /home/fnavarro/.Xilinx/Vivado/2019.2/xhub/board_store/XilinxBoardStore/Vivado/2019.2/boards/Xilinx/zcu216/1.0/1.0/board.xml as part xczu49dr-ffvf1760-2-e-es1 specified in board_part file is either invalid or not available
WARNING: [Board 49-26] cannot add Board Part digilentinc.com:genesys2:part0:1.1 available at /home/fnavarro/.Xilinx/Vivado/2019.2/xhub/board_store/XilinxBoardStore/Vivado/2019.2/boards/Digilent/genesys2/H/1.1/board.xml as part xc7k325tffg900-2 specified in board_part file is either invalid or not available
WARNING: [Board 49-26] cannot add Board Part digilentinc.com:sword:part0:1.0 available at /home/fnavarro/.Xilinx/Vivado/2019.2/xhub/board_store/XilinxBoardStore/Vivado/2019.2/boards/Digilent/sword/C.0/1.0/board.xml as part xc7k325tffg900-2 specified in board_part file is either invalid or not available
WARNING: [Board 49-26] cannot add Board Part trenz.biz:te0808_15eg_1e:part0:3.0 available at /home/fnavarro/.Xilinx/Vivado/2019.2/xhub/board_store/XilinxBoardStore/Vivado/2019.2/boards/Trenz_Electronic/TE0808_15EG_1E/3.0/3.0/board.xml as part xczu15eg-ffvc900-1-e specified in board_part file is either invalid or not available
WARNING: [Board 49-26] cannot add Board Part trenz.biz:te0808_15eg_1e_tebf0808:part0:4.0 available at /home/fnavarro/.Xilinx/Vivado/2019.2/xhub/board_store/XilinxBoardStore/Vivado/2019.2/boards/Trenz_Electronic/TE0808_15EG_1E/4.0/4.0/board.xml as part xczu15eg-ffvc900-1-e specified in board_part file is either invalid or not available
WARNING: [Board 49-26] cannot add Board Part trenz.biz:te0808_6eg_1e:part0:3.0 available at /home/fnavarro/.Xilinx/Vivado/2019.2/xhub/board_store/XilinxBoardStore/Vivado/2019.2/boards/Trenz_Electronic/TE0808_6EG_1E/3.0/3.0/board.xml as part xczu6eg-ffvc900-1-e specified in board_part file is either invalid or not available
WARNING: [Board 49-26] cannot add Board Part trenz.biz:te0808_6eg_1e_tebf0808:part0:4.0 available at /home/fnavarro/.Xilinx/Vivado/2019.2/xhub/board_store/XilinxBoardStore/Vivado/2019.2/boards/Trenz_Electronic/TE0808_6EG_1E/4.0/4.0/board.xml as part xczu6eg-ffvc900-1-e specified in board_part file is either invalid or not available
WARNING: [Board 49-26] cannot add Board Part trenz.biz:te0808_9eg_1e:part0:1.0 available at /home/fnavarro/.Xilinx/Vivado/2019.2/xhub/board_store/XilinxBoardStore/Vivado/2019.2/boards/Trenz_Electronic/TE0808_9EG_1E/1.0/1.0/board.xml as part xczu9eg-ffvc900-1-e specified in board_part file is either invalid or not available
WARNING: [Board 49-26] cannot add Board Part trenz.biz:te0808_9eg_1e:part0:3.0 available at /home/fnavarro/.Xilinx/Vivado/2019.2/xhub/board_store/XilinxBoardStore/Vivado/2019.2/boards/Trenz_Electronic/TE0808_9EG_1E/3.0/3.0/board.xml as part xczu9eg-ffvc900-1-e specified in board_part file is either invalid or not available
WARNING: [Board 49-26] cannot add Board Part trenz.biz:te0808_9eg_1e_tebf0808:part0:2.0 available at /home/fnavarro/.Xilinx/Vivado/2019.2/xhub/board_store/XilinxBoardStore/Vivado/2019.2/boards/Trenz_Electronic/TE0808_9EG_1E/2.0/2.0/board.xml as part xczu9eg-ffvc900-1-e specified in board_part file is either invalid or not available
WARNING: [Board 49-26] cannot add Board Part trenz.biz:te0808_9eg_1e_tebf0808:part0:4.0 available at /home/fnavarro/.Xilinx/Vivado/2019.2/xhub/board_store/XilinxBoardStore/Vivado/2019.2/boards/Trenz_Electronic/TE0808_9EG_1E/4.0/4.0/board.xml as part xczu9eg-ffvc900-1-e specified in board_part file is either invalid or not available
WARNING: [Board 49-26] cannot add Board Part trenz.biz:te0808_9eg_2i:part0:3.0 available at /home/fnavarro/.Xilinx/Vivado/2019.2/xhub/board_store/XilinxBoardStore/Vivado/2019.2/boards/Trenz_Electronic/TE0808_9EG_2I/3.0/3.0/board.xml as part xczu9eg-ffvc900-2-i specified in board_part file is either invalid or not available
WARNING: [Board 49-26] cannot add Board Part trenz.biz:te0808_9eg_2i_tebf0808:part0:4.0 available at /home/fnavarro/.Xilinx/Vivado/2019.2/xhub/board_store/XilinxBoardStore/Vivado/2019.2/boards/Trenz_Electronic/TE0808_9EG_2I/4.0/4.0/board.xml as part xczu9eg-ffvc900-2-i specified in board_part file is either invalid or not available
WARNING: [Board 49-26] cannot add Board Part trenz.biz:teb0911_9eg_1e:part0:1.0 available at /home/fnavarro/.Xilinx/Vivado/2019.2/xhub/board_store/XilinxBoardStore/Vivado/2019.2/boards/Trenz_Electronic/TEB0911_9EG_1E/1.0/1.0/board.xml as part xczu9eg-ffvb1156-1-e specified in board_part file is either invalid or not available
WARNING: [Board 49-26] cannot add Board Part trenz.biz:tec0850_15eg_1e:part0:1.0 available at /home/fnavarro/.Xilinx/Vivado/2019.2/xhub/board_store/XilinxBoardStore/Vivado/2019.2/boards/Trenz_Electronic/TEC0850_15EG_1E/1.0/1.0/board.xml as part xczu15eg-ffvb1156-1-e specified in board_part file is either invalid or not available
WARNING: [Board 49-26] cannot add Board Part xilinx.com:au280_es1:part0:1.0 available at /home/fnavarro/.Xilinx/Vivado/2019.2/xhub/board_store/XilinxBoardStore/Vivado/2019.2/boards/Xilinx/au280/es1/1.0/1.0/board.xml as part xcu280-fsvh2892-2l-e-es1 specified in board_part file is either invalid or not available
WARNING: [Board 49-26] cannot add Board Part xilinx.com:au280_es1:part0:1.1 available at /home/fnavarro/.Xilinx/Vivado/2019.2/xhub/board_store/XilinxBoardStore/Vivado/2019.2/boards/Xilinx/au280/es1/1.1/1.1/board.xml as part xcu280-fsvh2892-2l-e-es1 specified in board_part file is either invalid or not available
WARNING: [Board 49-26] cannot add Board Part xilinx.com:kc705:part0:1.6 available at /home/fnavarro/.Xilinx/Vivado/2019.2/xhub/board_store/XilinxBoardStore/Vivado/2019.2/boards/Xilinx/kc705/1.6/1.6/board.xml as part xc7k325tffg900-2 specified in board_part file is either invalid or not available
WARNING: [Board 49-26] cannot add Board Part xilinx.com:kcu105:part0:1.6 available at /home/fnavarro/.Xilinx/Vivado/2019.2/xhub/board_store/XilinxBoardStore/Vivado/2019.2/boards/Xilinx/kcu105/1.6/1.6/board.xml as part xcku040-ffva1156-2-e specified in board_part file is either invalid or not available
WARNING: [Board 49-26] cannot add Board Part xilinx.com:kcu1500:part0:1.2 available at /home/fnavarro/.Xilinx/Vivado/2019.2/xhub/board_store/XilinxBoardStore/Vivado/2019.2/boards/Xilinx/kcu1500/1.2/1.2/board.xml as part xcku115-flvb2104-2-e specified in board_part file is either invalid or not available
WARNING: [Board 49-26] cannot add Board Part xilinx.com:vc707:part0:1.4 available at /home/fnavarro/.Xilinx/Vivado/2019.2/xhub/board_store/XilinxBoardStore/Vivado/2019.2/boards/Xilinx/vc707/1.4/1.4/board.xml as part xc7vx485tffg1761-2 specified in board_part file is either invalid or not available
WARNING: [Board 49-26] cannot add Board Part xilinx.com:vc709:part0:1.8 available at /home/fnavarro/.Xilinx/Vivado/2019.2/xhub/board_store/XilinxBoardStore/Vivado/2019.2/boards/Xilinx/vc709/1.8/1.8/board.xml as part xc7vx690tffg1761-2 specified in board_part file is either invalid or not available
WARNING: [Board 49-26] cannot add Board Part xilinx.com:vcu108:part0:1.6 available at /home/fnavarro/.Xilinx/Vivado/2019.2/xhub/board_store/XilinxBoardStore/Vivado/2019.2/boards/Xilinx/vcu108/1.6/1.6/board.xml as part xcvu095-ffva2104-2-e specified in board_part file is either invalid or not available
WARNING: [Board 49-26] cannot add Board Part xilinx.com:vcu110:part0:1.4 available at /home/fnavarro/.Xilinx/Vivado/2019.2/xhub/board_store/XilinxBoardStore/Vivado/2019.2/boards/Xilinx/vcu110/1.4/1.4/board.xml as part xcvu190-flgc2104-2-e specified in board_part file is either invalid or not available
WARNING: [Board 49-26] cannot add Board Part xilinx.com:vcu118:part0:2.0 available at /home/fnavarro/.Xilinx/Vivado/2019.2/xhub/board_store/XilinxBoardStore/Vivado/2019.2/boards/Xilinx/vcu118/2.0/2.0/board.xml as part xcvu9p-flga2104-2l-e specified in board_part file is either invalid or not available
WARNING: [Board 49-26] cannot add Board Part xilinx.com:vcu118:part0:2.3 available at /home/fnavarro/.Xilinx/Vivado/2019.2/xhub/board_store/XilinxBoardStore/Vivado/2019.2/boards/Xilinx/vcu118/2.3/2.3/board.xml as part xcvu9p-flga2104-2l-e specified in board_part file is either invalid or not available
WARNING: [Board 49-26] cannot add Board Part xilinx.com:vcu128:part0:1.0 available at /home/fnavarro/.Xilinx/Vivado/2019.2/xhub/board_store/XilinxBoardStore/Vivado/2019.2/boards/Xilinx/vcu128/production/1.0/1.0/board.xml as part xcvu37p-fsvh2892-2l-e specified in board_part file is either invalid or not available
INFO: [Common 17-14] Message 'Board 49-26' appears 100 times and further instances of the messages will be disabled. Use the Tcl command set_msg_config to change the current settings.
xhub::refresh_catalog [xhub::get_xstores xilinx_board_store]
xhub::refresh_catalog: Time (s): cpu = 00:00:01 ; elapsed = 00:00:06 . Memory (MB): peak = 6590.996 ; gain = 0.035 ; free physical = 4894 ; free virtual = 43597
xhub::install [xhub::get_xitems -of_objects [xhub::get_xstores xilinx_board_store]]
INFO: [xhubtcl 76-32] Installing object 'em.avnet.com:xilinx_board_store:Ultra96:1.2' ...
INFO: [Common 17-1572] Object em.avnet.com:xilinx_board_store:Ultra96:1.2 has already been installed, skipping installation
INFO: [xhubtcl 76-32] Installing object 'em.avnet.com:xilinx_board_store:picozed_7010_fmc2:1.2' ...
INFO: [Common 17-1572] Object em.avnet.com:xilinx_board_store:picozed_7010_fmc2:1.2 has already been installed, skipping installation
INFO: [xhubtcl 76-32] Installing object 'digilentinc.com:xilinx_board_store:arty:1.1' ...
INFO: [Common 17-1572] Object digilentinc.com:xilinx_board_store:arty:1.1 has already been installed, skipping installation
INFO: [xhubtcl 76-32] Installing object 'digilentinc.com:xilinx_board_store:arty-a7-100:1.0' ...
INFO: [Common 17-1572] Object digilentinc.com:xilinx_board_store:arty-a7-100:1.0 has already been installed, skipping installation
INFO: [xhubtcl 76-32] Installing object 'digilentinc.com:xilinx_board_store:arty-a7-35:1.0' ...
INFO: [Common 17-1572] Object digilentinc.com:xilinx_board_store:arty-a7-35:1.0 has already been installed, skipping installation
INFO: [xhubtcl 76-32] Installing object 'digilentinc.com:xilinx_board_store:arty-s7-25:1.0' ...
INFO: [Common 17-1572] Object digilentinc.com:xilinx_board_store:arty-s7-25:1.0 has already been installed, skipping installation
INFO: [xhubtcl 76-32] Installing object 'digilentinc.com:xilinx_board_store:arty-s7-50:1.0' ...
INFO: [Common 17-1572] Object digilentinc.com:xilinx_board_store:arty-s7-50:1.0 has already been installed, skipping installation
INFO: [xhubtcl 76-32] Installing object 'digilentinc.com:xilinx_board_store:arty-z7-10:1.0' ...
INFO: [Common 17-1572] Object digilentinc.com:xilinx_board_store:arty-z7-10:1.0 has already been installed, skipping installation
INFO: [xhubtcl 76-32] Installing object 'digilentinc.com:xilinx_board_store:arty-z7-20:1.0' ...
INFO: [Common 17-1572] Object digilentinc.com:xilinx_board_store:arty-z7-20:1.0 has already been installed, skipping installation
INFO: [xhubtcl 76-32] Installing object 'digilentinc.com:xilinx_board_store:basys3:1.1' ...
INFO: [Common 17-1572] Object digilentinc.com:xilinx_board_store:basys3:1.1 has already been installed, skipping installation
INFO: [xhubtcl 76-32] Installing object 'digilentinc.com:xilinx_board_store:cmod-s7-25:1.0' ...
INFO: [Common 17-1572] Object digilentinc.com:xilinx_board_store:cmod-s7-25:1.0 has already been installed, skipping installation
INFO: [xhubtcl 76-32] Installing object 'digilentinc.com:xilinx_board_store:cmod_a7-15t:1.1' ...
INFO: [Common 17-1572] Object digilentinc.com:xilinx_board_store:cmod_a7-15t:1.1 has already been installed, skipping installation
INFO: [xhubtcl 76-32] Installing object 'digilentinc.com:xilinx_board_store:cmod_a7-35t:1.1' ...
INFO: [Common 17-1572] Object digilentinc.com:xilinx_board_store:cmod_a7-35t:1.1 has already been installed, skipping installation
INFO: [xhubtcl 76-32] Installing object 'digilentinc.com:xilinx_board_store:cora-z7-07s:1.0' ...
INFO: [Common 17-1572] Object digilentinc.com:xilinx_board_store:cora-z7-07s:1.0 has already been installed, skipping installation
INFO: [xhubtcl 76-32] Installing object 'digilentinc.com:xilinx_board_store:cora-z7-10:1.0' ...
INFO: [Common 17-1572] Object digilentinc.com:xilinx_board_store:cora-z7-10:1.0 has already been installed, skipping installation
INFO: [xhubtcl 76-32] Installing object 'digilentinc.com:xilinx_board_store:genesys2:1.1' ...
INFO: [Common 17-1572] Object digilentinc.com:xilinx_board_store:genesys2:1.1 has already been installed, skipping installation
INFO: [xhubtcl 76-32] Installing object 'digilentinc.com:xilinx_board_store:nexys4:1.1' ...
INFO: [Common 17-1572] Object digilentinc.com:xilinx_board_store:nexys4:1.1 has already been installed, skipping installation
INFO: [xhubtcl 76-32] Installing object 'digilentinc.com:xilinx_board_store:nexys4_ddr:1.1' ...
INFO: [Common 17-1572] Object digilentinc.com:xilinx_board_store:nexys4_ddr:1.1 has already been installed, skipping installation
INFO: [xhubtcl 76-32] Installing object 'digilentinc.com:xilinx_board_store:nexys_video:1.1' ...
INFO: [Common 17-1572] Object digilentinc.com:xilinx_board_store:nexys_video:1.1 has already been installed, skipping installation
INFO: [xhubtcl 76-32] Installing object 'digilentinc.com:xilinx_board_store:sword:1.0' ...
INFO: [Common 17-1572] Object digilentinc.com:xilinx_board_store:sword:1.0 has already been installed, skipping installation
INFO: [xhubtcl 76-32] Installing object 'digilentinc.com:xilinx_board_store:zedboard:1.0' ...
INFO: [Common 17-1572] Object digilentinc.com:xilinx_board_store:zedboard:1.0 has already been installed, skipping installation
INFO: [xhubtcl 76-32] Installing object 'digilentinc.com:xilinx_board_store:zybo:1.0' ...
INFO: [Common 17-1572] Object digilentinc.com:xilinx_board_store:zybo:1.0 has already been installed, skipping installation
INFO: [xhubtcl 76-32] Installing object 'digilentinc.com:xilinx_board_store:zybo-z7-10:1.0' ...
INFO: [Common 17-1572] Object digilentinc.com:xilinx_board_store:zybo-z7-10:1.0 has already been installed, skipping installation
INFO: [xhubtcl 76-32] Installing object 'digilentinc.com:xilinx_board_store:zybo-z7-20:1.0' ...
INFO: [Common 17-1572] Object digilentinc.com:xilinx_board_store:zybo-z7-20:1.0 has already been installed, skipping installation
INFO: [xhubtcl 76-32] Installing object 'em.avnet.com:xilinx_board_store:minized:1.2' ...
INFO: [Common 17-1572] Object em.avnet.com:xilinx_board_store:minized:1.2 has already been installed, skipping installation
INFO: [xhubtcl 76-32] Installing object 'trenz.biz:xilinx_board_store:te0712_100_1i:1.0' ...
INFO: [Common 17-1572] Object trenz.biz:xilinx_board_store:te0712_100_1i:1.0 has already been installed, skipping installation
INFO: [xhubtcl 76-32] Installing object 'trenz.biz:xilinx_board_store:te0712_100_2c:1.0' ...
INFO: [Common 17-1572] Object trenz.biz:xilinx_board_store:te0712_100_2c:1.0 has already been installed, skipping installation
INFO: [xhubtcl 76-32] Installing object 'trenz.biz:xilinx_board_store:te0712_100_2c:2.0' ...
INFO: [Common 17-1572] Object trenz.biz:xilinx_board_store:te0712_100_2c:2.0 has already been installed, skipping installation
INFO: [xhubtcl 76-32] Installing object 'trenz.biz:xilinx_board_store:te0712_200_1i:1.0' ...
INFO: [Common 17-1572] Object trenz.biz:xilinx_board_store:te0712_200_1i:1.0 has already been installed, skipping installation
INFO: [xhubtcl 76-32] Installing object 'trenz.biz:xilinx_board_store:te0712_200_2c:1.0' ...
INFO: [Common 17-1572] Object trenz.biz:xilinx_board_store:te0712_200_2c:1.0 has already been installed, skipping installation
INFO: [xhubtcl 76-32] Installing object 'trenz.biz:xilinx_board_store:te0712_200_2i:1.0' ...
INFO: [Common 17-1572] Object trenz.biz:xilinx_board_store:te0712_200_2i:1.0 has already been installed, skipping installation
INFO: [xhubtcl 76-32] Installing object 'trenz.biz:xilinx_board_store:te0712_35_2i:1.0' ...
INFO: [Common 17-1572] Object trenz.biz:xilinx_board_store:te0712_35_2i:1.0 has already been installed, skipping installation
INFO: [xhubtcl 76-32] Installing object 'trenz.biz:xilinx_board_store:te0720_14s:1.0' ...
INFO: [Common 17-1572] Object trenz.biz:xilinx_board_store:te0720_14s:1.0 has already been installed, skipping installation
INFO: [xhubtcl 76-32] Installing object 'trenz.biz:xilinx_board_store:te0720_1c:1.0' ...
INFO: [Common 17-1572] Object trenz.biz:xilinx_board_store:te0720_1c:1.0 has already been installed, skipping installation
INFO: [xhubtcl 76-32] Installing object 'trenz.biz:xilinx_board_store:te0720_1c:2.0' ...
INFO: [Common 17-1572] Object trenz.biz:xilinx_board_store:te0720_1c:2.0 has already been installed, skipping installation
INFO: [xhubtcl 76-32] Installing object 'trenz.biz:xilinx_board_store:te0720_1il:1.0' ...
INFO: [Common 17-1572] Object trenz.biz:xilinx_board_store:te0720_1il:1.0 has already been installed, skipping installation
INFO: [xhubtcl 76-32] Installing object 'trenz.biz:xilinx_board_store:te0720_1q:1.0' ...
INFO: [Common 17-1572] Object trenz.biz:xilinx_board_store:te0720_1q:1.0 has already been installed, skipping installation
INFO: [xhubtcl 76-32] Installing object 'trenz.biz:xilinx_board_store:te0720_2e:1.0' ...
INFO: [Common 17-1572] Object trenz.biz:xilinx_board_store:te0720_2e:1.0 has already been installed, skipping installation
INFO: [xhubtcl 76-32] Installing object 'trenz.biz:xilinx_board_store:te0720_2i:1.0' ...
INFO: [Common 17-1572] Object trenz.biz:xilinx_board_store:te0720_2i:1.0 has already been installed, skipping installation
INFO: [xhubtcl 76-32] Installing object 'trenz.biz:xilinx_board_store:te0722:1.0' ...
INFO: [Common 17-1572] Object trenz.biz:xilinx_board_store:te0722:1.0 has already been installed, skipping installation
INFO: [xhubtcl 76-32] Installing object 'trenz.biz:xilinx_board_store:te0722_7s:1.0' ...
INFO: [Common 17-1572] Object trenz.biz:xilinx_board_store:te0722_7s:1.0 has already been installed, skipping installation
INFO: [xhubtcl 76-32] Installing object 'trenz.biz:xilinx_board_store:te0722_i:1.0' ...
INFO: [Common 17-1572] Object trenz.biz:xilinx_board_store:te0722_i:1.0 has already been installed, skipping installation
INFO: [xhubtcl 76-32] Installing object 'trenz.biz:xilinx_board_store:te0724_10_1i:1.0' ...
INFO: [Common 17-1572] Object trenz.biz:xilinx_board_store:te0724_10_1i:1.0 has already been installed, skipping installation
INFO: [xhubtcl 76-32] Installing object 'trenz.biz:xilinx_board_store:te0724_20_1i:1.0' ...
INFO: [Common 17-1572] Object trenz.biz:xilinx_board_store:te0724_20_1i:1.0 has already been installed, skipping installation
INFO: [xhubtcl 76-32] Installing object 'trenz.biz:xilinx_board_store:te0725lp_100:1.0' ...
INFO: [Common 17-1572] Object trenz.biz:xilinx_board_store:te0725lp_100:1.0 has already been installed, skipping installation
INFO: [xhubtcl 76-32] Installing object 'trenz.biz:xilinx_board_store:te0725_100_2c:1.0' ...
INFO: [Common 17-1572] Object trenz.biz:xilinx_board_store:te0725_100_2c:1.0 has already been installed, skipping installation
INFO: [xhubtcl 76-32] Installing object 'trenz.biz:xilinx_board_store:te0725_100_2i:1.0' ...
INFO: [Common 17-1572] Object trenz.biz:xilinx_board_store:te0725_100_2i:1.0 has already been installed, skipping installation
INFO: [xhubtcl 76-32] Installing object 'trenz.biz:xilinx_board_store:te0725_15_1c:1.0' ...
INFO: [Common 17-1572] Object trenz.biz:xilinx_board_store:te0725_15_1c:1.0 has already been installed, skipping installation
INFO: [xhubtcl 76-32] Installing object 'trenz.biz:xilinx_board_store:te0725_35_2c:1.0' ...
INFO: [Common 17-1572] Object trenz.biz:xilinx_board_store:te0725_35_2c:1.0 has already been installed, skipping installation
INFO: [xhubtcl 76-32] Installing object 'trenz.biz:xilinx_board_store:te0726_01:1.0' ...
INFO: [Common 17-1572] Object trenz.biz:xilinx_board_store:te0726_01:1.0 has already been installed, skipping installation
INFO: [xhubtcl 76-32] Installing object 'trenz.biz:xilinx_board_store:te0726_r:2.1' ...
INFO: [Common 17-1572] Object trenz.biz:xilinx_board_store:te0726_r:2.1 has already been installed, skipping installation
INFO: [xhubtcl 76-32] Installing object 'trenz.biz:xilinx_board_store:te0726_m:3.1' ...
INFO: [Common 17-1572] Object trenz.biz:xilinx_board_store:te0726_m:3.1 has already been installed, skipping installation
INFO: [xhubtcl 76-32] Installing object 'trenz.biz:xilinx_board_store:te0726_7s:3.1' ...
INFO: [Common 17-1572] Object trenz.biz:xilinx_board_store:te0726_7s:3.1 has already been installed, skipping installation
INFO: [xhubtcl 76-32] Installing object 'trenz.biz:xilinx_board_store:te0729_20_2i:1.0' ...
INFO: [Common 17-1572] Object trenz.biz:xilinx_board_store:te0729_20_2i:1.0 has already been installed, skipping installation
INFO: [xhubtcl 76-32] Installing object 'trenz.biz:xilinx_board_store:te0729_20_2i:2.0' ...
INFO: [Common 17-1572] Object trenz.biz:xilinx_board_store:te0729_20_2i:2.0 has already been installed, skipping installation
INFO: [xhubtcl 76-32] Installing object 'trenz.biz:xilinx_board_store:te0803_2cg_1e:1.0' ...
INFO: [Common 17-1572] Object trenz.biz:xilinx_board_store:te0803_2cg_1e:1.0 has already been installed, skipping installation
INFO: [xhubtcl 76-32] Installing object 'trenz.biz:xilinx_board_store:te0803_2cg_1e_tebf0808:2.0' ...
INFO: [Common 17-1572] Object trenz.biz:xilinx_board_store:te0803_2cg_1e_tebf0808:2.0 has already been installed, skipping installation
INFO: [xhubtcl 76-32] Installing object 'trenz.biz:xilinx_board_store:te0803_2eg_1e:1.0' ...
INFO: [Common 17-1572] Object trenz.biz:xilinx_board_store:te0803_2eg_1e:1.0 has already been installed, skipping installation
INFO: [xhubtcl 76-32] Installing object 'trenz.biz:xilinx_board_store:te0803_2eg_1e_tebf0808:2.0' ...
INFO: [Common 17-1572] Object trenz.biz:xilinx_board_store:te0803_2eg_1e_tebf0808:2.0 has already been installed, skipping installation
INFO: [xhubtcl 76-32] Installing object 'trenz.biz:xilinx_board_store:te0803_3cg_1e:1.0' ...
INFO: [Common 17-1572] Object trenz.biz:xilinx_board_store:te0803_3cg_1e:1.0 has already been installed, skipping installation
INFO: [xhubtcl 76-32] Installing object 'trenz.biz:xilinx_board_store:te0803_3cg_1e_tebf0808:2.0' ...
INFO: [Common 17-1572] Object trenz.biz:xilinx_board_store:te0803_3cg_1e_tebf0808:2.0 has already been installed, skipping installation
INFO: [xhubtcl 76-32] Installing object 'trenz.biz:xilinx_board_store:te0803_3eg_1e:1.0' ...
INFO: [Common 17-1572] Object trenz.biz:xilinx_board_store:te0803_3eg_1e:1.0 has already been installed, skipping installation
INFO: [xhubtcl 76-32] Installing object 'trenz.biz:xilinx_board_store:te0803_3eg_1e_tebf0808:2.0' ...
INFO: [Common 17-1572] Object trenz.biz:xilinx_board_store:te0803_3eg_1e_tebf0808:2.0 has already been installed, skipping installation
INFO: [xhubtcl 76-32] Installing object 'trenz.biz:xilinx_board_store:te0803_3eg_1e:3.0' ...
INFO: [Common 17-1572] Object trenz.biz:xilinx_board_store:te0803_3eg_1e:3.0 has already been installed, skipping installation
INFO: [xhubtcl 76-32] Installing object 'trenz.biz:xilinx_board_store:te0803_3eg_1e_tebf0808:4.0' ...
INFO: [Common 17-1572] Object trenz.biz:xilinx_board_store:te0803_3eg_1e_tebf0808:4.0 has already been installed, skipping installation
INFO: [xhubtcl 76-32] Installing object 'trenz.biz:xilinx_board_store:te0803_4cg_1e:1.0' ...
INFO: [Common 17-1572] Object trenz.biz:xilinx_board_store:te0803_4cg_1e:1.0 has already been installed, skipping installation
INFO: [xhubtcl 76-32] Installing object 'trenz.biz:xilinx_board_store:te0803_4cg_1e_tebf0808:2.0' ...
INFO: [Common 17-1572] Object trenz.biz:xilinx_board_store:te0803_4cg_1e_tebf0808:2.0 has already been installed, skipping installation
INFO: [xhubtcl 76-32] Installing object 'trenz.biz:xilinx_board_store:te0803_4eg_1e:1.0' ...
INFO: [Common 17-1572] Object trenz.biz:xilinx_board_store:te0803_4eg_1e:1.0 has already been installed, skipping installation
INFO: [xhubtcl 76-32] Installing object 'trenz.biz:xilinx_board_store:te0803_4eg_1e_tebf0808:2.0' ...
INFO: [Common 17-1572] Object trenz.biz:xilinx_board_store:te0803_4eg_1e_tebf0808:2.0 has already been installed, skipping installation
INFO: [xhubtcl 76-32] Installing object 'trenz.biz:xilinx_board_store:te0803_4eg_1i:5.0' ...
INFO: [Common 17-1572] Object trenz.biz:xilinx_board_store:te0803_4eg_1i:5.0 has already been installed, skipping installation
INFO: [xhubtcl 76-32] Installing object 'trenz.biz:xilinx_board_store:te0803_4eg_1i_tebf0808:6.0' ...
INFO: [Common 17-1572] Object trenz.biz:xilinx_board_store:te0803_4eg_1i_tebf0808:6.0 has already been installed, skipping installation
INFO: [xhubtcl 76-32] Installing object 'trenz.biz:xilinx_board_store:te0803_4ev_1e:1.0' ...
INFO: [Common 17-1572] Object trenz.biz:xilinx_board_store:te0803_4ev_1e:1.0 has already been installed, skipping installation
INFO: [xhubtcl 76-32] Installing object 'trenz.biz:xilinx_board_store:te0803_4ev_1e_tebf0808:2.0' ...
INFO: [Common 17-1572] Object trenz.biz:xilinx_board_store:te0803_4ev_1e_tebf0808:2.0 has already been installed, skipping installation
INFO: [xhubtcl 76-32] Installing object 'trenz.biz:xilinx_board_store:te0803_5ev_1e:1.0' ...
INFO: [Common 17-1572] Object trenz.biz:xilinx_board_store:te0803_5ev_1e:1.0 has already been installed, skipping installation
INFO: [xhubtcl 76-32] Installing object 'trenz.biz:xilinx_board_store:te0803_5ev_1e_tebf0808:2.0' ...
INFO: [Common 17-1572] Object trenz.biz:xilinx_board_store:te0803_5ev_1e_tebf0808:2.0 has already been installed, skipping installation
INFO: [xhubtcl 76-32] Installing object 'trenz.biz:xilinx_board_store:te0803_5ev_1i:1.0' ...
INFO: [Common 17-1572] Object trenz.biz:xilinx_board_store:te0803_5ev_1i:1.0 has already been installed, skipping installation
INFO: [xhubtcl 76-32] Installing object 'trenz.biz:xilinx_board_store:te0803_5ev_1i_tebf0808:2.0' ...
INFO: [Common 17-1572] Object trenz.biz:xilinx_board_store:te0803_5ev_1i_tebf0808:2.0 has already been installed, skipping installation
INFO: [xhubtcl 76-32] Installing object 'trenz.biz:xilinx_board_store:te0808_15eg_1e:3.0' ...
INFO: [Common 17-1572] Object trenz.biz:xilinx_board_store:te0808_15eg_1e:3.0 has already been installed, skipping installation
INFO: [xhubtcl 76-32] Installing object 'trenz.biz:xilinx_board_store:te0808_15eg_1e_tebf0808:4.0' ...
INFO: [Common 17-1572] Object trenz.biz:xilinx_board_store:te0808_15eg_1e_tebf0808:4.0 has already been installed, skipping installation
INFO: [xhubtcl 76-32] Installing object 'trenz.biz:xilinx_board_store:te0808_6eg_1e:3.0' ...
INFO: [Common 17-1572] Object trenz.biz:xilinx_board_store:te0808_6eg_1e:3.0 has already been installed, skipping installation
INFO: [xhubtcl 76-32] Installing object 'trenz.biz:xilinx_board_store:te0808_6eg_1e_tebf0808:4.0' ...
INFO: [Common 17-1572] Object trenz.biz:xilinx_board_store:te0808_6eg_1e_tebf0808:4.0 has already been installed, skipping installation
INFO: [xhubtcl 76-32] Installing object 'trenz.biz:xilinx_board_store:te0808_9eg_1e:1.0' ...
INFO: [Common 17-1572] Object trenz.biz:xilinx_board_store:te0808_9eg_1e:1.0 has already been installed, skipping installation
INFO: [xhubtcl 76-32] Installing object 'trenz.biz:xilinx_board_store:te0808_9eg_1e_tebf0808:2.0' ...
INFO: [Common 17-1572] Object trenz.biz:xilinx_board_store:te0808_9eg_1e_tebf0808:2.0 has already been installed, skipping installation
INFO: [xhubtcl 76-32] Installing object 'trenz.biz:xilinx_board_store:te0808_9eg_1e:3.0' ...
INFO: [Common 17-1572] Object trenz.biz:xilinx_board_store:te0808_9eg_1e:3.0 has already been installed, skipping installation
INFO: [xhubtcl 76-32] Installing object 'trenz.biz:xilinx_board_store:te0808_9eg_1e_tebf0808:4.0' ...
INFO: [Common 17-1572] Object trenz.biz:xilinx_board_store:te0808_9eg_1e_tebf0808:4.0 has already been installed, skipping installation
INFO: [xhubtcl 76-32] Installing object 'trenz.biz:xilinx_board_store:te0808_9eg_2i:3.0' ...
INFO: [Common 17-1572] Object trenz.biz:xilinx_board_store:te0808_9eg_2i:3.0 has already been installed, skipping installation
INFO: [xhubtcl 76-32] Installing object 'trenz.biz:xilinx_board_store:te0808_9eg_2i_tebf0808:4.0' ...
INFO: [Common 17-1572] Object trenz.biz:xilinx_board_store:te0808_9eg_2i_tebf0808:4.0 has already been installed, skipping installation
INFO: [xhubtcl 76-32] Installing object 'trenz.biz:xilinx_board_store:te0820_2cg_1e:1.0' ...
INFO: [Common 17-1572] Object trenz.biz:xilinx_board_store:te0820_2cg_1e:1.0 has already been installed, skipping installation
INFO: [xhubtcl 76-32] Installing object 'trenz.biz:xilinx_board_store:te0820_2eg_1e:1.0' ...
INFO: [Common 17-1572] Object trenz.biz:xilinx_board_store:te0820_2eg_1e:1.0 has already been installed, skipping installation
INFO: [xhubtcl 76-32] Installing object 'trenz.biz:xilinx_board_store:te0820_2eg_1e:2.0' ...
INFO: [Common 17-1572] Object trenz.biz:xilinx_board_store:te0820_2eg_1e:2.0 has already been installed, skipping installation
INFO: [xhubtcl 76-32] Installing object 'trenz.biz:xilinx_board_store:te0820_3cg_1e:1.0' ...
INFO: [Common 17-1572] Object trenz.biz:xilinx_board_store:te0820_3cg_1e:1.0 has already been installed, skipping installation
INFO: [xhubtcl 76-32] Installing object 'trenz.biz:xilinx_board_store:te0820_3eg_1e:1.0' ...
INFO: [Common 17-1572] Object trenz.biz:xilinx_board_store:te0820_3eg_1e:1.0 has already been installed, skipping installation
INFO: [xhubtcl 76-32] Installing object 'trenz.biz:xilinx_board_store:te0820_4cg_1e:1.0' ...
INFO: [Common 17-1572] Object trenz.biz:xilinx_board_store:te0820_4cg_1e:1.0 has already been installed, skipping installation
INFO: [xhubtcl 76-32] Installing object 'trenz.biz:xilinx_board_store:te0820_4ev_1e:1.0' ...
INFO: [Common 17-1572] Object trenz.biz:xilinx_board_store:te0820_4ev_1e:1.0 has already been installed, skipping installation
INFO: [xhubtcl 76-32] Installing object 'trenz.biz:xilinx_board_store:teb0911_9eg_1e:1.0' ...
INFO: [Common 17-1572] Object trenz.biz:xilinx_board_store:teb0911_9eg_1e:1.0 has already been installed, skipping installation
INFO: [xhubtcl 76-32] Installing object 'trenz.biz:xilinx_board_store:tec0850_15eg_1e:1.0' ...
INFO: [Common 17-1572] Object trenz.biz:xilinx_board_store:tec0850_15eg_1e:1.0 has already been installed, skipping installation
INFO: [xhubtcl 76-32] Installing object 'xilinx.com:xilinx_board_store:vcu128_es:1.0' ...
INFO: [Common 17-1572] Object xilinx.com:xilinx_board_store:vcu128_es:1.0 has already been installed, skipping installation
INFO: [xhubtcl 76-32] Installing object 'xilinx.com:xilinx_board_store:vcu128_es:1.1' ...
INFO: [Common 17-1572] Object xilinx.com:xilinx_board_store:vcu128_es:1.1 has already been installed, skipping installation
INFO: [xhubtcl 76-32] Installing object 'xilinx.com:xilinx_board_store:vcu128:1.0' ...
INFO: [Common 17-1572] Object xilinx.com:xilinx_board_store:vcu128:1.0 has already been installed, skipping installation
INFO: [xhubtcl 76-32] Installing object 'xilinx.com:xilinx_board_store:vcu129:1.0' ...
INFO: [Common 17-14] Message 'xhubtcl 76-32' appears 100 times and further instances of the messages will be disabled. Use the Tcl command set_msg_config to change the current settings.
INFO: [Common 17-1572] Object xilinx.com:xilinx_board_store:vcu129:1.0 has already been installed, skipping installation
INFO: [Common 17-14] Message 'Common 17-1572' appears 100 times and further instances of the messages will be disabled. Use the Tcl command set_msg_config to change the current settings.
INFO: [Common 17-1570] Installing object xilinx.com:xilinx_board_store:zcu106:2.4 from remote host https://github.com/Xilinx/XilinxBoardStore.git
INFO: [Common 17-1573] Object xilinx.com:xilinx_board_store:zcu106:2.4 has been installed successfully.
xhub::update [xhub::get_xitems -of_objects [xhub::get_xstores xilinx_board_store]]
INFO: [Common 17-1570] Installing object xilinx.com:xilinx_board_store:zcu106:2.5 from remote host https://github.com/Xilinx/XilinxBoardStore.git
INFO: [xhubtcl 76-12] the object xilinx.com:xilinx_board_store:zcu106:2.5 has been updated successfully .
create_project PE_1 {/run/media/fnavarro/Datos/fnavarro/6to/Tecnicas Digitales IV/Practicos/PE_1} -part xc7a35tcpg236-1
INFO: [IP_Flow 19-234] Refreshing IP repositories
INFO: [IP_Flow 19-1704] No user IP repositories specified
INFO: [IP_Flow 19-2313] Loaded Vivado IP repository '/opt/Vivado/2019.2/data/ip'.
create_project: Time (s): cpu = 00:00:37 ; elapsed = 00:00:18 . Memory (MB): peak = 6752.504 ; gain = 148.246 ; free physical = 3843 ; free virtual = 42874
set_property board_part digilentinc.com:basys3:part0:1.1 [current_project]
set_property target_language VHDL [current_project]
file mkdir /run/media/fnavarro/Datos/fnavarro/6to/Tecnicas Digitales IV/Practicos/PE_1/PE_1.srcs/sources_1/new
file mkdir /run/media/fnavarro/Datos/fnavarro/6to/Tecnicas Digitales IV/Practicos/PE_1/PE_1.srcs/sources_1/new
file mkdir /run/media/fnavarro/Datos/fnavarro/6to/Tecnicas Digitales IV/Practicos/PE_1/PE_1.srcs/sources_1/new
file mkdir /run/media/fnavarro/Datos/fnavarro/6to/Tecnicas Digitales IV/Practicos/PE_1/PE_1.srcs/sources_1/new
file mkdir /run/media/fnavarro/Datos/fnavarro/6to/Tecnicas Digitales IV/Practicos/PE_1/PE_1.srcs/sources_1/new
file mkdir /run/media/fnavarro/Datos/fnavarro/6to/Tecnicas Digitales IV/Practicos/PE_1/PE_1.srcs/sources_1/new
file mkdir {/run/media/fnavarro/Datos/fnavarro/6to/Tecnicas Digitales IV/Practicos/PE_1/PE_1.srcs/sources_1/new}
close [ open {/run/media/fnavarro/Datos/fnavarro/6to/Tecnicas Digitales IV/Practicos/PE_1/PE_1.srcs/sources_1/new/fa1.vhd} w ]
add_files {{/run/media/fnavarro/Datos/fnavarro/6to/Tecnicas Digitales IV/Practicos/PE_1/PE_1.srcs/sources_1/new/fa1.vhd}}
update_compile_order -fileset sources_1
export_ip_user_files -of_objects  [get_files {{/run/media/fnavarro/Datos/fnavarro/6to/Tecnicas Digitales IV/Practicos/PE_1/PE_1.srcs/sources_1/new/fa1.vhd}}] -no_script -reset -force -quiet
remove_files  {{/run/media/fnavarro/Datos/fnavarro/6to/Tecnicas Digitales IV/Practicos/PE_1/PE_1.srcs/sources_1/new/fa1.vhd}}
file delete -force {/run/media/fnavarro/Datos/fnavarro/6to/Tecnicas Digitales IV/Practicos/PE_1/PE_1.srcs/sources_1/new/fa1.vhd}
close [ open {/run/media/fnavarro/Datos/fnavarro/6to/Tecnicas Digitales IV/Practicos/PE_1/PE_1.srcs/sources_1/new/ha1.vhd} w ]
add_files {{/run/media/fnavarro/Datos/fnavarro/6to/Tecnicas Digitales IV/Practicos/PE_1/PE_1.srcs/sources_1/new/ha1.vhd}}
launch_simulation
Command: launch_simulation 
INFO: [Vivado 12-5682] Launching behavioral simulation in '/run/media/fnavarro/Datos/fnavarro/6to/Tecnicas Digitales IV/Practicos/PE_1/PE_1.sim/sim_1/behav/xsim'
INFO: [SIM-utils-51] Simulation object is 'sim_1'
INFO: [SIM-utils-54] Inspecting design source files for 'ha1' in fileset 'sim_1'...
INFO: [USF-XSim-97] Finding global include files...
INFO: [USF-XSim-98] Fetching design files from 'sim_1'...
INFO: [USF-XSim-2] XSim::Compile design
INFO: [USF-XSim-61] Executing 'COMPILE and ANALYZE' step in '/run/media/fnavarro/Datos/fnavarro/6to/Tecnicas Digitales IV/Practicos/PE_1/PE_1.sim/sim_1/behav/xsim'
xvhdl --incr --relax -prj ha1_vhdl.prj
INFO: [VRFC 10-163] Analyzing VHDL file "/run/media/fnavarro/Datos/fnavarro/6to/Tecnicas Digitales IV/Practicos/PE_1/PE_1.srcs/sources_1/new/ha1.vhd" into library xil_defaultlib
INFO: [VRFC 10-3107] analyzing entity 'ha1'
INFO: [USF-XSim-69] 'compile' step finished in '1' seconds
INFO: [USF-XSim-3] XSim::Elaborate design
INFO: [USF-XSim-61] Executing 'ELABORATE' step in '/run/media/fnavarro/Datos/fnavarro/6to/Tecnicas Digitales IV/Practicos/PE_1/PE_1.sim/sim_1/behav/xsim'
xelab -wto 21f9d09921e8441bbded324b201958f8 --incr --debug typical --relax --mt 8 -L xil_defaultlib -L secureip --snapshot ha1_behav xil_defaultlib.ha1 -log elaborate.log
Vivado Simulator 2019.2
Copyright 1986-1999, 2001-2019 Xilinx, Inc. All Rights Reserved.
Running: /opt/Vivado/2019.2/bin/unwrapped/lnx64.o/xelab -wto 21f9d09921e8441bbded324b201958f8 --incr --debug typical --relax --mt 8 -L xil_defaultlib -L secureip --snapshot ha1_behav xil_defaultlib.ha1 -log elaborate.log 
Using 8 slave threads.
Starting static elaboration
Completed static elaboration
Starting simulation data flow analysis
Completed simulation data flow analysis
Time Resolution for simulation is 1ps
Compiling package std.standard
Compiling package std.textio
Compiling package ieee.std_logic_1164
Compiling architecture arch_ha1 of entity xil_defaultlib.ha1
Built simulation snapshot ha1_behav

****** Webtalk v2019.2 (64-bit)
  **** SW Build 2708876 on Wed Nov  6 21:39:14 MST 2019
  **** IP Build 2700528 on Thu Nov  7 00:09:20 MST 2019
    ** Copyright 1986-2019 Xilinx, Inc. All Rights Reserved.

source /run/media/fnavarro/Datos/fnavarro/6to/Tecnicas -notrace
couldn't read file "/run/media/fnavarro/Datos/fnavarro/6to/Tecnicas": illegal operation on a directory
INFO: [Common 17-206] Exiting Webtalk at Tue Apr  7 16:47:58 2020...
INFO: [USF-XSim-69] 'elaborate' step finished in '4' seconds
INFO: [USF-XSim-4] XSim::Simulate design
INFO: [USF-XSim-61] Executing 'SIMULATE' step in '/run/media/fnavarro/Datos/fnavarro/6to/Tecnicas Digitales IV/Practicos/PE_1/PE_1.sim/sim_1/behav/xsim'
INFO: [USF-XSim-98] *** Running xsim
   with args "ha1_behav -key {Behavioral:sim_1:Functional:ha1} -tclbatch {ha1.tcl} -log {simulate.log}"
INFO: [USF-XSim-8] Loading simulator feature
Vivado Simulator 2019.2
Time resolution is 1 ps
source ha1.tcl
# set curr_wave [current_wave_config]
# if { [string length $curr_wave] == 0 } {
#   if { [llength [get_objects]] > 0} {
#     add_wave /
#     set_property needs_save false [current_wave_config]
#   } else {
#      send_msg_id Add_Wave-1 WARNING "No top level signals found. Simulator will start without a wave window. If you want to open a wave window go to 'File->New Waveform Configuration' or type 'create_wave_config' in the TCL console."
#   }
# }
# run 1000ns
xsim: Time (s): cpu = 00:00:10 ; elapsed = 00:00:05 . Memory (MB): peak = 7123.531 ; gain = 115.867 ; free physical = 3580 ; free virtual = 42714
INFO: [USF-XSim-96] XSim completed. Design snapshot 'ha1_behav' loaded.
INFO: [USF-XSim-97] XSim simulation ran for 1000ns
launch_simulation: Time (s): cpu = 00:00:16 ; elapsed = 00:00:11 . Memory (MB): peak = 7123.531 ; gain = 124.828 ; free physical = 3580 ; free virtual = 42714
launch_runs synth_1 -jobs 7
[Tue Apr  7 16:48:13 2020] Launched synth_1...
Run output will be captured here: /run/media/fnavarro/Datos/fnavarro/6to/Tecnicas Digitales IV/Practicos/PE_1/PE_1.runs/synth_1/runme.log
launch_runs impl_1 -jobs 7
[Tue Apr  7 16:49:34 2020] Launched impl_1...
Run output will be captured here: /run/media/fnavarro/Datos/fnavarro/6to/Tecnicas Digitales IV/Practicos/PE_1/PE_1.runs/impl_1/runme.log
file mkdir /run/media/fnavarro/Datos/fnavarro/6to/Tecnicas Digitales IV/Practicos/PE_1/PE_1.srcs/constrs_1
file mkdir /run/media/fnavarro/Datos/fnavarro/6to/Tecnicas Digitales IV/Practicos/PE_1/PE_1.srcs/constrs_1
file mkdir /run/media/fnavarro/Datos/fnavarro/6to/Tecnicas Digitales IV/Practicos/PE_1/PE_1.srcs/constrs_1/new
file mkdir /run/media/fnavarro/Datos/fnavarro/6to/Tecnicas Digitales IV/Practicos/PE_1/PE_1.srcs/constrs_1/new
file mkdir /run/media/fnavarro/Datos/fnavarro/6to/Tecnicas Digitales IV/Practicos/PE_1/PE_1.srcs/constrs_1/new
file mkdir /run/media/fnavarro/Datos/fnavarro/6to/Tecnicas Digitales IV/Practicos/PE_1/PE_1.srcs/constrs_1/new
file mkdir /run/media/fnavarro/Datos/fnavarro/6to/Tecnicas Digitales IV/Practicos/PE_1/PE_1.srcs/constrs_1
file mkdir {/run/media/fnavarro/Datos/fnavarro/6to/Tecnicas Digitales IV/Practicos/PE_1/PE_1.srcs/constrs_1/new}
close [ open {/run/media/fnavarro/Datos/fnavarro/6to/Tecnicas Digitales IV/Practicos/PE_1/PE_1.srcs/constrs_1/new/basys3.xdc} w ]
add_files -fileset constrs_1 {{/run/media/fnavarro/Datos/fnavarro/6to/Tecnicas Digitales IV/Practicos/PE_1/PE_1.srcs/constrs_1/new/basys3.xdc}}
reset_run synth_1
launch_runs impl_1 -jobs 7
[Tue Apr  7 16:58:11 2020] Launched synth_1...
Run output will be captured here: /run/media/fnavarro/Datos/fnavarro/6to/Tecnicas Digitales IV/Practicos/PE_1/PE_1.runs/synth_1/runme.log
[Tue Apr  7 16:58:11 2020] Launched impl_1...
Run output will be captured here: /run/media/fnavarro/Datos/fnavarro/6to/Tecnicas Digitales IV/Practicos/PE_1/PE_1.runs/impl_1/runme.log
launch_runs impl_1 -to_step write_bitstream -jobs 7
[Tue Apr  7 17:00:53 2020] Launched impl_1...
Run output will be captured here: /run/media/fnavarro/Datos/fnavarro/6to/Tecnicas Digitales IV/Practicos/PE_1/PE_1.runs/impl_1/runme.log
open_hw_manager
connect_hw_server -allow_non_jtag
INFO: [Labtools 27-2285] Connecting to hw_server url TCP:localhost:3121
INFO: [Labtools 27-2222] Launching hw_server...
INFO: [Labtools 27-2221] Launch Output:

****** Xilinx hw_server v2019.2
  **** Build date : Nov  6 2019 at 22:13:42
    ** Copyright 1986-2019 Xilinx, Inc. All Rights Reserved.


INFO: [Labtools 27-3415] Connecting to cs_server url TCP:localhost:3042
INFO: [Labtools 27-3417] Launching cs_server...
INFO: [Labtools 27-2221] Launch Output:


****** Xilinx cs_server v2019.2.0
  **** Build date : Nov 07 2019-02:41:48
    ** Copyright 2017-2019 Xilinx, Inc. All Rights Reserved.



open_hw_target
INFO: [Labtoolstcl 44-466] Opening hw_target localhost:3121/xilinx_tcf/Digilent/210183A6F9EBA
set_property PROGRAM.FILE {/run/media/fnavarro/Datos/fnavarro/6to/Tecnicas Digitales IV/Practicos/PE_1/PE_1.runs/impl_1/ha1.bit} [get_hw_devices xc7a35t_0]
current_hw_device [get_hw_devices xc7a35t_0]
refresh_hw_device -update_hw_probes false [lindex [get_hw_devices xc7a35t_0] 0]
INFO: [Labtools 27-1434] Device xc7a35t (JTAG device index = 0) is programmed with a design that has no supported debug core(s) in it.
set_property PROBES.FILE {} [get_hw_devices xc7a35t_0]
set_property FULL_PROBES.FILE {} [get_hw_devices xc7a35t_0]
set_property PROGRAM.FILE {/run/media/fnavarro/Datos/fnavarro/6to/Tecnicas Digitales IV/Practicos/PE_1/PE_1.runs/impl_1/ha1.bit} [get_hw_devices xc7a35t_0]
program_hw_devices [get_hw_devices xc7a35t_0]
INFO: [Labtools 27-3164] End of startup status: HIGH
refresh_hw_device [lindex [get_hw_devices xc7a35t_0] 0]
INFO: [Labtools 27-1434] Device xc7a35t (JTAG device index = 0) is programmed with a design that has no supported debug core(s) in it.
close_sim
INFO: [Simtcl 6-16] Simulation closed
close_project
WARNING: [Board 49-26] cannot add Board Part digilentinc.com:genesys2:part0:1.1 available at /home/fnavarro/.Xilinx/Vivado/2019.2/xhub/board_store/XilinxBoardStore/Vivado/2019.2/boards/Digilent/genesys2/H/1.1/board.xml as part xc7k325tffg900-2 specified in board_part file is either invalid or not available
WARNING: [Board 49-26] cannot add Board Part digilentinc.com:sword:part0:1.0 available at /home/fnavarro/.Xilinx/Vivado/2019.2/xhub/board_store/XilinxBoardStore/Vivado/2019.2/boards/Digilent/sword/C.0/1.0/board.xml as part xc7k325tffg900-2 specified in board_part file is either invalid or not available
WARNING: [Board 49-26] cannot add Board Part trenz.biz:te0808_15eg_1e:part0:3.0 available at /home/fnavarro/.Xilinx/Vivado/2019.2/xhub/board_store/XilinxBoardStore/Vivado/2019.2/boards/Trenz_Electronic/TE0808_15EG_1E/3.0/3.0/board.xml as part xczu15eg-ffvc900-1-e specified in board_part file is either invalid or not available
WARNING: [Board 49-26] cannot add Board Part trenz.biz:te0808_15eg_1e_tebf0808:part0:4.0 available at /home/fnavarro/.Xilinx/Vivado/2019.2/xhub/board_store/XilinxBoardStore/Vivado/2019.2/boards/Trenz_Electronic/TE0808_15EG_1E/4.0/4.0/board.xml as part xczu15eg-ffvc900-1-e specified in board_part file is either invalid or not available
WARNING: [Board 49-26] cannot add Board Part trenz.biz:te0808_6eg_1e:part0:3.0 available at /home/fnavarro/.Xilinx/Vivado/2019.2/xhub/board_store/XilinxBoardStore/Vivado/2019.2/boards/Trenz_Electronic/TE0808_6EG_1E/3.0/3.0/board.xml as part xczu6eg-ffvc900-1-e specified in board_part file is either invalid or not available
WARNING: [Board 49-26] cannot add Board Part trenz.biz:te0808_6eg_1e_tebf0808:part0:4.0 available at /home/fnavarro/.Xilinx/Vivado/2019.2/xhub/board_store/XilinxBoardStore/Vivado/2019.2/boards/Trenz_Electronic/TE0808_6EG_1E/4.0/4.0/board.xml as part xczu6eg-ffvc900-1-e specified in board_part file is either invalid or not available
WARNING: [Board 49-26] cannot add Board Part trenz.biz:te0808_9eg_1e:part0:1.0 available at /home/fnavarro/.Xilinx/Vivado/2019.2/xhub/board_store/XilinxBoardStore/Vivado/2019.2/boards/Trenz_Electronic/TE0808_9EG_1E/1.0/1.0/board.xml as part xczu9eg-ffvc900-1-e specified in board_part file is either invalid or not available
WARNING: [Board 49-26] cannot add Board Part trenz.biz:te0808_9eg_1e:part0:3.0 available at /home/fnavarro/.Xilinx/Vivado/2019.2/xhub/board_store/XilinxBoardStore/Vivado/2019.2/boards/Trenz_Electronic/TE0808_9EG_1E/3.0/3.0/board.xml as part xczu9eg-ffvc900-1-e specified in board_part file is either invalid or not available
WARNING: [Board 49-26] cannot add Board Part trenz.biz:te0808_9eg_1e_tebf0808:part0:2.0 available at /home/fnavarro/.Xilinx/Vivado/2019.2/xhub/board_store/XilinxBoardStore/Vivado/2019.2/boards/Trenz_Electronic/TE0808_9EG_1E/2.0/2.0/board.xml as part xczu9eg-ffvc900-1-e specified in board_part file is either invalid or not available
WARNING: [Board 49-26] cannot add Board Part trenz.biz:te0808_9eg_1e_tebf0808:part0:4.0 available at /home/fnavarro/.Xilinx/Vivado/2019.2/xhub/board_store/XilinxBoardStore/Vivado/2019.2/boards/Trenz_Electronic/TE0808_9EG_1E/4.0/4.0/board.xml as part xczu9eg-ffvc900-1-e specified in board_part file is either invalid or not available
WARNING: [Board 49-26] cannot add Board Part trenz.biz:te0808_9eg_2i:part0:3.0 available at /home/fnavarro/.Xilinx/Vivado/2019.2/xhub/board_store/XilinxBoardStore/Vivado/2019.2/boards/Trenz_Electronic/TE0808_9EG_2I/3.0/3.0/board.xml as part xczu9eg-ffvc900-2-i specified in board_part file is either invalid or not available
WARNING: [Board 49-26] cannot add Board Part trenz.biz:te0808_9eg_2i_tebf0808:part0:4.0 available at /home/fnavarro/.Xilinx/Vivado/2019.2/xhub/board_store/XilinxBoardStore/Vivado/2019.2/boards/Trenz_Electronic/TE0808_9EG_2I/4.0/4.0/board.xml as part xczu9eg-ffvc900-2-i specified in board_part file is either invalid or not available
WARNING: [Board 49-26] cannot add Board Part trenz.biz:teb0911_9eg_1e:part0:1.0 available at /home/fnavarro/.Xilinx/Vivado/2019.2/xhub/board_store/XilinxBoardStore/Vivado/2019.2/boards/Trenz_Electronic/TEB0911_9EG_1E/1.0/1.0/board.xml as part xczu9eg-ffvb1156-1-e specified in board_part file is either invalid or not available
WARNING: [Board 49-26] cannot add Board Part trenz.biz:tec0850_15eg_1e:part0:1.0 available at /home/fnavarro/.Xilinx/Vivado/2019.2/xhub/board_store/XilinxBoardStore/Vivado/2019.2/boards/Trenz_Electronic/TEC0850_15EG_1E/1.0/1.0/board.xml as part xczu15eg-ffvb1156-1-e specified in board_part file is either invalid or not available
WARNING: [Board 49-26] cannot add Board Part xilinx.com:au280_es1:part0:1.0 available at /home/fnavarro/.Xilinx/Vivado/2019.2/xhub/board_store/XilinxBoardStore/Vivado/2019.2/boards/Xilinx/au280/es1/1.0/1.0/board.xml as part xcu280-fsvh2892-2l-e-es1 specified in board_part file is either invalid or not available
WARNING: [Board 49-26] cannot add Board Part xilinx.com:au280_es1:part0:1.1 available at /home/fnavarro/.Xilinx/Vivado/2019.2/xhub/board_store/XilinxBoardStore/Vivado/2019.2/boards/Xilinx/au280/es1/1.1/1.1/board.xml as part xcu280-fsvh2892-2l-e-es1 specified in board_part file is either invalid or not available
WARNING: [Board 49-26] cannot add Board Part xilinx.com:kc705:part0:1.6 available at /home/fnavarro/.Xilinx/Vivado/2019.2/xhub/board_store/XilinxBoardStore/Vivado/2019.2/boards/Xilinx/kc705/1.6/1.6/board.xml as part xc7k325tffg900-2 specified in board_part file is either invalid or not available
WARNING: [Board 49-26] cannot add Board Part xilinx.com:kcu105:part0:1.6 available at /home/fnavarro/.Xilinx/Vivado/2019.2/xhub/board_store/XilinxBoardStore/Vivado/2019.2/boards/Xilinx/kcu105/1.6/1.6/board.xml as part xcku040-ffva1156-2-e specified in board_part file is either invalid or not available
WARNING: [Board 49-26] cannot add Board Part xilinx.com:kcu1500:part0:1.2 available at /home/fnavarro/.Xilinx/Vivado/2019.2/xhub/board_store/XilinxBoardStore/Vivado/2019.2/boards/Xilinx/kcu1500/1.2/1.2/board.xml as part xcku115-flvb2104-2-e specified in board_part file is either invalid or not available
WARNING: [Board 49-26] cannot add Board Part xilinx.com:vc707:part0:1.4 available at /home/fnavarro/.Xilinx/Vivado/2019.2/xhub/board_store/XilinxBoardStore/Vivado/2019.2/boards/Xilinx/vc707/1.4/1.4/board.xml as part xc7vx485tffg1761-2 specified in board_part file is either invalid or not available
WARNING: [Board 49-26] cannot add Board Part xilinx.com:vc709:part0:1.8 available at /home/fnavarro/.Xilinx/Vivado/2019.2/xhub/board_store/XilinxBoardStore/Vivado/2019.2/boards/Xilinx/vc709/1.8/1.8/board.xml as part xc7vx690tffg1761-2 specified in board_part file is either invalid or not available
WARNING: [Board 49-26] cannot add Board Part xilinx.com:vcu108:part0:1.6 available at /home/fnavarro/.Xilinx/Vivado/2019.2/xhub/board_store/XilinxBoardStore/Vivado/2019.2/boards/Xilinx/vcu108/1.6/1.6/board.xml as part xcvu095-ffva2104-2-e specified in board_part file is either invalid or not available
WARNING: [Board 49-26] cannot add Board Part xilinx.com:vcu110:part0:1.4 available at /home/fnavarro/.Xilinx/Vivado/2019.2/xhub/board_store/XilinxBoardStore/Vivado/2019.2/boards/Xilinx/vcu110/1.4/1.4/board.xml as part xcvu190-flgc2104-2-e specified in board_part file is either invalid or not available
WARNING: [Board 49-26] cannot add Board Part xilinx.com:vcu118:part0:2.0 available at /home/fnavarro/.Xilinx/Vivado/2019.2/xhub/board_store/XilinxBoardStore/Vivado/2019.2/boards/Xilinx/vcu118/2.0/2.0/board.xml as part xcvu9p-flga2104-2l-e specified in board_part file is either invalid or not available
WARNING: [Board 49-26] cannot add Board Part xilinx.com:vcu118:part0:2.3 available at /home/fnavarro/.Xilinx/Vivado/2019.2/xhub/board_store/XilinxBoardStore/Vivado/2019.2/boards/Xilinx/vcu118/2.3/2.3/board.xml as part xcvu9p-flga2104-2l-e specified in board_part file is either invalid or not available
WARNING: [Board 49-26] cannot add Board Part xilinx.com:vcu128:part0:1.0 available at /home/fnavarro/.Xilinx/Vivado/2019.2/xhub/board_store/XilinxBoardStore/Vivado/2019.2/boards/Xilinx/vcu128/production/1.0/1.0/board.xml as part xcvu37p-fsvh2892-2l-e specified in board_part file is either invalid or not available
WARNING: [Board 49-26] cannot add Board Part xilinx.com:vcu128_es:part0:1.0 available at /home/fnavarro/.Xilinx/Vivado/2019.2/xhub/board_store/XilinxBoardStore/Vivado/2019.2/boards/Xilinx/vcu128/es/1.0/1.0/board.xml as part xcvu37p-fsvh2892-2l-e-es1 specified in board_part file is either invalid or not available
WARNING: [Board 49-26] cannot add Board Part xilinx.com:vcu128_es:part0:1.1 available at /home/fnavarro/.Xilinx/Vivado/2019.2/xhub/board_store/XilinxBoardStore/Vivado/2019.2/boards/Xilinx/vcu128/es/1.1/1.1/board.xml as part xcvu37p-fsvh2892-2l-e-es1 specified in board_part file is either invalid or not available
WARNING: [Board 49-26] cannot add Board Part xilinx.com:vcu129:part0:1.0 available at /home/fnavarro/.Xilinx/Vivado/2019.2/xhub/board_store/XilinxBoardStore/Vivado/2019.2/boards/Xilinx/vcu129/production/1.0/1.0/board.xml as part xcvu29p-fsga2577-2l-e specified in board_part file is either invalid or not available
WARNING: [Board 49-26] cannot add Board Part xilinx.com:vcu129_es:part0:1.0 available at /home/fnavarro/.Xilinx/Vivado/2019.2/xhub/board_store/XilinxBoardStore/Vivado/2019.2/boards/Xilinx/vcu129/es/1.0/1.0/board.xml as part xcvu29p-fsga2577-2l-e-es1 specified in board_part file is either invalid or not available
WARNING: [Board 49-26] cannot add Board Part xilinx.com:vcu1525:part0:1.3 available at /home/fnavarro/.Xilinx/Vivado/2019.2/xhub/board_store/XilinxBoardStore/Vivado/2019.2/boards/Xilinx/vcu1525/1.3/1.3/board.xml as part xcvu9p-fsgd2104-2l-e specified in board_part file is either invalid or not available
WARNING: [Board 49-26] cannot add Board Part xilinx.com:zc706:part0:1.4 available at /home/fnavarro/.Xilinx/Vivado/2019.2/xhub/board_store/XilinxBoardStore/Vivado/2019.2/boards/Xilinx/zc706/1.4/1.4/board.xml as part xc7z045ffg900-2 specified in board_part file is either invalid or not available
WARNING: [Board 49-26] cannot add Board Part xilinx.com:zcu102:part0:3.3 available at /home/fnavarro/.Xilinx/Vivado/2019.2/xhub/board_store/XilinxBoardStore/Vivado/2019.2/boards/Xilinx/zcu102/3.3/3.3/board.xml as part xczu9eg-ffvb1156-2-e specified in board_part file is either invalid or not available
WARNING: [Board 49-26] cannot add Board Part xilinx.com:zcu111:part0:1.2 available at /home/fnavarro/.Xilinx/Vivado/2019.2/xhub/board_store/XilinxBoardStore/Vivado/2019.2/boards/Xilinx/zcu111/1.2/1.2/board.xml as part xczu28dr-ffvg1517-2-e specified in board_part file is either invalid or not available
WARNING: [Board 49-26] cannot add Board Part xilinx.com:zcu1275:part0:1.0 available at /home/fnavarro/.Xilinx/Vivado/2019.2/xhub/board_store/XilinxBoardStore/Vivado/2019.2/boards/Xilinx/zcu1275/1.0/1.0/board.xml as part xczu29dr-ffvf1760-2-e specified in board_part file is either invalid or not available
WARNING: [Board 49-26] cannot add Board Part xilinx.com:zcu1285:part0:1.0 available at /home/fnavarro/.Xilinx/Vivado/2019.2/xhub/board_store/XilinxBoardStore/Vivado/2019.2/boards/Xilinx/zcu1285/1.0/1.0/board.xml as part xczu39dr-ffvf1760-2-i specified in board_part file is either invalid or not available
WARNING: [Board 49-26] cannot add Board Part xilinx.com:zcu216_es:part0:1.0 available at /home/fnavarro/.Xilinx/Vivado/2019.2/xhub/board_store/XilinxBoardStore/Vivado/2019.2/boards/Xilinx/zcu216/1.0/1.0/board.xml as part xczu49dr-ffvf1760-2-e-es1 specified in board_part file is either invalid or not available
WARNING: [Board 49-26] cannot add Board Part digilentinc.com:genesys2:part0:1.1 available at /home/fnavarro/.Xilinx/Vivado/2019.2/xhub/board_store/XilinxBoardStore/Vivado/2019.2/boards/Digilent/genesys2/H/1.1/board.xml as part xc7k325tffg900-2 specified in board_part file is either invalid or not available
WARNING: [Board 49-26] cannot add Board Part digilentinc.com:sword:part0:1.0 available at /home/fnavarro/.Xilinx/Vivado/2019.2/xhub/board_store/XilinxBoardStore/Vivado/2019.2/boards/Digilent/sword/C.0/1.0/board.xml as part xc7k325tffg900-2 specified in board_part file is either invalid or not available
WARNING: [Board 49-26] cannot add Board Part trenz.biz:te0808_15eg_1e:part0:3.0 available at /home/fnavarro/.Xilinx/Vivado/2019.2/xhub/board_store/XilinxBoardStore/Vivado/2019.2/boards/Trenz_Electronic/TE0808_15EG_1E/3.0/3.0/board.xml as part xczu15eg-ffvc900-1-e specified in board_part file is either invalid or not available
WARNING: [Board 49-26] cannot add Board Part trenz.biz:te0808_15eg_1e_tebf0808:part0:4.0 available at /home/fnavarro/.Xilinx/Vivado/2019.2/xhub/board_store/XilinxBoardStore/Vivado/2019.2/boards/Trenz_Electronic/TE0808_15EG_1E/4.0/4.0/board.xml as part xczu15eg-ffvc900-1-e specified in board_part file is either invalid or not available
WARNING: [Board 49-26] cannot add Board Part trenz.biz:te0808_6eg_1e:part0:3.0 available at /home/fnavarro/.Xilinx/Vivado/2019.2/xhub/board_store/XilinxBoardStore/Vivado/2019.2/boards/Trenz_Electronic/TE0808_6EG_1E/3.0/3.0/board.xml as part xczu6eg-ffvc900-1-e specified in board_part file is either invalid or not available
WARNING: [Board 49-26] cannot add Board Part trenz.biz:te0808_6eg_1e_tebf0808:part0:4.0 available at /home/fnavarro/.Xilinx/Vivado/2019.2/xhub/board_store/XilinxBoardStore/Vivado/2019.2/boards/Trenz_Electronic/TE0808_6EG_1E/4.0/4.0/board.xml as part xczu6eg-ffvc900-1-e specified in board_part file is either invalid or not available
WARNING: [Board 49-26] cannot add Board Part trenz.biz:te0808_9eg_1e:part0:1.0 available at /home/fnavarro/.Xilinx/Vivado/2019.2/xhub/board_store/XilinxBoardStore/Vivado/2019.2/boards/Trenz_Electronic/TE0808_9EG_1E/1.0/1.0/board.xml as part xczu9eg-ffvc900-1-e specified in board_part file is either invalid or not available
WARNING: [Board 49-26] cannot add Board Part trenz.biz:te0808_9eg_1e:part0:3.0 available at /home/fnavarro/.Xilinx/Vivado/2019.2/xhub/board_store/XilinxBoardStore/Vivado/2019.2/boards/Trenz_Electronic/TE0808_9EG_1E/3.0/3.0/board.xml as part xczu9eg-ffvc900-1-e specified in board_part file is either invalid or not available
WARNING: [Board 49-26] cannot add Board Part trenz.biz:te0808_9eg_1e_tebf0808:part0:2.0 available at /home/fnavarro/.Xilinx/Vivado/2019.2/xhub/board_store/XilinxBoardStore/Vivado/2019.2/boards/Trenz_Electronic/TE0808_9EG_1E/2.0/2.0/board.xml as part xczu9eg-ffvc900-1-e specified in board_part file is either invalid or not available
WARNING: [Board 49-26] cannot add Board Part trenz.biz:te0808_9eg_1e_tebf0808:part0:4.0 available at /home/fnavarro/.Xilinx/Vivado/2019.2/xhub/board_store/XilinxBoardStore/Vivado/2019.2/boards/Trenz_Electronic/TE0808_9EG_1E/4.0/4.0/board.xml as part xczu9eg-ffvc900-1-e specified in board_part file is either invalid or not available
WARNING: [Board 49-26] cannot add Board Part trenz.biz:te0808_9eg_2i:part0:3.0 available at /home/fnavarro/.Xilinx/Vivado/2019.2/xhub/board_store/XilinxBoardStore/Vivado/2019.2/boards/Trenz_Electronic/TE0808_9EG_2I/3.0/3.0/board.xml as part xczu9eg-ffvc900-2-i specified in board_part file is either invalid or not available
WARNING: [Board 49-26] cannot add Board Part trenz.biz:te0808_9eg_2i_tebf0808:part0:4.0 available at /home/fnavarro/.Xilinx/Vivado/2019.2/xhub/board_store/XilinxBoardStore/Vivado/2019.2/boards/Trenz_Electronic/TE0808_9EG_2I/4.0/4.0/board.xml as part xczu9eg-ffvc900-2-i specified in board_part file is either invalid or not available
WARNING: [Board 49-26] cannot add Board Part trenz.biz:teb0911_9eg_1e:part0:1.0 available at /home/fnavarro/.Xilinx/Vivado/2019.2/xhub/board_store/XilinxBoardStore/Vivado/2019.2/boards/Trenz_Electronic/TEB0911_9EG_1E/1.0/1.0/board.xml as part xczu9eg-ffvb1156-1-e specified in board_part file is either invalid or not available
WARNING: [Board 49-26] cannot add Board Part trenz.biz:tec0850_15eg_1e:part0:1.0 available at /home/fnavarro/.Xilinx/Vivado/2019.2/xhub/board_store/XilinxBoardStore/Vivado/2019.2/boards/Trenz_Electronic/TEC0850_15EG_1E/1.0/1.0/board.xml as part xczu15eg-ffvb1156-1-e specified in board_part file is either invalid or not available
WARNING: [Board 49-26] cannot add Board Part xilinx.com:au280_es1:part0:1.0 available at /home/fnavarro/.Xilinx/Vivado/2019.2/xhub/board_store/XilinxBoardStore/Vivado/2019.2/boards/Xilinx/au280/es1/1.0/1.0/board.xml as part xcu280-fsvh2892-2l-e-es1 specified in board_part file is either invalid or not available
WARNING: [Board 49-26] cannot add Board Part xilinx.com:au280_es1:part0:1.1 available at /home/fnavarro/.Xilinx/Vivado/2019.2/xhub/board_store/XilinxBoardStore/Vivado/2019.2/boards/Xilinx/au280/es1/1.1/1.1/board.xml as part xcu280-fsvh2892-2l-e-es1 specified in board_part file is either invalid or not available
WARNING: [Board 49-26] cannot add Board Part xilinx.com:kc705:part0:1.6 available at /home/fnavarro/.Xilinx/Vivado/2019.2/xhub/board_store/XilinxBoardStore/Vivado/2019.2/boards/Xilinx/kc705/1.6/1.6/board.xml as part xc7k325tffg900-2 specified in board_part file is either invalid or not available
WARNING: [Board 49-26] cannot add Board Part xilinx.com:kcu105:part0:1.6 available at /home/fnavarro/.Xilinx/Vivado/2019.2/xhub/board_store/XilinxBoardStore/Vivado/2019.2/boards/Xilinx/kcu105/1.6/1.6/board.xml as part xcku040-ffva1156-2-e specified in board_part file is either invalid or not available
WARNING: [Board 49-26] cannot add Board Part xilinx.com:kcu1500:part0:1.2 available at /home/fnavarro/.Xilinx/Vivado/2019.2/xhub/board_store/XilinxBoardStore/Vivado/2019.2/boards/Xilinx/kcu1500/1.2/1.2/board.xml as part xcku115-flvb2104-2-e specified in board_part file is either invalid or not available
WARNING: [Board 49-26] cannot add Board Part xilinx.com:vc707:part0:1.4 available at /home/fnavarro/.Xilinx/Vivado/2019.2/xhub/board_store/XilinxBoardStore/Vivado/2019.2/boards/Xilinx/vc707/1.4/1.4/board.xml as part xc7vx485tffg1761-2 specified in board_part file is either invalid or not available
WARNING: [Board 49-26] cannot add Board Part xilinx.com:vc709:part0:1.8 available at /home/fnavarro/.Xilinx/Vivado/2019.2/xhub/board_store/XilinxBoardStore/Vivado/2019.2/boards/Xilinx/vc709/1.8/1.8/board.xml as part xc7vx690tffg1761-2 specified in board_part file is either invalid or not available
WARNING: [Board 49-26] cannot add Board Part xilinx.com:vcu108:part0:1.6 available at /home/fnavarro/.Xilinx/Vivado/2019.2/xhub/board_store/XilinxBoardStore/Vivado/2019.2/boards/Xilinx/vcu108/1.6/1.6/board.xml as part xcvu095-ffva2104-2-e specified in board_part file is either invalid or not available
WARNING: [Board 49-26] cannot add Board Part xilinx.com:vcu110:part0:1.4 available at /home/fnavarro/.Xilinx/Vivado/2019.2/xhub/board_store/XilinxBoardStore/Vivado/2019.2/boards/Xilinx/vcu110/1.4/1.4/board.xml as part xcvu190-flgc2104-2-e specified in board_part file is either invalid or not available
WARNING: [Board 49-26] cannot add Board Part xilinx.com:vcu118:part0:2.0 available at /home/fnavarro/.Xilinx/Vivado/2019.2/xhub/board_store/XilinxBoardStore/Vivado/2019.2/boards/Xilinx/vcu118/2.0/2.0/board.xml as part xcvu9p-flga2104-2l-e specified in board_part file is either invalid or not available
WARNING: [Board 49-26] cannot add Board Part xilinx.com:vcu118:part0:2.3 available at /home/fnavarro/.Xilinx/Vivado/2019.2/xhub/board_store/XilinxBoardStore/Vivado/2019.2/boards/Xilinx/vcu118/2.3/2.3/board.xml as part xcvu9p-flga2104-2l-e specified in board_part file is either invalid or not available
WARNING: [Board 49-26] cannot add Board Part xilinx.com:vcu128:part0:1.0 available at /home/fnavarro/.Xilinx/Vivado/2019.2/xhub/board_store/XilinxBoardStore/Vivado/2019.2/boards/Xilinx/vcu128/production/1.0/1.0/board.xml as part xcvu37p-fsvh2892-2l-e specified in board_part file is either invalid or not available
WARNING: [Board 49-26] cannot add Board Part xilinx.com:vcu128_es:part0:1.0 available at /home/fnavarro/.Xilinx/Vivado/2019.2/xhub/board_store/XilinxBoardStore/Vivado/2019.2/boards/Xilinx/vcu128/es/1.0/1.0/board.xml as part xcvu37p-fsvh2892-2l-e-es1 specified in board_part file is either invalid or not available
WARNING: [Board 49-26] cannot add Board Part xilinx.com:vcu128_es:part0:1.1 available at /home/fnavarro/.Xilinx/Vivado/2019.2/xhub/board_store/XilinxBoardStore/Vivado/2019.2/boards/Xilinx/vcu128/es/1.1/1.1/board.xml as part xcvu37p-fsvh2892-2l-e-es1 specified in board_part file is either invalid or not available
WARNING: [Board 49-26] cannot add Board Part xilinx.com:vcu129:part0:1.0 available at /home/fnavarro/.Xilinx/Vivado/2019.2/xhub/board_store/XilinxBoardStore/Vivado/2019.2/boards/Xilinx/vcu129/production/1.0/1.0/board.xml as part xcvu29p-fsga2577-2l-e specified in board_part file is either invalid or not available
WARNING: [Board 49-26] cannot add Board Part xilinx.com:vcu129_es:part0:1.0 available at /home/fnavarro/.Xilinx/Vivado/2019.2/xhub/board_store/XilinxBoardStore/Vivado/2019.2/boards/Xilinx/vcu129/es/1.0/1.0/board.xml as part xcvu29p-fsga2577-2l-e-es1 specified in board_part file is either invalid or not available
WARNING: [Board 49-26] cannot add Board Part xilinx.com:vcu1525:part0:1.3 available at /home/fnavarro/.Xilinx/Vivado/2019.2/xhub/board_store/XilinxBoardStore/Vivado/2019.2/boards/Xilinx/vcu1525/1.3/1.3/board.xml as part xcvu9p-fsgd2104-2l-e specified in board_part file is either invalid or not available
WARNING: [Board 49-26] cannot add Board Part xilinx.com:zc706:part0:1.4 available at /home/fnavarro/.Xilinx/Vivado/2019.2/xhub/board_store/XilinxBoardStore/Vivado/2019.2/boards/Xilinx/zc706/1.4/1.4/board.xml as part xc7z045ffg900-2 specified in board_part file is either invalid or not available
WARNING: [Board 49-26] cannot add Board Part xilinx.com:zcu102:part0:3.3 available at /home/fnavarro/.Xilinx/Vivado/2019.2/xhub/board_store/XilinxBoardStore/Vivado/2019.2/boards/Xilinx/zcu102/3.3/3.3/board.xml as part xczu9eg-ffvb1156-2-e specified in board_part file is either invalid or not available
WARNING: [Board 49-26] cannot add Board Part xilinx.com:zcu111:part0:1.2 available at /home/fnavarro/.Xilinx/Vivado/2019.2/xhub/board_store/XilinxBoardStore/Vivado/2019.2/boards/Xilinx/zcu111/1.2/1.2/board.xml as part xczu28dr-ffvg1517-2-e specified in board_part file is either invalid or not available
WARNING: [Board 49-26] cannot add Board Part xilinx.com:zcu1275:part0:1.0 available at /home/fnavarro/.Xilinx/Vivado/2019.2/xhub/board_store/XilinxBoardStore/Vivado/2019.2/boards/Xilinx/zcu1275/1.0/1.0/board.xml as part xczu29dr-ffvf1760-2-e specified in board_part file is either invalid or not available
WARNING: [Board 49-26] cannot add Board Part xilinx.com:zcu1285:part0:1.0 available at /home/fnavarro/.Xilinx/Vivado/2019.2/xhub/board_store/XilinxBoardStore/Vivado/2019.2/boards/Xilinx/zcu1285/1.0/1.0/board.xml as part xczu39dr-ffvf1760-2-i specified in board_part file is either invalid or not available
WARNING: [Board 49-26] cannot add Board Part xilinx.com:zcu216_es:part0:1.0 available at /home/fnavarro/.Xilinx/Vivado/2019.2/xhub/board_store/XilinxBoardStore/Vivado/2019.2/boards/Xilinx/zcu216/1.0/1.0/board.xml as part xczu49dr-ffvf1760-2-e-es1 specified in board_part file is either invalid or not available
WARNING: [Board 49-26] cannot add Board Part digilentinc.com:genesys2:part0:1.1 available at /home/fnavarro/.Xilinx/Vivado/2019.2/xhub/board_store/XilinxBoardStore/Vivado/2019.2/boards/Digilent/genesys2/H/1.1/board.xml as part xc7k325tffg900-2 specified in board_part file is either invalid or not available
WARNING: [Board 49-26] cannot add Board Part digilentinc.com:sword:part0:1.0 available at /home/fnavarro/.Xilinx/Vivado/2019.2/xhub/board_store/XilinxBoardStore/Vivado/2019.2/boards/Digilent/sword/C.0/1.0/board.xml as part xc7k325tffg900-2 specified in board_part file is either invalid or not available
WARNING: [Board 49-26] cannot add Board Part trenz.biz:te0808_15eg_1e:part0:3.0 available at /home/fnavarro/.Xilinx/Vivado/2019.2/xhub/board_store/XilinxBoardStore/Vivado/2019.2/boards/Trenz_Electronic/TE0808_15EG_1E/3.0/3.0/board.xml as part xczu15eg-ffvc900-1-e specified in board_part file is either invalid or not available
WARNING: [Board 49-26] cannot add Board Part trenz.biz:te0808_15eg_1e_tebf0808:part0:4.0 available at /home/fnavarro/.Xilinx/Vivado/2019.2/xhub/board_store/XilinxBoardStore/Vivado/2019.2/boards/Trenz_Electronic/TE0808_15EG_1E/4.0/4.0/board.xml as part xczu15eg-ffvc900-1-e specified in board_part file is either invalid or not available
WARNING: [Board 49-26] cannot add Board Part trenz.biz:te0808_6eg_1e:part0:3.0 available at /home/fnavarro/.Xilinx/Vivado/2019.2/xhub/board_store/XilinxBoardStore/Vivado/2019.2/boards/Trenz_Electronic/TE0808_6EG_1E/3.0/3.0/board.xml as part xczu6eg-ffvc900-1-e specified in board_part file is either invalid or not available
WARNING: [Board 49-26] cannot add Board Part trenz.biz:te0808_6eg_1e_tebf0808:part0:4.0 available at /home/fnavarro/.Xilinx/Vivado/2019.2/xhub/board_store/XilinxBoardStore/Vivado/2019.2/boards/Trenz_Electronic/TE0808_6EG_1E/4.0/4.0/board.xml as part xczu6eg-ffvc900-1-e specified in board_part file is either invalid or not available
WARNING: [Board 49-26] cannot add Board Part trenz.biz:te0808_9eg_1e:part0:1.0 available at /home/fnavarro/.Xilinx/Vivado/2019.2/xhub/board_store/XilinxBoardStore/Vivado/2019.2/boards/Trenz_Electronic/TE0808_9EG_1E/1.0/1.0/board.xml as part xczu9eg-ffvc900-1-e specified in board_part file is either invalid or not available
WARNING: [Board 49-26] cannot add Board Part trenz.biz:te0808_9eg_1e:part0:3.0 available at /home/fnavarro/.Xilinx/Vivado/2019.2/xhub/board_store/XilinxBoardStore/Vivado/2019.2/boards/Trenz_Electronic/TE0808_9EG_1E/3.0/3.0/board.xml as part xczu9eg-ffvc900-1-e specified in board_part file is either invalid or not available
WARNING: [Board 49-26] cannot add Board Part trenz.biz:te0808_9eg_1e_tebf0808:part0:2.0 available at /home/fnavarro/.Xilinx/Vivado/2019.2/xhub/board_store/XilinxBoardStore/Vivado/2019.2/boards/Trenz_Electronic/TE0808_9EG_1E/2.0/2.0/board.xml as part xczu9eg-ffvc900-1-e specified in board_part file is either invalid or not available
WARNING: [Board 49-26] cannot add Board Part trenz.biz:te0808_9eg_1e_tebf0808:part0:4.0 available at /home/fnavarro/.Xilinx/Vivado/2019.2/xhub/board_store/XilinxBoardStore/Vivado/2019.2/boards/Trenz_Electronic/TE0808_9EG_1E/4.0/4.0/board.xml as part xczu9eg-ffvc900-1-e specified in board_part file is either invalid or not available
WARNING: [Board 49-26] cannot add Board Part trenz.biz:te0808_9eg_2i:part0:3.0 available at /home/fnavarro/.Xilinx/Vivado/2019.2/xhub/board_store/XilinxBoardStore/Vivado/2019.2/boards/Trenz_Electronic/TE0808_9EG_2I/3.0/3.0/board.xml as part xczu9eg-ffvc900-2-i specified in board_part file is either invalid or not available
WARNING: [Board 49-26] cannot add Board Part trenz.biz:te0808_9eg_2i_tebf0808:part0:4.0 available at /home/fnavarro/.Xilinx/Vivado/2019.2/xhub/board_store/XilinxBoardStore/Vivado/2019.2/boards/Trenz_Electronic/TE0808_9EG_2I/4.0/4.0/board.xml as part xczu9eg-ffvc900-2-i specified in board_part file is either invalid or not available
WARNING: [Board 49-26] cannot add Board Part trenz.biz:teb0911_9eg_1e:part0:1.0 available at /home/fnavarro/.Xilinx/Vivado/2019.2/xhub/board_store/XilinxBoardStore/Vivado/2019.2/boards/Trenz_Electronic/TEB0911_9EG_1E/1.0/1.0/board.xml as part xczu9eg-ffvb1156-1-e specified in board_part file is either invalid or not available
WARNING: [Board 49-26] cannot add Board Part trenz.biz:tec0850_15eg_1e:part0:1.0 available at /home/fnavarro/.Xilinx/Vivado/2019.2/xhub/board_store/XilinxBoardStore/Vivado/2019.2/boards/Trenz_Electronic/TEC0850_15EG_1E/1.0/1.0/board.xml as part xczu15eg-ffvb1156-1-e specified in board_part file is either invalid or not available
WARNING: [Board 49-26] cannot add Board Part xilinx.com:au280_es1:part0:1.0 available at /home/fnavarro/.Xilinx/Vivado/2019.2/xhub/board_store/XilinxBoardStore/Vivado/2019.2/boards/Xilinx/au280/es1/1.0/1.0/board.xml as part xcu280-fsvh2892-2l-e-es1 specified in board_part file is either invalid or not available
WARNING: [Board 49-26] cannot add Board Part xilinx.com:au280_es1:part0:1.1 available at /home/fnavarro/.Xilinx/Vivado/2019.2/xhub/board_store/XilinxBoardStore/Vivado/2019.2/boards/Xilinx/au280/es1/1.1/1.1/board.xml as part xcu280-fsvh2892-2l-e-es1 specified in board_part file is either invalid or not available
WARNING: [Board 49-26] cannot add Board Part xilinx.com:kc705:part0:1.6 available at /home/fnavarro/.Xilinx/Vivado/2019.2/xhub/board_store/XilinxBoardStore/Vivado/2019.2/boards/Xilinx/kc705/1.6/1.6/board.xml as part xc7k325tffg900-2 specified in board_part file is either invalid or not available
WARNING: [Board 49-26] cannot add Board Part xilinx.com:kcu105:part0:1.6 available at /home/fnavarro/.Xilinx/Vivado/2019.2/xhub/board_store/XilinxBoardStore/Vivado/2019.2/boards/Xilinx/kcu105/1.6/1.6/board.xml as part xcku040-ffva1156-2-e specified in board_part file is either invalid or not available
WARNING: [Board 49-26] cannot add Board Part xilinx.com:kcu1500:part0:1.2 available at /home/fnavarro/.Xilinx/Vivado/2019.2/xhub/board_store/XilinxBoardStore/Vivado/2019.2/boards/Xilinx/kcu1500/1.2/1.2/board.xml as part xcku115-flvb2104-2-e specified in board_part file is either invalid or not available
WARNING: [Board 49-26] cannot add Board Part xilinx.com:vc707:part0:1.4 available at /home/fnavarro/.Xilinx/Vivado/2019.2/xhub/board_store/XilinxBoardStore/Vivado/2019.2/boards/Xilinx/vc707/1.4/1.4/board.xml as part xc7vx485tffg1761-2 specified in board_part file is either invalid or not available
WARNING: [Board 49-26] cannot add Board Part xilinx.com:vc709:part0:1.8 available at /home/fnavarro/.Xilinx/Vivado/2019.2/xhub/board_store/XilinxBoardStore/Vivado/2019.2/boards/Xilinx/vc709/1.8/1.8/board.xml as part xc7vx690tffg1761-2 specified in board_part file is either invalid or not available
WARNING: [Board 49-26] cannot add Board Part xilinx.com:vcu108:part0:1.6 available at /home/fnavarro/.Xilinx/Vivado/2019.2/xhub/board_store/XilinxBoardStore/Vivado/2019.2/boards/Xilinx/vcu108/1.6/1.6/board.xml as part xcvu095-ffva2104-2-e specified in board_part file is either invalid or not available
WARNING: [Board 49-26] cannot add Board Part xilinx.com:vcu110:part0:1.4 available at /home/fnavarro/.Xilinx/Vivado/2019.2/xhub/board_store/XilinxBoardStore/Vivado/2019.2/boards/Xilinx/vcu110/1.4/1.4/board.xml as part xcvu190-flgc2104-2-e specified in board_part file is either invalid or not available
WARNING: [Board 49-26] cannot add Board Part xilinx.com:vcu118:part0:2.0 available at /home/fnavarro/.Xilinx/Vivado/2019.2/xhub/board_store/XilinxBoardStore/Vivado/2019.2/boards/Xilinx/vcu118/2.0/2.0/board.xml as part xcvu9p-flga2104-2l-e specified in board_part file is either invalid or not available
WARNING: [Board 49-26] cannot add Board Part xilinx.com:vcu118:part0:2.3 available at /home/fnavarro/.Xilinx/Vivado/2019.2/xhub/board_store/XilinxBoardStore/Vivado/2019.2/boards/Xilinx/vcu118/2.3/2.3/board.xml as part xcvu9p-flga2104-2l-e specified in board_part file is either invalid or not available
WARNING: [Board 49-26] cannot add Board Part xilinx.com:vcu128:part0:1.0 available at /home/fnavarro/.Xilinx/Vivado/2019.2/xhub/board_store/XilinxBoardStore/Vivado/2019.2/boards/Xilinx/vcu128/production/1.0/1.0/board.xml as part xcvu37p-fsvh2892-2l-e specified in board_part file is either invalid or not available
INFO: [Common 17-14] Message 'Board 49-26' appears 100 times and further instances of the messages will be disabled. Use the Tcl command set_msg_config to change the current settings.
open_project {/run/media/fnavarro/Datos/fnavarro/6to/Tecnicas Digitales IV/Practicos/PE_1/PE_1.xpr}
Scanning sources...
Finished scanning sources
INFO: [IP_Flow 19-234] Refreshing IP repositories
INFO: [IP_Flow 19-1704] No user IP repositories specified
INFO: [IP_Flow 19-2313] Loaded Vivado IP repository '/opt/Vivado/2019.2/data/ip'.
update_compile_order -fileset sources_1
exit
INFO: [Common 17-206] Exiting Vivado at Tue Apr  7 17:14:05 2020...
